
*** Running vivado
    with args -log mb_usb_dlmb_bram_if_cntlr_0.vds -m64 -product Vivado -mode batch -messageDb vivado.pb -notrace -source mb_usb_dlmb_bram_if_cntlr_0.tcl



****** Vivado v2022.2 (64-bit)
  **** SW Build 3671981 on Fri Oct 14 05:00:03 MDT 2022
  **** IP Build 3669848 on Fri Oct 14 08:30:02 MDT 2022
    ** Copyright 1986-2022 Xilinx, Inc. All Rights Reserved.

source mb_usb_dlmb_bram_if_cntlr_0.tcl -notrace
create_project: Time (s): cpu = 00:00:09 ; elapsed = 00:00:09 . Memory (MB): peak = 372.504 ; gain = 48.105
INFO: [IP_Flow 19-234] Refreshing IP repositories
INFO: [IP_Flow 19-1700] Loaded user IP repository 'c:/ECE_385/Lab_6/Lab_6.2/RD_hdmi_ip2020'.
INFO: [IP_Flow 19-2313] Loaded Vivado IP repository 'C:/Xilinx/Vivado/2022.2/data/ip'.
INFO: [IP_Flow 19-6924] IPCACHE: Running cache check for IP inst: mb_usb_dlmb_bram_if_cntlr_0
INFO: [IP_Flow 19-6922] IPCACHE: Exporting cached entry 707ce32141e7b4be to dir: C:/ECE_385/Lab_6/Lab_6.2/lab_6.2_sid/lab_6.2_sid.runs/mb_usb_dlmb_bram_if_cntlr_0_synth_1
INFO: [IP_Flow 19-6928] IPCACHE: copied cached file c:/ECE_385/Lab_6/Lab_6.2/lab_6.2_sid/lab_6.2_sid.cache/ip/2022.2/7/0/707ce32141e7b4be/mb_usb_dlmb_bram_if_cntlr_0.dcp to C:/ECE_385/Lab_6/Lab_6.2/lab_6.2_sid/lab_6.2_sid.runs/mb_usb_dlmb_bram_if_cntlr_0_synth_1/mb_usb_dlmb_bram_if_cntlr_0.dcp.
INFO: [IP_Flow 19-6928] IPCACHE: copied cached file c:/ECE_385/Lab_6/Lab_6.2/lab_6.2_sid/lab_6.2_sid.cache/ip/2022.2/7/0/707ce32141e7b4be/mb_usb_dlmb_bram_if_cntlr_0_sim_netlist.v to C:/ECE_385/Lab_6/Lab_6.2/lab_6.2_sid/lab_6.2_sid.runs/mb_usb_dlmb_bram_if_cntlr_0_synth_1/mb_usb_dlmb_bram_if_cntlr_0_sim_netlist.v.
INFO: [IP_Flow 19-6928] IPCACHE: copied cached file c:/ECE_385/Lab_6/Lab_6.2/lab_6.2_sid/lab_6.2_sid.cache/ip/2022.2/7/0/707ce32141e7b4be/mb_usb_dlmb_bram_if_cntlr_0_sim_netlist.vhdl to C:/ECE_385/Lab_6/Lab_6.2/lab_6.2_sid/lab_6.2_sid.runs/mb_usb_dlmb_bram_if_cntlr_0_synth_1/mb_usb_dlmb_bram_if_cntlr_0_sim_netlist.vhdl.
INFO: [IP_Flow 19-6928] IPCACHE: copied cached file c:/ECE_385/Lab_6/Lab_6.2/lab_6.2_sid/lab_6.2_sid.cache/ip/2022.2/7/0/707ce32141e7b4be/mb_usb_dlmb_bram_if_cntlr_0_stub.v to C:/ECE_385/Lab_6/Lab_6.2/lab_6.2_sid/lab_6.2_sid.runs/mb_usb_dlmb_bram_if_cntlr_0_synth_1/mb_usb_dlmb_bram_if_cntlr_0_stub.v.
INFO: [IP_Flow 19-6928] IPCACHE: copied cached file c:/ECE_385/Lab_6/Lab_6.2/lab_6.2_sid/lab_6.2_sid.cache/ip/2022.2/7/0/707ce32141e7b4be/mb_usb_dlmb_bram_if_cntlr_0_stub.vhdl to C:/ECE_385/Lab_6/Lab_6.2/lab_6.2_sid/lab_6.2_sid.runs/mb_usb_dlmb_bram_if_cntlr_0_synth_1/mb_usb_dlmb_bram_if_cntlr_0_stub.vhdl.
INFO: [IP_Flow 19-4838] Using cached IP synthesis design for IP mb_usb_dlmb_bram_if_cntlr_0, cache-ID = 707ce32141e7b4be.
INFO: [Common 17-206] Exiting Vivado at Thu Mar 27 18:28:07 2025...
