INFO: [VRFC 10-2263] Analyzing Verilog file "C:/Users/sidra/Documents/GitHub/Poker/poker_final/poker_final.sim/sim_1/synth/func/xsim/poker_hand_tb_func_synth.v" into library xil_defaultlib
INFO: [VRFC 10-311] analyzing module button_display
INFO: [VRFC 10-311] analyzing module card_deck
INFO: [VRFC 10-311] analyzing module card_text_display
INFO: [VRFC 10-311] analyzing module clk_wiz_0
INFO: [VRFC 10-311] analyzing module clk_wiz_0_clk_wiz
INFO: [VRFC 10-311] analyzing module game_fsm
INFO: [VRFC 10-311] analyzing module game_screen
INFO: [VRFC 10-311] analyzing module hand_comparator
INFO: [VRFC 10-311] analyzing module hand_eval_5card
INFO: [VRFC 10-311] analyzing module hand_eval_5card_15
INFO: [VRFC 10-311] analyzing module hdmi_tx_0
INFO: [VRFC 10-311] analyzing module hdmi_tx_0_encode
INFO: [VRFC 10-311] analyzing module hdmi_tx_0_encode__parameterized0
INFO: [VRFC 10-311] analyzing module hdmi_tx_0_encode__parameterized1
INFO: [VRFC 10-311] analyzing module hdmi_tx_0_hdmi_tx_v1_0
INFO: [VRFC 10-311] analyzing module hdmi_tx_0_serdes_10_to_1
INFO: [VRFC 10-311] analyzing module hdmi_tx_0_serdes_10_to_1_0
INFO: [VRFC 10-311] analyzing module hdmi_tx_0_serdes_10_to_1_1
INFO: [VRFC 10-311] analyzing module hdmi_tx_0_serdes_10_to_1_2
INFO: [VRFC 10-311] analyzing module hdmi_tx_0_srldelay
INFO: [VRFC 10-311] analyzing module money_display
INFO: [VRFC 10-311] analyzing module player
INFO: [VRFC 10-311] analyzing module player_14
INFO: [VRFC 10-311] analyzing module poker_hand_fsm
INFO: [VRFC 10-311] analyzing module pseudo_rand_lfsr
INFO: [VRFC 10-311] analyzing module start_screen
INFO: [VRFC 10-311] analyzing module sync_debounce
INFO: [VRFC 10-311] analyzing module sync_debounce_0
INFO: [VRFC 10-311] analyzing module sync_debounce_1
INFO: [VRFC 10-311] analyzing module sync_debounce_2
INFO: [VRFC 10-311] analyzing module sync_flop
INFO: [VRFC 10-311] analyzing module sync_flop_10
INFO: [VRFC 10-311] analyzing module sync_flop_11
INFO: [VRFC 10-311] analyzing module sync_flop_12
INFO: [VRFC 10-311] analyzing module sync_flop_13
INFO: [VRFC 10-311] analyzing module sync_flop_3
INFO: [VRFC 10-311] analyzing module sync_flop_4
INFO: [VRFC 10-311] analyzing module sync_flop_5
INFO: [VRFC 10-311] analyzing module sync_flop_6
INFO: [VRFC 10-311] analyzing module sync_flop_7
INFO: [VRFC 10-311] analyzing module sync_flop_8
INFO: [VRFC 10-311] analyzing module sync_flop_9
INFO: [VRFC 10-311] analyzing module top
INFO: [VRFC 10-311] analyzing module top_screen
INFO: [VRFC 10-311] analyzing module vga_controller
INFO: [VRFC 10-311] analyzing module glbl
INFO: [VRFC 10-2263] Analyzing SystemVerilog file "C:/Users/sidra/Documents/GitHub/Poker/poker_final/poker_final.srcs/sim_1/imports/sim/poker_hand_tb.sv" into library xil_defaultlib
INFO: [VRFC 10-311] analyzing module poker_hand_tb
