12:15:34 DEBUG : Logs will be stored at 'C:/Users/sidra/Documents/GitHub/ECE_385/Lab_6/Lab_6.1/sid/sid_sdk/IDE.log'.
12:15:36 INFO  : Launching XSCT server: xsct.bat -n  -interactive C:\Users\sidra\Documents\GitHub\ECE_385\Lab_6\Lab_6.1\sid\sid_sdk\temp_xsdb_launch_script.tcl
12:15:36 INFO  : Platform repository initialization has completed.
12:15:36 INFO  : Registering command handlers for Vitis TCF services
12:15:39 INFO  : XSCT server has started successfully.
12:15:40 INFO  : plnx-install-location is set to ''
12:15:40 INFO  : Successfully done setting XSCT server connection channel  
12:15:40 INFO  : Successfully done query RDI_DATADIR 
12:15:40 INFO  : Successfully done setting workspace for the tool. 
12:16:07 INFO  : Result from executing command 'getProjects': mb_intro_top
12:16:07 INFO  : Result from executing command 'getPlatforms': 
12:16:07 WARN  : An unexpected exception occurred in the module 'platform project logging'
12:16:07 INFO  : Platform 'mb_intro_top' is added to custom repositories.
12:16:09 INFO  : Platform 'mb_intro_top' is added to custom repositories.
12:16:25 INFO  : Result from executing command 'getProjects': mb_intro_top
12:16:25 INFO  : Result from executing command 'getPlatforms': mb_intro_top|C:/Users/sidra/Documents/GitHub/ECE_385/Lab_6/Lab_6.1/sid/sid_sdk/mb_intro_top/export/mb_intro_top/mb_intro_top.xpfm
12:16:25 INFO  : Checking for BSP changes to sync application flags for project 'mb_blink'...
12:17:00 INFO  : Connected to target on host '127.0.0.1' and port '3121'.
12:17:00 INFO  : Jtag cable 'RealDigital Boo 8874292303C2A' is selected.
12:17:00 INFO  : 'jtag frequency' command is executed.
12:17:00 INFO  : 'targets -set -filter {jtag_cable_name =~ "RealDigital Boo 8874292303C2A" && level==0 && jtag_device_ctx=="jsn1-0362f093-0"}' command is executed.
12:17:02 INFO  : Device configured successfully with "C:/Users/sidra/Documents/GitHub/ECE_385/Lab_6/Lab_6.1/sid/sid_sdk/mb_blink/_ide/bitstream/mb_intro_top.bit"
12:17:02 INFO  : Context for processor 'microblaze_0' is selected.
12:17:02 INFO  : Hardware design and registers information is loaded from 'C:/Users/sidra/Documents/GitHub/ECE_385/Lab_6/Lab_6.1/sid/sid_sdk/mb_intro_top/export/mb_intro_top/hw/mb_intro_top.xsa'.
12:17:02 INFO  : 'configparams mdm-detect-bscan-mask 2' command is executed.
12:17:02 INFO  : Context for processor 'microblaze_0' is selected.
12:17:02 INFO  : System reset is completed.
12:17:05 INFO  : 'after 3000' command is executed.
12:17:05 INFO  : Context for processor 'microblaze_0' is selected.
12:17:05 INFO  : The application 'C:/Users/sidra/Documents/GitHub/ECE_385/Lab_6/Lab_6.1/sid/sid_sdk/mb_blink/Debug/mb_blink.elf' is downloaded to processor 'microblaze_0'.
12:17:05 INFO  : ----------------XSDB Script----------------
connect -url tcp:127.0.0.1:3121
targets -set -filter {jtag_cable_name =~ "RealDigital Boo 8874292303C2A" && level==0 && jtag_device_ctx=="jsn1-0362f093-0"}
fpga -file C:/Users/sidra/Documents/GitHub/ECE_385/Lab_6/Lab_6.1/sid/sid_sdk/mb_blink/_ide/bitstream/mb_intro_top.bit
targets -set -nocase -filter {name =~ "*microblaze*#0" && bscan=="USER2" }
loadhw -hw C:/Users/sidra/Documents/GitHub/ECE_385/Lab_6/Lab_6.1/sid/sid_sdk/mb_intro_top/export/mb_intro_top/hw/mb_intro_top.xsa -regs
configparams mdm-detect-bscan-mask 2
targets -set -nocase -filter {name =~ "*microblaze*#0" && bscan=="USER2" }
rst -system
after 3000
targets -set -nocase -filter {name =~ "*microblaze*#0" && bscan=="USER2" }
dow C:/Users/sidra/Documents/GitHub/ECE_385/Lab_6/Lab_6.1/sid/sid_sdk/mb_blink/Debug/mb_blink.elf
----------------End of Script----------------

12:17:05 INFO  : Context for processor 'microblaze_0' is selected.
12:17:05 INFO  : 'con' command is executed.
12:17:05 INFO  : ----------------XSDB Script (After Launch)----------------
targets -set -nocase -filter {name =~ "*microblaze*#0" && bscan=="USER2" }
con
----------------End of Script----------------

12:17:05 INFO  : Launch script is exported to file 'C:\Users\sidra\Documents\GitHub\ECE_385\Lab_6\Lab_6.1\sid\sid_sdk\mb_blink_system\_ide\scripts\debugger_mb_blink-default.tcl'
12:21:45 INFO  : Checking for BSP changes to sync application flags for project 'mb_blink'...
12:21:50 INFO  : Disconnected from the channel tcfchan#2.
12:21:51 INFO  : Connected to target on host '127.0.0.1' and port '3121'.
12:22:00 INFO  : ----------------XSDB Script----------------
connect -url tcp:127.0.0.1:3121
----------------End of Script----------------

12:22:00 ERROR : Could not find FPGA device on the board for connection 'Local'.


Troubleshooting hints:
1. Check whether board is connected to system properly.
2. In case of zynq board, check whether Digilent/Xilinx cable switch settings are correct.
3. If you are using Xilinx Platform Cable USB, ensure that status LED is green.
12:22:04 INFO  : Connected to target on host '127.0.0.1' and port '3121'.
12:22:04 INFO  : Jtag cable 'RealDigital Boo 8874292303C2A' is selected.
12:22:04 INFO  : 'jtag frequency' command is executed.
12:22:04 INFO  : 'targets -set -filter {jtag_cable_name =~ "RealDigital Boo 8874292303C2A" && level==0 && jtag_device_ctx=="jsn1-0362f093-0"}' command is executed.
12:22:06 INFO  : Device configured successfully with "C:/Users/sidra/Documents/GitHub/ECE_385/Lab_6/Lab_6.1/sid/sid_sdk/mb_blink/_ide/bitstream/mb_intro_top.bit"
12:22:06 INFO  : Context for processor 'microblaze_0' is selected.
12:22:06 INFO  : Hardware design and registers information is loaded from 'C:/Users/sidra/Documents/GitHub/ECE_385/Lab_6/Lab_6.1/sid/sid_sdk/mb_intro_top/export/mb_intro_top/hw/mb_intro_top.xsa'.
12:22:06 INFO  : 'configparams mdm-detect-bscan-mask 2' command is executed.
12:22:06 INFO  : Context for processor 'microblaze_0' is selected.
12:22:06 INFO  : System reset is completed.
12:22:09 INFO  : 'after 3000' command is executed.
12:22:09 INFO  : Context for processor 'microblaze_0' is selected.
12:22:09 INFO  : The application 'C:/Users/sidra/Documents/GitHub/ECE_385/Lab_6/Lab_6.1/sid/sid_sdk/mb_blink/Debug/mb_blink.elf' is downloaded to processor 'microblaze_0'.
12:22:09 INFO  : ----------------XSDB Script----------------
connect -url tcp:127.0.0.1:3121
targets -set -filter {jtag_cable_name =~ "RealDigital Boo 8874292303C2A" && level==0 && jtag_device_ctx=="jsn1-0362f093-0"}
fpga -file C:/Users/sidra/Documents/GitHub/ECE_385/Lab_6/Lab_6.1/sid/sid_sdk/mb_blink/_ide/bitstream/mb_intro_top.bit
targets -set -nocase -filter {name =~ "*microblaze*#0" && bscan=="USER2" }
loadhw -hw C:/Users/sidra/Documents/GitHub/ECE_385/Lab_6/Lab_6.1/sid/sid_sdk/mb_intro_top/export/mb_intro_top/hw/mb_intro_top.xsa -regs
configparams mdm-detect-bscan-mask 2
targets -set -nocase -filter {name =~ "*microblaze*#0" && bscan=="USER2" }
rst -system
after 3000
targets -set -nocase -filter {name =~ "*microblaze*#0" && bscan=="USER2" }
dow C:/Users/sidra/Documents/GitHub/ECE_385/Lab_6/Lab_6.1/sid/sid_sdk/mb_blink/Debug/mb_blink.elf
----------------End of Script----------------

12:22:09 INFO  : Context for processor 'microblaze_0' is selected.
12:22:09 INFO  : 'con' command is executed.
12:22:09 INFO  : ----------------XSDB Script (After Launch)----------------
targets -set -nocase -filter {name =~ "*microblaze*#0" && bscan=="USER2" }
con
----------------End of Script----------------

12:22:09 INFO  : Launch script is exported to file 'C:\Users\sidra\Documents\GitHub\ECE_385\Lab_6\Lab_6.1\sid\sid_sdk\mb_blink_system\_ide\scripts\debugger_mb_blink-default.tcl'
12:23:41 INFO  : Checking for BSP changes to sync application flags for project 'mb_blink'...
12:23:48 INFO  : Disconnected from the channel tcfchan#3.
12:23:49 INFO  : Connected to target on host '127.0.0.1' and port '3121'.
12:23:58 INFO  : ----------------XSDB Script----------------
connect -url tcp:127.0.0.1:3121
----------------End of Script----------------

12:23:58 ERROR : Could not find FPGA device on the board for connection 'Local'.


Troubleshooting hints:
1. Check whether board is connected to system properly.
2. In case of zynq board, check whether Digilent/Xilinx cable switch settings are correct.
3. If you are using Xilinx Platform Cable USB, ensure that status LED is green.
12:24:00 INFO  : Connected to target on host '127.0.0.1' and port '3121'.
12:24:00 INFO  : Jtag cable 'RealDigital Boo 8874292303C2A' is selected.
12:24:00 INFO  : 'jtag frequency' command is executed.
12:24:01 INFO  : 'targets -set -filter {jtag_cable_name =~ "RealDigital Boo 8874292303C2A" && level==0 && jtag_device_ctx=="jsn1-0362f093-0"}' command is executed.
12:24:02 INFO  : Device configured successfully with "C:/Users/sidra/Documents/GitHub/ECE_385/Lab_6/Lab_6.1/sid/sid_sdk/mb_blink/_ide/bitstream/mb_intro_top.bit"
12:24:02 INFO  : Context for processor 'microblaze_0' is selected.
12:24:02 INFO  : Hardware design and registers information is loaded from 'C:/Users/sidra/Documents/GitHub/ECE_385/Lab_6/Lab_6.1/sid/sid_sdk/mb_intro_top/export/mb_intro_top/hw/mb_intro_top.xsa'.
12:24:02 INFO  : 'configparams mdm-detect-bscan-mask 2' command is executed.
12:24:02 INFO  : Context for processor 'microblaze_0' is selected.
12:24:02 INFO  : System reset is completed.
12:24:05 INFO  : 'after 3000' command is executed.
12:24:05 INFO  : Context for processor 'microblaze_0' is selected.
12:24:05 INFO  : The application 'C:/Users/sidra/Documents/GitHub/ECE_385/Lab_6/Lab_6.1/sid/sid_sdk/mb_blink/Debug/mb_blink.elf' is downloaded to processor 'microblaze_0'.
12:24:05 INFO  : ----------------XSDB Script----------------
connect -url tcp:127.0.0.1:3121
targets -set -filter {jtag_cable_name =~ "RealDigital Boo 8874292303C2A" && level==0 && jtag_device_ctx=="jsn1-0362f093-0"}
fpga -file C:/Users/sidra/Documents/GitHub/ECE_385/Lab_6/Lab_6.1/sid/sid_sdk/mb_blink/_ide/bitstream/mb_intro_top.bit
targets -set -nocase -filter {name =~ "*microblaze*#0" && bscan=="USER2" }
loadhw -hw C:/Users/sidra/Documents/GitHub/ECE_385/Lab_6/Lab_6.1/sid/sid_sdk/mb_intro_top/export/mb_intro_top/hw/mb_intro_top.xsa -regs
configparams mdm-detect-bscan-mask 2
targets -set -nocase -filter {name =~ "*microblaze*#0" && bscan=="USER2" }
rst -system
after 3000
targets -set -nocase -filter {name =~ "*microblaze*#0" && bscan=="USER2" }
dow C:/Users/sidra/Documents/GitHub/ECE_385/Lab_6/Lab_6.1/sid/sid_sdk/mb_blink/Debug/mb_blink.elf
----------------End of Script----------------

12:24:05 INFO  : Context for processor 'microblaze_0' is selected.
12:24:05 INFO  : 'con' command is executed.
12:24:05 INFO  : ----------------XSDB Script (After Launch)----------------
targets -set -nocase -filter {name =~ "*microblaze*#0" && bscan=="USER2" }
con
----------------End of Script----------------

12:24:05 INFO  : Launch script is exported to file 'C:\Users\sidra\Documents\GitHub\ECE_385\Lab_6\Lab_6.1\sid\sid_sdk\mb_blink_system\_ide\scripts\debugger_mb_blink-default.tcl'
12:25:11 INFO  : Checking for BSP changes to sync application flags for project 'mb_blink'...
12:25:19 INFO  : Disconnected from the channel tcfchan#4.
12:25:20 INFO  : Connected to target on host '127.0.0.1' and port '3121'.
12:25:20 INFO  : Jtag cable 'RealDigital Boo 8874292303C2A' is selected.
12:25:20 INFO  : 'jtag frequency' command is executed.
12:25:20 INFO  : 'targets -set -filter {jtag_cable_name =~ "RealDigital Boo 8874292303C2A" && level==0 && jtag_device_ctx=="jsn1-0362f093-0"}' command is executed.
12:25:21 INFO  : Device configured successfully with "C:/Users/sidra/Documents/GitHub/ECE_385/Lab_6/Lab_6.1/sid/sid_sdk/mb_blink/_ide/bitstream/mb_intro_top.bit"
12:25:21 INFO  : Context for processor 'microblaze_0' is selected.
12:25:21 INFO  : Hardware design and registers information is loaded from 'C:/Users/sidra/Documents/GitHub/ECE_385/Lab_6/Lab_6.1/sid/sid_sdk/mb_intro_top/export/mb_intro_top/hw/mb_intro_top.xsa'.
12:25:21 INFO  : 'configparams mdm-detect-bscan-mask 2' command is executed.
12:25:22 INFO  : Context for processor 'microblaze_0' is selected.
12:25:22 INFO  : System reset is completed.
12:25:25 INFO  : 'after 3000' command is executed.
12:25:25 INFO  : Context for processor 'microblaze_0' is selected.
12:25:25 INFO  : The application 'C:/Users/sidra/Documents/GitHub/ECE_385/Lab_6/Lab_6.1/sid/sid_sdk/mb_blink/Debug/mb_blink.elf' is downloaded to processor 'microblaze_0'.
12:25:25 INFO  : ----------------XSDB Script----------------
connect -url tcp:127.0.0.1:3121
targets -set -filter {jtag_cable_name =~ "RealDigital Boo 8874292303C2A" && level==0 && jtag_device_ctx=="jsn1-0362f093-0"}
fpga -file C:/Users/sidra/Documents/GitHub/ECE_385/Lab_6/Lab_6.1/sid/sid_sdk/mb_blink/_ide/bitstream/mb_intro_top.bit
targets -set -nocase -filter {name =~ "*microblaze*#0" && bscan=="USER2" }
loadhw -hw C:/Users/sidra/Documents/GitHub/ECE_385/Lab_6/Lab_6.1/sid/sid_sdk/mb_intro_top/export/mb_intro_top/hw/mb_intro_top.xsa -regs
configparams mdm-detect-bscan-mask 2
targets -set -nocase -filter {name =~ "*microblaze*#0" && bscan=="USER2" }
rst -system
after 3000
targets -set -nocase -filter {name =~ "*microblaze*#0" && bscan=="USER2" }
dow C:/Users/sidra/Documents/GitHub/ECE_385/Lab_6/Lab_6.1/sid/sid_sdk/mb_blink/Debug/mb_blink.elf
----------------End of Script----------------

12:25:25 INFO  : Context for processor 'microblaze_0' is selected.
12:25:25 INFO  : 'con' command is executed.
12:25:25 INFO  : ----------------XSDB Script (After Launch)----------------
targets -set -nocase -filter {name =~ "*microblaze*#0" && bscan=="USER2" }
con
----------------End of Script----------------

12:25:25 INFO  : Launch script is exported to file 'C:\Users\sidra\Documents\GitHub\ECE_385\Lab_6\Lab_6.1\sid\sid_sdk\mb_blink_system\_ide\scripts\debugger_mb_blink-default.tcl'
12:25:55 INFO  : Disconnected from the channel tcfchan#5.
12:25:56 INFO  : Connected to target on host '127.0.0.1' and port '3121'.
12:26:05 INFO  : ----------------XSDB Script----------------
connect -url tcp:127.0.0.1:3121
----------------End of Script----------------

12:26:05 ERROR : Could not find FPGA device on the board for connection 'Local'.


Troubleshooting hints:
1. Check whether board is connected to system properly.
2. In case of zynq board, check whether Digilent/Xilinx cable switch settings are correct.
3. If you are using Xilinx Platform Cable USB, ensure that status LED is green.
12:26:09 INFO  : Connected to target on host '127.0.0.1' and port '3121'.
12:26:09 INFO  : Jtag cable 'RealDigital Boo 8874292303C2A' is selected.
12:26:09 INFO  : 'jtag frequency' command is executed.
12:26:09 INFO  : 'targets -set -filter {jtag_cable_name =~ "RealDigital Boo 8874292303C2A" && level==0 && jtag_device_ctx=="jsn1-0362f093-0"}' command is executed.
12:26:10 INFO  : Device configured successfully with "C:/Users/sidra/Documents/GitHub/ECE_385/Lab_6/Lab_6.1/sid/sid_sdk/mb_blink/_ide/bitstream/mb_intro_top.bit"
12:26:11 INFO  : Context for processor 'microblaze_0' is selected.
12:26:11 INFO  : Hardware design and registers information is loaded from 'C:/Users/sidra/Documents/GitHub/ECE_385/Lab_6/Lab_6.1/sid/sid_sdk/mb_intro_top/export/mb_intro_top/hw/mb_intro_top.xsa'.
12:26:11 INFO  : 'configparams mdm-detect-bscan-mask 2' command is executed.
12:26:11 INFO  : Context for processor 'microblaze_0' is selected.
12:26:11 INFO  : System reset is completed.
12:26:14 INFO  : 'after 3000' command is executed.
12:26:14 INFO  : Context for processor 'microblaze_0' is selected.
12:26:14 INFO  : The application 'C:/Users/sidra/Documents/GitHub/ECE_385/Lab_6/Lab_6.1/sid/sid_sdk/mb_blink/Debug/mb_blink.elf' is downloaded to processor 'microblaze_0'.
12:26:14 INFO  : ----------------XSDB Script----------------
connect -url tcp:127.0.0.1:3121
targets -set -filter {jtag_cable_name =~ "RealDigital Boo 8874292303C2A" && level==0 && jtag_device_ctx=="jsn1-0362f093-0"}
fpga -file C:/Users/sidra/Documents/GitHub/ECE_385/Lab_6/Lab_6.1/sid/sid_sdk/mb_blink/_ide/bitstream/mb_intro_top.bit
targets -set -nocase -filter {name =~ "*microblaze*#0" && bscan=="USER2" }
loadhw -hw C:/Users/sidra/Documents/GitHub/ECE_385/Lab_6/Lab_6.1/sid/sid_sdk/mb_intro_top/export/mb_intro_top/hw/mb_intro_top.xsa -regs
configparams mdm-detect-bscan-mask 2
targets -set -nocase -filter {name =~ "*microblaze*#0" && bscan=="USER2" }
rst -system
after 3000
targets -set -nocase -filter {name =~ "*microblaze*#0" && bscan=="USER2" }
dow C:/Users/sidra/Documents/GitHub/ECE_385/Lab_6/Lab_6.1/sid/sid_sdk/mb_blink/Debug/mb_blink.elf
----------------End of Script----------------

12:26:14 INFO  : Context for processor 'microblaze_0' is selected.
12:26:14 INFO  : 'con' command is executed.
12:26:14 INFO  : ----------------XSDB Script (After Launch)----------------
targets -set -nocase -filter {name =~ "*microblaze*#0" && bscan=="USER2" }
con
----------------End of Script----------------

12:26:14 INFO  : Launch script is exported to file 'C:\Users\sidra\Documents\GitHub\ECE_385\Lab_6\Lab_6.1\sid\sid_sdk\mb_blink_system\_ide\scripts\debugger_mb_blink-default.tcl'
12:28:58 INFO  : Checking for BSP changes to sync application flags for project 'mb_blink'...
12:29:12 INFO  : Disconnected from the channel tcfchan#6.
12:29:13 INFO  : Connected to target on host '127.0.0.1' and port '3121'.
12:29:22 INFO  : ----------------XSDB Script----------------
connect -url tcp:127.0.0.1:3121
----------------End of Script----------------

12:29:22 ERROR : Could not find FPGA device on the board for connection 'Local'.


Troubleshooting hints:
1. Check whether board is connected to system properly.
2. In case of zynq board, check whether Digilent/Xilinx cable switch settings are correct.
3. If you are using Xilinx Platform Cable USB, ensure that status LED is green.
12:29:39 INFO  : Checking for BSP changes to sync application flags for project 'mb_blink'...
12:29:44 INFO  : Connected to target on host '127.0.0.1' and port '3121'.
12:29:44 INFO  : Jtag cable 'RealDigital Boo 8874292303C2A' is selected.
12:29:44 INFO  : 'jtag frequency' command is executed.
12:29:44 INFO  : 'targets -set -filter {jtag_cable_name =~ "RealDigital Boo 8874292303C2A" && level==0 && jtag_device_ctx=="jsn1-0362f093-0"}' command is executed.
12:29:45 INFO  : Device configured successfully with "C:/Users/sidra/Documents/GitHub/ECE_385/Lab_6/Lab_6.1/sid/sid_sdk/mb_blink/_ide/bitstream/mb_intro_top.bit"
12:29:45 INFO  : Context for processor 'microblaze_0' is selected.
12:29:45 INFO  : Hardware design and registers information is loaded from 'C:/Users/sidra/Documents/GitHub/ECE_385/Lab_6/Lab_6.1/sid/sid_sdk/mb_intro_top/export/mb_intro_top/hw/mb_intro_top.xsa'.
12:29:45 INFO  : 'configparams mdm-detect-bscan-mask 2' command is executed.
12:29:45 INFO  : Context for processor 'microblaze_0' is selected.
12:29:45 INFO  : System reset is completed.
12:29:48 INFO  : 'after 3000' command is executed.
12:29:48 INFO  : Context for processor 'microblaze_0' is selected.
12:29:48 INFO  : The application 'C:/Users/sidra/Documents/GitHub/ECE_385/Lab_6/Lab_6.1/sid/sid_sdk/mb_blink/Debug/mb_blink.elf' is downloaded to processor 'microblaze_0'.
12:29:48 INFO  : ----------------XSDB Script----------------
connect -url tcp:127.0.0.1:3121
targets -set -filter {jtag_cable_name =~ "RealDigital Boo 8874292303C2A" && level==0 && jtag_device_ctx=="jsn1-0362f093-0"}
fpga -file C:/Users/sidra/Documents/GitHub/ECE_385/Lab_6/Lab_6.1/sid/sid_sdk/mb_blink/_ide/bitstream/mb_intro_top.bit
targets -set -nocase -filter {name =~ "*microblaze*#0" && bscan=="USER2" }
loadhw -hw C:/Users/sidra/Documents/GitHub/ECE_385/Lab_6/Lab_6.1/sid/sid_sdk/mb_intro_top/export/mb_intro_top/hw/mb_intro_top.xsa -regs
configparams mdm-detect-bscan-mask 2
targets -set -nocase -filter {name =~ "*microblaze*#0" && bscan=="USER2" }
rst -system
after 3000
targets -set -nocase -filter {name =~ "*microblaze*#0" && bscan=="USER2" }
dow C:/Users/sidra/Documents/GitHub/ECE_385/Lab_6/Lab_6.1/sid/sid_sdk/mb_blink/Debug/mb_blink.elf
----------------End of Script----------------

12:29:49 INFO  : Context for processor 'microblaze_0' is selected.
12:29:49 INFO  : 'con' command is executed.
12:29:49 INFO  : ----------------XSDB Script (After Launch)----------------
targets -set -nocase -filter {name =~ "*microblaze*#0" && bscan=="USER2" }
con
----------------End of Script----------------

12:29:49 INFO  : Launch script is exported to file 'C:\Users\sidra\Documents\GitHub\ECE_385\Lab_6\Lab_6.1\sid\sid_sdk\mb_blink_system\_ide\scripts\debugger_mb_blink-default.tcl'
12:29:55 INFO  : Disconnected from the channel tcfchan#7.
12:29:56 INFO  : Connected to target on host '127.0.0.1' and port '3121'.
12:30:05 INFO  : ----------------XSDB Script----------------
connect -url tcp:127.0.0.1:3121
----------------End of Script----------------

12:30:05 ERROR : Could not find FPGA device on the board for connection 'Local'.


Troubleshooting hints:
1. Check whether board is connected to system properly.
2. In case of zynq board, check whether Digilent/Xilinx cable switch settings are correct.
3. If you are using Xilinx Platform Cable USB, ensure that status LED is green.
12:30:08 INFO  : Connected to target on host '127.0.0.1' and port '3121'.
12:30:09 INFO  : Jtag cable 'RealDigital Boo 8874292303C2A' is selected.
12:30:09 INFO  : 'jtag frequency' command is executed.
12:30:09 INFO  : 'targets -set -filter {jtag_cable_name =~ "RealDigital Boo 8874292303C2A" && level==0 && jtag_device_ctx=="jsn1-0362f093-0"}' command is executed.
12:30:10 INFO  : Device configured successfully with "C:/Users/sidra/Documents/GitHub/ECE_385/Lab_6/Lab_6.1/sid/sid_sdk/mb_blink/_ide/bitstream/mb_intro_top.bit"
12:30:10 INFO  : Context for processor 'microblaze_0' is selected.
12:30:10 INFO  : Hardware design and registers information is loaded from 'C:/Users/sidra/Documents/GitHub/ECE_385/Lab_6/Lab_6.1/sid/sid_sdk/mb_intro_top/export/mb_intro_top/hw/mb_intro_top.xsa'.
12:30:10 INFO  : 'configparams mdm-detect-bscan-mask 2' command is executed.
12:30:10 INFO  : Context for processor 'microblaze_0' is selected.
12:30:10 INFO  : System reset is completed.
12:30:13 INFO  : 'after 3000' command is executed.
12:30:13 INFO  : Context for processor 'microblaze_0' is selected.
12:30:13 INFO  : The application 'C:/Users/sidra/Documents/GitHub/ECE_385/Lab_6/Lab_6.1/sid/sid_sdk/mb_blink/Debug/mb_blink.elf' is downloaded to processor 'microblaze_0'.
12:30:13 INFO  : ----------------XSDB Script----------------
connect -url tcp:127.0.0.1:3121
targets -set -filter {jtag_cable_name =~ "RealDigital Boo 8874292303C2A" && level==0 && jtag_device_ctx=="jsn1-0362f093-0"}
fpga -file C:/Users/sidra/Documents/GitHub/ECE_385/Lab_6/Lab_6.1/sid/sid_sdk/mb_blink/_ide/bitstream/mb_intro_top.bit
targets -set -nocase -filter {name =~ "*microblaze*#0" && bscan=="USER2" }
loadhw -hw C:/Users/sidra/Documents/GitHub/ECE_385/Lab_6/Lab_6.1/sid/sid_sdk/mb_intro_top/export/mb_intro_top/hw/mb_intro_top.xsa -regs
configparams mdm-detect-bscan-mask 2
targets -set -nocase -filter {name =~ "*microblaze*#0" && bscan=="USER2" }
rst -system
after 3000
targets -set -nocase -filter {name =~ "*microblaze*#0" && bscan=="USER2" }
dow C:/Users/sidra/Documents/GitHub/ECE_385/Lab_6/Lab_6.1/sid/sid_sdk/mb_blink/Debug/mb_blink.elf
----------------End of Script----------------

12:30:13 INFO  : Context for processor 'microblaze_0' is selected.
12:30:13 INFO  : 'con' command is executed.
12:30:13 INFO  : ----------------XSDB Script (After Launch)----------------
targets -set -nocase -filter {name =~ "*microblaze*#0" && bscan=="USER2" }
con
----------------End of Script----------------

12:30:13 INFO  : Launch script is exported to file 'C:\Users\sidra\Documents\GitHub\ECE_385\Lab_6\Lab_6.1\sid\sid_sdk\mb_blink_system\_ide\scripts\debugger_mb_blink-default.tcl'
12:36:44 INFO  : Checking for BSP changes to sync application flags for project 'mb_blink'...
12:37:00 INFO  : Disconnected from the channel tcfchan#8.
12:37:01 INFO  : Connected to target on host '127.0.0.1' and port '3121'.
12:37:10 INFO  : ----------------XSDB Script----------------
connect -url tcp:127.0.0.1:3121
----------------End of Script----------------

12:37:10 ERROR : Could not find FPGA device on the board for connection 'Local'.


Troubleshooting hints:
1. Check whether board is connected to system properly.
2. In case of zynq board, check whether Digilent/Xilinx cable switch settings are correct.
3. If you are using Xilinx Platform Cable USB, ensure that status LED is green.
12:37:17 INFO  : Connected to target on host '127.0.0.1' and port '3121'.
12:37:17 INFO  : Jtag cable 'RealDigital Boo 8874292303C2A' is selected.
12:37:17 INFO  : 'jtag frequency' command is executed.
12:37:17 INFO  : 'targets -set -filter {jtag_cable_name =~ "RealDigital Boo 8874292303C2A" && level==0 && jtag_device_ctx=="jsn1-0362f093-0"}' command is executed.
12:37:19 INFO  : Device configured successfully with "C:/Users/sidra/Documents/GitHub/ECE_385/Lab_6/Lab_6.1/sid/sid_sdk/mb_blink/_ide/bitstream/mb_intro_top.bit"
12:37:19 INFO  : Context for processor 'microblaze_0' is selected.
12:37:19 INFO  : Hardware design and registers information is loaded from 'C:/Users/sidra/Documents/GitHub/ECE_385/Lab_6/Lab_6.1/sid/sid_sdk/mb_intro_top/export/mb_intro_top/hw/mb_intro_top.xsa'.
12:37:19 INFO  : 'configparams mdm-detect-bscan-mask 2' command is executed.
12:37:19 INFO  : Context for processor 'microblaze_0' is selected.
12:37:19 INFO  : System reset is completed.
12:37:22 INFO  : 'after 3000' command is executed.
12:37:22 INFO  : Context for processor 'microblaze_0' is selected.
12:37:22 INFO  : The application 'C:/Users/sidra/Documents/GitHub/ECE_385/Lab_6/Lab_6.1/sid/sid_sdk/mb_blink/Debug/mb_blink.elf' is downloaded to processor 'microblaze_0'.
12:37:22 INFO  : ----------------XSDB Script----------------
connect -url tcp:127.0.0.1:3121
targets -set -filter {jtag_cable_name =~ "RealDigital Boo 8874292303C2A" && level==0 && jtag_device_ctx=="jsn1-0362f093-0"}
fpga -file C:/Users/sidra/Documents/GitHub/ECE_385/Lab_6/Lab_6.1/sid/sid_sdk/mb_blink/_ide/bitstream/mb_intro_top.bit
targets -set -nocase -filter {name =~ "*microblaze*#0" && bscan=="USER2" }
loadhw -hw C:/Users/sidra/Documents/GitHub/ECE_385/Lab_6/Lab_6.1/sid/sid_sdk/mb_intro_top/export/mb_intro_top/hw/mb_intro_top.xsa -regs
configparams mdm-detect-bscan-mask 2
targets -set -nocase -filter {name =~ "*microblaze*#0" && bscan=="USER2" }
rst -system
after 3000
targets -set -nocase -filter {name =~ "*microblaze*#0" && bscan=="USER2" }
dow C:/Users/sidra/Documents/GitHub/ECE_385/Lab_6/Lab_6.1/sid/sid_sdk/mb_blink/Debug/mb_blink.elf
----------------End of Script----------------

12:37:22 INFO  : Context for processor 'microblaze_0' is selected.
12:37:22 INFO  : 'con' command is executed.
12:37:22 INFO  : ----------------XSDB Script (After Launch)----------------
targets -set -nocase -filter {name =~ "*microblaze*#0" && bscan=="USER2" }
con
----------------End of Script----------------

12:37:22 INFO  : Launch script is exported to file 'C:\Users\sidra\Documents\GitHub\ECE_385\Lab_6\Lab_6.1\sid\sid_sdk\mb_blink_system\_ide\scripts\debugger_mb_blink-default.tcl'
12:38:54 INFO  : Disconnected from the channel tcfchan#9.
12:38:56 INFO  : Connected to target on host '127.0.0.1' and port '3121'.
12:38:57 INFO  : Jtag cable 'RealDigital Boo 8874292303C2A' is selected.
12:38:57 INFO  : 'jtag frequency' command is executed.
12:39:00 ERROR : no targets found with "jtag_cable_name =~ "RealDigital Boo 8874292303C2A" && level==0 && jtag_device_ctx=="jsn1-0362f093-0"". available targets:
  1  xc7s50
     2  MicroBlaze Debug Module at USER2
        3  MicroBlaze #0 (Running)
12:39:00 ERROR : Exception occured while running Program Device.
java.lang.RuntimeException: no targets found with "jtag_cable_name =~ "RealDigital Boo 8874292303C2A" && level==0 && jtag_device_ctx=="jsn1-0362f093-0"". available targets:
  1  xc7s50
     2  MicroBlaze Debug Module at USER2
        3  MicroBlaze #0 (Running)
12:39:00 INFO  : ----------------XSDB Script----------------
connect -url tcp:127.0.0.1:3121
----------------End of Script----------------

12:39:00 ERROR : no targets found with "jtag_cable_name =~ "RealDigital Boo 8874292303C2A" && level==0 && jtag_device_ctx=="jsn1-0362f093-0"". available targets:
  1  xc7s50
     2  MicroBlaze Debug Module at USER2
        3  MicroBlaze #0 (Running)
12:39:12 INFO  : Connected to target on host '127.0.0.1' and port '3121'.
12:39:13 INFO  : Jtag cable 'RealDigital Boo 8874292303C2A' is selected.
12:39:13 INFO  : 'jtag frequency' command is executed.
12:39:16 ERROR : no targets found with "jtag_cable_name =~ "RealDigital Boo 8874292303C2A" && level==0 && jtag_device_ctx=="jsn1-0362f093-0"". available targets:
  1  xc7s50
     2  MicroBlaze Debug Module at USER2
        3  MicroBlaze #0 (Running)
12:39:16 ERROR : Exception occured while running Program Device.
java.lang.RuntimeException: no targets found with "jtag_cable_name =~ "RealDigital Boo 8874292303C2A" && level==0 && jtag_device_ctx=="jsn1-0362f093-0"". available targets:
  1  xc7s50
     2  MicroBlaze Debug Module at USER2
        3  MicroBlaze #0 (Running)
12:39:16 INFO  : ----------------XSDB Script----------------
connect -url tcp:127.0.0.1:3121
----------------End of Script----------------

12:39:16 ERROR : no targets found with "jtag_cable_name =~ "RealDigital Boo 8874292303C2A" && level==0 && jtag_device_ctx=="jsn1-0362f093-0"". available targets:
  1  xc7s50
     2  MicroBlaze Debug Module at USER2
        3  MicroBlaze #0 (Running)
12:39:41 INFO  : Connected to target on host '127.0.0.1' and port '3121'.
12:39:41 INFO  : Jtag cable 'RealDigital Boo 8874292303C2A' is selected.
12:39:41 INFO  : 'jtag frequency' command is executed.
12:39:44 ERROR : no targets found with "jtag_cable_name =~ "RealDigital Boo 8874292303C2A" && level==0 && jtag_device_ctx=="jsn1-0362f093-0"". available targets:
  1  xc7s50
     2  MicroBlaze Debug Module at USER2
        3  MicroBlaze #0 (Running)
12:39:44 ERROR : Exception occured while running Program Device.
java.lang.RuntimeException: no targets found with "jtag_cable_name =~ "RealDigital Boo 8874292303C2A" && level==0 && jtag_device_ctx=="jsn1-0362f093-0"". available targets:
  1  xc7s50
     2  MicroBlaze Debug Module at USER2
        3  MicroBlaze #0 (Running)
12:39:44 INFO  : ----------------XSDB Script----------------
connect -url tcp:127.0.0.1:3121
----------------End of Script----------------

12:39:44 ERROR : no targets found with "jtag_cable_name =~ "RealDigital Boo 8874292303C2A" && level==0 && jtag_device_ctx=="jsn1-0362f093-0"". available targets:
  1  xc7s50
     2  MicroBlaze Debug Module at USER2
        3  MicroBlaze #0 (Running)
12:40:04 INFO  : Checking for BSP changes to sync application flags for project 'mb_blink'...
12:40:11 INFO  : Connected to target on host '127.0.0.1' and port '3121'.
12:40:11 INFO  : Jtag cable 'RealDigital Boo 8874292303C2A' is selected.
12:40:11 INFO  : 'jtag frequency' command is executed.
12:40:15 ERROR : no targets found with "jtag_cable_name =~ "RealDigital Boo 8874292303C2A" && level==0 && jtag_device_ctx=="jsn1-0362f093-0"". available targets:
  1  xc7s50
     2  MicroBlaze Debug Module at USER2
        3  MicroBlaze #0 (Running)
12:40:15 ERROR : Exception occured while running Program Device.
java.lang.RuntimeException: no targets found with "jtag_cable_name =~ "RealDigital Boo 8874292303C2A" && level==0 && jtag_device_ctx=="jsn1-0362f093-0"". available targets:
  1  xc7s50
     2  MicroBlaze Debug Module at USER2
        3  MicroBlaze #0 (Running)
12:40:15 INFO  : ----------------XSDB Script----------------
connect -url tcp:127.0.0.1:3121
----------------End of Script----------------

12:40:15 ERROR : no targets found with "jtag_cable_name =~ "RealDigital Boo 8874292303C2A" && level==0 && jtag_device_ctx=="jsn1-0362f093-0"". available targets:
  1  xc7s50
     2  MicroBlaze Debug Module at USER2
        3  MicroBlaze #0 (Running)
12:40:24 INFO  : Connected to target on host '127.0.0.1' and port '3121'.
12:40:24 INFO  : Jtag cable 'RealDigital Boo 8874292303C2A' is selected.
12:40:24 INFO  : 'jtag frequency' command is executed.
12:40:27 ERROR : no targets found with "jtag_cable_name =~ "RealDigital Boo 8874292303C2A" && level==0 && jtag_device_ctx=="jsn1-0362f093-0"". available targets:
  1  xc7s50
     2  MicroBlaze Debug Module at USER2
        3  MicroBlaze #0 (Running)
12:40:27 ERROR : Exception occured while running Program Device.
java.lang.RuntimeException: no targets found with "jtag_cable_name =~ "RealDigital Boo 8874292303C2A" && level==0 && jtag_device_ctx=="jsn1-0362f093-0"". available targets:
  1  xc7s50
     2  MicroBlaze Debug Module at USER2
        3  MicroBlaze #0 (Running)
12:40:27 INFO  : ----------------XSDB Script----------------
connect -url tcp:127.0.0.1:3121
----------------End of Script----------------

12:40:27 ERROR : no targets found with "jtag_cable_name =~ "RealDigital Boo 8874292303C2A" && level==0 && jtag_device_ctx=="jsn1-0362f093-0"". available targets:
  1  xc7s50
     2  MicroBlaze Debug Module at USER2
        3  MicroBlaze #0 (Running)
12:41:15 INFO  : Connected to target on host '127.0.0.1' and port '3121'.
12:41:15 INFO  : Jtag cable 'RealDigital Boo 8874292303C2A' is selected.
12:41:15 INFO  : 'jtag frequency' command is executed.
12:41:18 ERROR : no targets found with "jtag_cable_name =~ "RealDigital Boo 8874292303C2A" && level==0 && jtag_device_ctx=="jsn1-0362f093-0"". available targets:
  1  xc7s50
     2  MicroBlaze Debug Module at USER2
        3  MicroBlaze #0 (Running)
12:41:18 ERROR : Exception occured while running Program Device.
java.lang.RuntimeException: no targets found with "jtag_cable_name =~ "RealDigital Boo 8874292303C2A" && level==0 && jtag_device_ctx=="jsn1-0362f093-0"". available targets:
  1  xc7s50
     2  MicroBlaze Debug Module at USER2
        3  MicroBlaze #0 (Running)
12:41:18 INFO  : ----------------XSDB Script----------------
connect -url tcp:127.0.0.1:3121
----------------End of Script----------------

12:41:18 ERROR : no targets found with "jtag_cable_name =~ "RealDigital Boo 8874292303C2A" && level==0 && jtag_device_ctx=="jsn1-0362f093-0"". available targets:
  1  xc7s50
     2  MicroBlaze Debug Module at USER2
        3  MicroBlaze #0 (Running)
12:42:35 INFO  : Result from executing command 'removePlatformRepo': 
12:42:44 INFO  : Result from executing command 'getProjects': mb_intro_top
12:42:44 INFO  : Result from executing command 'getPlatforms': 
12:42:44 INFO  : Checking for BSP changes to sync application flags for project 'mb_blink'...
12:43:08 INFO  : Connected to target on host '127.0.0.1' and port '3121'.
12:43:08 INFO  : Jtag cable 'RealDigital Boo 8874292303C2A' is selected.
12:43:08 INFO  : 'jtag frequency' command is executed.
12:43:11 ERROR : no targets found with "jtag_cable_name =~ "RealDigital Boo 8874292303C2A" && level==0 && jtag_device_ctx=="jsn1-0362f093-0"". available targets:
  1  xc7s50
     2  MicroBlaze Debug Module at USER2
        3  MicroBlaze #0 (Running)
12:43:11 ERROR : Exception occured while running Program Device.
java.lang.RuntimeException: no targets found with "jtag_cable_name =~ "RealDigital Boo 8874292303C2A" && level==0 && jtag_device_ctx=="jsn1-0362f093-0"". available targets:
  1  xc7s50
     2  MicroBlaze Debug Module at USER2
        3  MicroBlaze #0 (Running)
12:43:11 INFO  : ----------------XSDB Script----------------
connect -url tcp:127.0.0.1:3121
----------------End of Script----------------

12:43:11 ERROR : no targets found with "jtag_cable_name =~ "RealDigital Boo 8874292303C2A" && level==0 && jtag_device_ctx=="jsn1-0362f093-0"". available targets:
  1  xc7s50
     2  MicroBlaze Debug Module at USER2
        3  MicroBlaze #0 (Running)
12:43:30 INFO  : Connected to target on host '127.0.0.1' and port '3121'.
12:43:39 INFO  : Connected to target on host '127.0.0.1' and port '3121'.
12:43:39 INFO  : Jtag cable 'RealDigital Boo 8874292303C2A' is selected.
12:43:39 INFO  : 'jtag frequency' command is executed.
12:43:39 INFO  : 'targets -set -filter {jtag_cable_name =~ "RealDigital Boo 8874292303C2A" && level==0 && jtag_device_ctx=="jsn2-0362f093-0"}' command is executed.
12:43:41 INFO  : Device configured successfully with "C:/Users/sidra/Documents/GitHub/ECE_385/Lab_6/Lab_6.1/sid/sid_sdk/mb_blink/_ide/bitstream/mb_intro_top.bit"
12:43:41 INFO  : Context for processor 'microblaze_0' is selected.
12:43:41 INFO  : Hardware design and registers information is loaded from 'C:/Users/sidra/Documents/GitHub/ECE_385/Lab_6/Lab_6.1/sid/sid_sdk/mb_intro_top/export/mb_intro_top/hw/mb_intro_top.xsa'.
12:43:41 INFO  : 'configparams mdm-detect-bscan-mask 2' command is executed.
12:43:41 INFO  : Context for processor 'microblaze_0' is selected.
12:43:41 INFO  : System reset is completed.
12:43:44 INFO  : 'after 3000' command is executed.
12:43:44 INFO  : Context for processor 'microblaze_0' is selected.
12:43:44 INFO  : The application 'C:/Users/sidra/Documents/GitHub/ECE_385/Lab_6/Lab_6.1/sid/sid_sdk/mb_blink/Debug/mb_blink.elf' is downloaded to processor 'microblaze_0'.
12:43:44 INFO  : ----------------XSDB Script----------------
connect -url tcp:127.0.0.1:3121
targets -set -filter {jtag_cable_name =~ "RealDigital Boo 8874292303C2A" && level==0 && jtag_device_ctx=="jsn2-0362f093-0"}
fpga -file C:/Users/sidra/Documents/GitHub/ECE_385/Lab_6/Lab_6.1/sid/sid_sdk/mb_blink/_ide/bitstream/mb_intro_top.bit
targets -set -nocase -filter {name =~ "*microblaze*#0" && bscan=="USER2"  && jtag_cable_name =~ "RealDigital Boo 8874292303C2A" && jtag_device_ctx=="jsn2-0362f093-0"}
loadhw -hw C:/Users/sidra/Documents/GitHub/ECE_385/Lab_6/Lab_6.1/sid/sid_sdk/mb_intro_top/export/mb_intro_top/hw/mb_intro_top.xsa -regs
configparams mdm-detect-bscan-mask 2
targets -set -nocase -filter {name =~ "*microblaze*#0" && bscan=="USER2"  && jtag_cable_name =~ "RealDigital Boo 8874292303C2A" && jtag_device_ctx=="jsn2-0362f093-0"}
rst -system
after 3000
targets -set -nocase -filter {name =~ "*microblaze*#0" && bscan=="USER2"  && jtag_cable_name =~ "RealDigital Boo 8874292303C2A" && jtag_device_ctx=="jsn2-0362f093-0"}
dow C:/Users/sidra/Documents/GitHub/ECE_385/Lab_6/Lab_6.1/sid/sid_sdk/mb_blink/Debug/mb_blink.elf
----------------End of Script----------------

12:43:44 INFO  : Context for processor 'microblaze_0' is selected.
12:43:44 INFO  : 'con' command is executed.
12:43:44 INFO  : ----------------XSDB Script (After Launch)----------------
targets -set -nocase -filter {name =~ "*microblaze*#0" && bscan=="USER2"  && jtag_cable_name =~ "RealDigital Boo 8874292303C2A" && jtag_device_ctx=="jsn2-0362f093-0"}
con
----------------End of Script----------------

12:43:44 INFO  : Launch script is exported to file 'C:\Users\sidra\Documents\GitHub\ECE_385\Lab_6\Lab_6.1\sid\sid_sdk\mb_blink_system\_ide\scripts\debugger_mb_blink-default_2.tcl'
12:44:02 INFO  : Checking for BSP changes to sync application flags for project 'mb_blink'...
12:44:07 INFO  : Disconnected from the channel tcfchan#10.
12:44:08 INFO  : Connected to target on host '127.0.0.1' and port '3121'.
12:44:08 INFO  : Jtag cable 'RealDigital Boo 8874292303C2A' is selected.
12:44:08 ERROR : port closed
12:44:08 INFO  : ----------------XSDB Script----------------
connect -url tcp:127.0.0.1:3121
----------------End of Script----------------

12:44:08 ERROR : port closed
12:44:14 INFO  : Connected to target on host '127.0.0.1' and port '3121'.
12:44:14 INFO  : Jtag cable 'RealDigital Boo 8874292303C2A' is selected.
12:44:14 INFO  : 'jtag frequency' command is executed.
12:44:15 INFO  : 'targets -set -filter {jtag_cable_name =~ "RealDigital Boo 8874292303C2A" && level==0 && jtag_device_ctx=="jsn2-0362f093-0"}' command is executed.
12:44:16 INFO  : Device configured successfully with "C:/Users/sidra/Documents/GitHub/ECE_385/Lab_6/Lab_6.1/sid/sid_sdk/mb_blink/_ide/bitstream/mb_intro_top.bit"
12:44:16 INFO  : Context for processor 'microblaze_0' is selected.
12:44:16 INFO  : Hardware design and registers information is loaded from 'C:/Users/sidra/Documents/GitHub/ECE_385/Lab_6/Lab_6.1/sid/sid_sdk/mb_intro_top/export/mb_intro_top/hw/mb_intro_top.xsa'.
12:44:16 INFO  : 'configparams mdm-detect-bscan-mask 2' command is executed.
12:44:16 INFO  : Context for processor 'microblaze_0' is selected.
12:44:16 INFO  : System reset is completed.
12:44:19 INFO  : 'after 3000' command is executed.
12:44:19 INFO  : Context for processor 'microblaze_0' is selected.
12:44:19 INFO  : The application 'C:/Users/sidra/Documents/GitHub/ECE_385/Lab_6/Lab_6.1/sid/sid_sdk/mb_blink/Debug/mb_blink.elf' is downloaded to processor 'microblaze_0'.
12:44:19 INFO  : ----------------XSDB Script----------------
connect -url tcp:127.0.0.1:3121
targets -set -filter {jtag_cable_name =~ "RealDigital Boo 8874292303C2A" && level==0 && jtag_device_ctx=="jsn2-0362f093-0"}
fpga -file C:/Users/sidra/Documents/GitHub/ECE_385/Lab_6/Lab_6.1/sid/sid_sdk/mb_blink/_ide/bitstream/mb_intro_top.bit
targets -set -nocase -filter {name =~ "*microblaze*#0" && bscan=="USER2"  && jtag_cable_name =~ "RealDigital Boo 8874292303C2A" && jtag_device_ctx=="jsn2-0362f093-0"}
loadhw -hw C:/Users/sidra/Documents/GitHub/ECE_385/Lab_6/Lab_6.1/sid/sid_sdk/mb_intro_top/export/mb_intro_top/hw/mb_intro_top.xsa -regs
configparams mdm-detect-bscan-mask 2
targets -set -nocase -filter {name =~ "*microblaze*#0" && bscan=="USER2"  && jtag_cable_name =~ "RealDigital Boo 8874292303C2A" && jtag_device_ctx=="jsn2-0362f093-0"}
rst -system
after 3000
targets -set -nocase -filter {name =~ "*microblaze*#0" && bscan=="USER2"  && jtag_cable_name =~ "RealDigital Boo 8874292303C2A" && jtag_device_ctx=="jsn2-0362f093-0"}
dow C:/Users/sidra/Documents/GitHub/ECE_385/Lab_6/Lab_6.1/sid/sid_sdk/mb_blink/Debug/mb_blink.elf
----------------End of Script----------------

12:44:19 INFO  : Context for processor 'microblaze_0' is selected.
12:44:19 INFO  : 'con' command is executed.
12:44:19 INFO  : ----------------XSDB Script (After Launch)----------------
targets -set -nocase -filter {name =~ "*microblaze*#0" && bscan=="USER2"  && jtag_cable_name =~ "RealDigital Boo 8874292303C2A" && jtag_device_ctx=="jsn2-0362f093-0"}
con
----------------End of Script----------------

12:44:19 INFO  : Launch script is exported to file 'C:\Users\sidra\Documents\GitHub\ECE_385\Lab_6\Lab_6.1\sid\sid_sdk\mb_blink_system\_ide\scripts\debugger_mb_blink-default_2.tcl'
12:50:31 INFO  : Disconnected from the channel tcfchan#13.
