00:05:57 DEBUG : Logs will be stored at 'C:/ECE_385/Lab_6/Lab_6.2/lab_6.2_anna/lab_6.2_anna_sdk/IDE.log'.
00:06:21 INFO  : Launching XSCT server: xsct.bat -n  -interactive C:\ECE_385\Lab_6\Lab_6.2\lab_6.2_anna\lab_6.2_anna_sdk\temp_xsdb_launch_script.tcl
00:06:22 INFO  : Platform repository initialization has completed.
00:06:23 INFO  : Registering command handlers for Vitis TCF services
00:06:31 INFO  : XSCT server has started successfully.
00:06:43 INFO  : plnx-install-location is set to ''
00:06:43 INFO  : Successfully done setting XSCT server connection channel  
00:06:43 INFO  : Successfully done query RDI_DATADIR 
00:06:43 INFO  : Successfully done setting workspace for the tool. 
00:13:52 INFO  : Result from executing command 'getProjects': mb_usb_hdmi_top
00:13:52 INFO  : Result from executing command 'getPlatforms': 
00:13:52 WARN  : An unexpected exception occurred in the module 'platform project logging'
00:13:52 INFO  : Platform 'mb_usb_hdmi_top' is added to custom repositories.
00:13:59 INFO  : Platform 'mb_usb_hdmi_top' is added to custom repositories.
01:28:57 INFO  : Hardware specification for platform project 'mb_usb_hdmi_top' is updated.
01:30:37 INFO  : Result from executing command 'getProjects': mb_usb_hdmi_top
01:30:37 INFO  : Result from executing command 'getPlatforms': mb_usb_hdmi_top|C:/ECE_385/Lab_6/Lab_6.2/lab_6.2_anna/lab_6.2_anna_sdk/mb_usb_hdmi_top/export/mb_usb_hdmi_top/mb_usb_hdmi_top.xpfm
01:30:38 INFO  : Checking for BSP changes to sync application flags for project 'ball_project'...
01:31:26 INFO  : The hardware specification used by project 'ball_project' is out of sync with the platform. Resource files extracted from the hardware specification will be updated.
01:31:26 INFO  : The file 'C:\ECE_385\Lab_6\Lab_6.2\lab_6.2_anna\lab_6.2_anna_sdk\ball_project\_ide\bitstream\mb_usb_hdmi_top.bit' stored in project is removed.
01:31:26 INFO  : The file 'C:\ECE_385\Lab_6\Lab_6.2\lab_6.2_anna\lab_6.2_anna_sdk\ball_project\_ide\bitstream\mb_usb_hdmi_top.mmi' stored in project is removed.
01:31:26 INFO  : The updated bitstream files are copied from platform to folder 'C:\ECE_385\Lab_6\Lab_6.2\lab_6.2_anna\lab_6.2_anna_sdk\ball_project\_ide\bitstream' in project 'ball_project'.
01:31:29 INFO  : Connected to target on host '127.0.0.1' and port '3121'.
01:31:30 INFO  : Jtag cable 'RealDigital Boo 8874292303C2A' is selected.
01:31:30 INFO  : 'jtag frequency' command is executed.
01:31:30 INFO  : 'targets -set -filter {jtag_cable_name =~ "RealDigital Boo 8874292303C2A" && level==0 && jtag_device_ctx=="jsn1-0362f093-0"}' command is executed.
01:31:32 INFO  : Device configured successfully with "C:/ECE_385/Lab_6/Lab_6.2/lab_6.2_anna/lab_6.2_anna_sdk/ball_project/_ide/bitstream/mb_usb_hdmi_top.bit"
01:31:32 INFO  : Context for processor 'microblaze_0' is selected.
01:31:32 INFO  : Hardware design and registers information is loaded from 'C:/ECE_385/Lab_6/Lab_6.2/lab_6.2_anna/lab_6.2_anna_sdk/mb_usb_hdmi_top/export/mb_usb_hdmi_top/hw/mb_usb_hdmi_top.xsa'.
01:31:32 INFO  : 'configparams mdm-detect-bscan-mask 2' command is executed.
01:31:32 INFO  : Context for processor 'microblaze_0' is selected.
01:31:32 INFO  : System reset is completed.
01:31:35 INFO  : 'after 3000' command is executed.
01:31:35 INFO  : Context for processor 'microblaze_0' is selected.
01:31:35 INFO  : The application 'C:/ECE_385/Lab_6/Lab_6.2/lab_6.2_anna/lab_6.2_anna_sdk/ball_project/Debug/ball_project.elf' is downloaded to processor 'microblaze_0'.
01:31:35 INFO  : ----------------XSDB Script----------------
connect -url tcp:127.0.0.1:3121
targets -set -filter {jtag_cable_name =~ "RealDigital Boo 8874292303C2A" && level==0 && jtag_device_ctx=="jsn1-0362f093-0"}
fpga -file C:/ECE_385/Lab_6/Lab_6.2/lab_6.2_anna/lab_6.2_anna_sdk/ball_project/_ide/bitstream/mb_usb_hdmi_top.bit
targets -set -nocase -filter {name =~ "*microblaze*#0" && bscan=="USER2" }
loadhw -hw C:/ECE_385/Lab_6/Lab_6.2/lab_6.2_anna/lab_6.2_anna_sdk/mb_usb_hdmi_top/export/mb_usb_hdmi_top/hw/mb_usb_hdmi_top.xsa -regs
configparams mdm-detect-bscan-mask 2
targets -set -nocase -filter {name =~ "*microblaze*#0" && bscan=="USER2" }
rst -system
after 3000
targets -set -nocase -filter {name =~ "*microblaze*#0" && bscan=="USER2" }
dow C:/ECE_385/Lab_6/Lab_6.2/lab_6.2_anna/lab_6.2_anna_sdk/ball_project/Debug/ball_project.elf
----------------End of Script----------------

01:31:35 INFO  : Context for processor 'microblaze_0' is selected.
01:31:36 INFO  : 'con' command is executed.
01:31:36 INFO  : ----------------XSDB Script (After Launch)----------------
targets -set -nocase -filter {name =~ "*microblaze*#0" && bscan=="USER2" }
con
----------------End of Script----------------

01:31:36 INFO  : Launch script is exported to file 'C:\ECE_385\Lab_6\Lab_6.2\lab_6.2_anna\lab_6.2_anna_sdk\ball_project_system\_ide\scripts\debugger_ball_project-default.tcl'
01:34:56 INFO  : Disconnected from the channel tcfchan#2.
01:34:57 INFO  : Connected to target on host '127.0.0.1' and port '3121'.
01:35:06 INFO  : ----------------XSDB Script----------------
connect -url tcp:127.0.0.1:3121
----------------End of Script----------------

01:35:06 ERROR : Could not find FPGA device on the board for connection 'Local'.


Troubleshooting hints:
1. Check whether board is connected to system properly.
2. In case of zynq board, check whether Digilent/Xilinx cable switch settings are correct.
3. If you are using Xilinx Platform Cable USB, ensure that status LED is green.
01:35:18 INFO  : Connected to target on host '127.0.0.1' and port '3121'.
01:35:19 INFO  : Jtag cable 'RealDigital Boo 8874292303C2A' is selected.
01:35:19 INFO  : 'jtag frequency' command is executed.
01:35:19 INFO  : 'targets -set -filter {jtag_cable_name =~ "RealDigital Boo 8874292303C2A" && level==0 && jtag_device_ctx=="jsn1-0362f093-0"}' command is executed.
01:35:20 INFO  : Device configured successfully with "C:/ECE_385/Lab_6/Lab_6.2/lab_6.2_anna/lab_6.2_anna_sdk/ball_project/_ide/bitstream/mb_usb_hdmi_top.bit"
01:35:20 INFO  : Context for processor 'microblaze_0' is selected.
01:35:20 INFO  : Hardware design and registers information is loaded from 'C:/ECE_385/Lab_6/Lab_6.2/lab_6.2_anna/lab_6.2_anna_sdk/mb_usb_hdmi_top/export/mb_usb_hdmi_top/hw/mb_usb_hdmi_top.xsa'.
01:35:20 INFO  : 'configparams mdm-detect-bscan-mask 2' command is executed.
01:35:20 INFO  : Context for processor 'microblaze_0' is selected.
01:35:20 INFO  : System reset is completed.
01:35:23 INFO  : 'after 3000' command is executed.
01:35:24 INFO  : Context for processor 'microblaze_0' is selected.
01:35:24 INFO  : The application 'C:/ECE_385/Lab_6/Lab_6.2/lab_6.2_anna/lab_6.2_anna_sdk/ball_project/Debug/ball_project.elf' is downloaded to processor 'microblaze_0'.
01:35:24 INFO  : ----------------XSDB Script----------------
connect -url tcp:127.0.0.1:3121
targets -set -filter {jtag_cable_name =~ "RealDigital Boo 8874292303C2A" && level==0 && jtag_device_ctx=="jsn1-0362f093-0"}
fpga -file C:/ECE_385/Lab_6/Lab_6.2/lab_6.2_anna/lab_6.2_anna_sdk/ball_project/_ide/bitstream/mb_usb_hdmi_top.bit
targets -set -nocase -filter {name =~ "*microblaze*#0" && bscan=="USER2" }
loadhw -hw C:/ECE_385/Lab_6/Lab_6.2/lab_6.2_anna/lab_6.2_anna_sdk/mb_usb_hdmi_top/export/mb_usb_hdmi_top/hw/mb_usb_hdmi_top.xsa -regs
configparams mdm-detect-bscan-mask 2
targets -set -nocase -filter {name =~ "*microblaze*#0" && bscan=="USER2" }
rst -system
after 3000
targets -set -nocase -filter {name =~ "*microblaze*#0" && bscan=="USER2" }
dow C:/ECE_385/Lab_6/Lab_6.2/lab_6.2_anna/lab_6.2_anna_sdk/ball_project/Debug/ball_project.elf
----------------End of Script----------------

01:35:24 INFO  : Context for processor 'microblaze_0' is selected.
01:35:24 INFO  : 'con' command is executed.
01:35:24 INFO  : ----------------XSDB Script (After Launch)----------------
targets -set -nocase -filter {name =~ "*microblaze*#0" && bscan=="USER2" }
con
----------------End of Script----------------

01:35:24 INFO  : Launch script is exported to file 'C:\ECE_385\Lab_6\Lab_6.2\lab_6.2_anna\lab_6.2_anna_sdk\ball_project_system\_ide\scripts\debugger_ball_project-default.tcl'
01:39:29 INFO  : Disconnected from the channel tcfchan#3.
01:39:30 INFO  : Connected to target on host '127.0.0.1' and port '3121'.
01:39:48 INFO  : ----------------XSDB Script----------------
connect -url tcp:127.0.0.1:3121
----------------End of Script----------------

01:39:48 ERROR : Could not find FPGA device on the board for connection 'Local'.


Troubleshooting hints:
1. Check whether board is connected to system properly.
2. In case of zynq board, check whether Digilent/Xilinx cable switch settings are correct.
3. If you are using Xilinx Platform Cable USB, ensure that status LED is green.
01:39:54 INFO  : Connected to target on host '127.0.0.1' and port '3121'.
01:39:54 INFO  : Jtag cable 'RealDigital Boo 8874292303C2A' is selected.
01:39:54 INFO  : 'jtag frequency' command is executed.
01:39:57 ERROR : no targets found with "jtag_cable_name =~ "RealDigital Boo 8874292303C2A" && level==0 && jtag_device_ctx=="jsn1-0362f093-0"". available targets:
  1  xc7s50
     2  MicroBlaze Debug Module at USER2
        3  MicroBlaze #0 (Running)
01:39:57 ERROR : Exception occured while running Program Device.
java.lang.RuntimeException: no targets found with "jtag_cable_name =~ "RealDigital Boo 8874292303C2A" && level==0 && jtag_device_ctx=="jsn1-0362f093-0"". available targets:
  1  xc7s50
     2  MicroBlaze Debug Module at USER2
        3  MicroBlaze #0 (Running)
01:39:57 INFO  : ----------------XSDB Script----------------
connect -url tcp:127.0.0.1:3121
----------------End of Script----------------

01:39:57 ERROR : no targets found with "jtag_cable_name =~ "RealDigital Boo 8874292303C2A" && level==0 && jtag_device_ctx=="jsn1-0362f093-0"". available targets:
  1  xc7s50
     2  MicroBlaze Debug Module at USER2
        3  MicroBlaze #0 (Running)
01:40:02 INFO  : Connected to target on host '127.0.0.1' and port '3121'.
01:40:02 INFO  : Jtag cable 'RealDigital Boo 8874292303C2A' is selected.
01:40:02 INFO  : 'jtag frequency' command is executed.
01:40:05 ERROR : no targets found with "jtag_cable_name =~ "RealDigital Boo 8874292303C2A" && level==0 && jtag_device_ctx=="jsn1-0362f093-0"". available targets:
  1  xc7s50
     2  MicroBlaze Debug Module at USER2
        3  MicroBlaze #0 (Running)
01:40:05 ERROR : Exception occured while running Program Device.
java.lang.RuntimeException: no targets found with "jtag_cable_name =~ "RealDigital Boo 8874292303C2A" && level==0 && jtag_device_ctx=="jsn1-0362f093-0"". available targets:
  1  xc7s50
     2  MicroBlaze Debug Module at USER2
        3  MicroBlaze #0 (Running)
01:40:05 INFO  : ----------------XSDB Script----------------
connect -url tcp:127.0.0.1:3121
----------------End of Script----------------

01:40:05 ERROR : no targets found with "jtag_cable_name =~ "RealDigital Boo 8874292303C2A" && level==0 && jtag_device_ctx=="jsn1-0362f093-0"". available targets:
  1  xc7s50
     2  MicroBlaze Debug Module at USER2
        3  MicroBlaze #0 (Running)
01:40:36 INFO  : Connected to target on host '127.0.0.1' and port '3121'.
01:40:37 INFO  : Jtag cable 'RealDigital Boo 8874292303C2A' is selected.
01:40:37 INFO  : 'jtag frequency' command is executed.
01:40:40 ERROR : no targets found with "jtag_cable_name =~ "RealDigital Boo 8874292303C2A" && level==0 && jtag_device_ctx=="jsn1-0362f093-0"". available targets:
  1  xc7s50
     2  MicroBlaze Debug Module at USER2
        3  MicroBlaze #0 (Running)
01:40:40 ERROR : Exception occured while running Program Device.
java.lang.RuntimeException: no targets found with "jtag_cable_name =~ "RealDigital Boo 8874292303C2A" && level==0 && jtag_device_ctx=="jsn1-0362f093-0"". available targets:
  1  xc7s50
     2  MicroBlaze Debug Module at USER2
        3  MicroBlaze #0 (Running)
01:40:40 INFO  : ----------------XSDB Script----------------
connect -url tcp:127.0.0.1:3121
----------------End of Script----------------

01:40:40 ERROR : no targets found with "jtag_cable_name =~ "RealDigital Boo 8874292303C2A" && level==0 && jtag_device_ctx=="jsn1-0362f093-0"". available targets:
  1  xc7s50
     2  MicroBlaze Debug Module at USER2
        3  MicroBlaze #0 (Running)
13:53:38 INFO  : Connected to target on host '127.0.0.1' and port '3121'.
13:53:38 INFO  : Jtag cable 'RealDigital Boo 887100000012A' is selected.
13:53:38 INFO  : 'jtag frequency' command is executed.
13:53:39 INFO  : 'targets -set -filter {jtag_cable_name =~ "RealDigital Boo 887100000012A" && level==0 && jtag_device_ctx=="jsn3-0362f093-0"}' command is executed.
13:53:41 INFO  : Device configured successfully with "C:/ECE_385/Lab_6/Lab_6.2/lab_6.2_anna/lab_6.2_anna_sdk/ball_project/_ide/bitstream/mb_usb_hdmi_top.bit"
13:53:41 INFO  : Context for processor 'microblaze_0' is selected.
13:53:41 INFO  : Hardware design and registers information is loaded from 'C:/ECE_385/Lab_6/Lab_6.2/lab_6.2_anna/lab_6.2_anna_sdk/mb_usb_hdmi_top/export/mb_usb_hdmi_top/hw/mb_usb_hdmi_top.xsa'.
13:53:41 INFO  : 'configparams mdm-detect-bscan-mask 2' command is executed.
13:53:42 INFO  : Context for processor 'microblaze_0' is selected.
13:53:42 INFO  : System reset is completed.
13:53:45 INFO  : 'after 3000' command is executed.
13:53:45 INFO  : Context for processor 'microblaze_0' is selected.
13:53:45 INFO  : The application 'C:/ECE_385/Lab_6/Lab_6.2/lab_6.2_anna/lab_6.2_anna_sdk/ball_project/Debug/ball_project.elf' is downloaded to processor 'microblaze_0'.
13:53:45 INFO  : ----------------XSDB Script----------------
connect -url tcp:127.0.0.1:3121
targets -set -filter {jtag_cable_name =~ "RealDigital Boo 887100000012A" && level==0 && jtag_device_ctx=="jsn3-0362f093-0"}
fpga -file C:/ECE_385/Lab_6/Lab_6.2/lab_6.2_anna/lab_6.2_anna_sdk/ball_project/_ide/bitstream/mb_usb_hdmi_top.bit
targets -set -nocase -filter {name =~ "*microblaze*#0" && bscan=="USER2" }
loadhw -hw C:/ECE_385/Lab_6/Lab_6.2/lab_6.2_anna/lab_6.2_anna_sdk/mb_usb_hdmi_top/export/mb_usb_hdmi_top/hw/mb_usb_hdmi_top.xsa -regs
configparams mdm-detect-bscan-mask 2
targets -set -nocase -filter {name =~ "*microblaze*#0" && bscan=="USER2" }
rst -system
after 3000
targets -set -nocase -filter {name =~ "*microblaze*#0" && bscan=="USER2" }
dow C:/ECE_385/Lab_6/Lab_6.2/lab_6.2_anna/lab_6.2_anna_sdk/ball_project/Debug/ball_project.elf
----------------End of Script----------------

13:53:45 INFO  : Context for processor 'microblaze_0' is selected.
13:53:45 INFO  : 'con' command is executed.
13:53:45 INFO  : ----------------XSDB Script (After Launch)----------------
targets -set -nocase -filter {name =~ "*microblaze*#0" && bscan=="USER2" }
con
----------------End of Script----------------

13:53:45 INFO  : Launch script is exported to file 'C:\ECE_385\Lab_6\Lab_6.2\lab_6.2_anna\lab_6.2_anna_sdk\ball_project_system\_ide\scripts\debugger_ball_project-default.tcl'
16:19:56 INFO  : Disconnected from the channel tcfchan#4.
16:19:57 INFO  : Connected to target on host '127.0.0.1' and port '3121'.
16:19:57 INFO  : Jtag cable 'RealDigital Boo 887100000012A' is selected.
16:19:57 INFO  : 'jtag frequency' command is executed.
16:19:58 INFO  : 'targets -set -filter {jtag_cable_name =~ "RealDigital Boo 887100000012A" && level==0 && jtag_device_ctx=="jsn3-0362f093-0"}' command is executed.
16:19:59 INFO  : Device configured successfully with "C:/ECE_385/Lab_6/Lab_6.2/lab_6.2_anna/lab_6.2_anna_sdk/ball_project/_ide/bitstream/mb_usb_hdmi_top.bit"
16:19:59 INFO  : Context for processor 'microblaze_0' is selected.
16:19:59 INFO  : Hardware design and registers information is loaded from 'C:/ECE_385/Lab_6/Lab_6.2/lab_6.2_anna/lab_6.2_anna_sdk/mb_usb_hdmi_top/export/mb_usb_hdmi_top/hw/mb_usb_hdmi_top.xsa'.
16:19:59 INFO  : 'configparams mdm-detect-bscan-mask 2' command is executed.
16:19:59 INFO  : Context for processor 'microblaze_0' is selected.
16:19:59 INFO  : System reset is completed.
16:20:02 INFO  : 'after 3000' command is executed.
16:20:02 INFO  : Context for processor 'microblaze_0' is selected.
16:20:03 INFO  : The application 'C:/ECE_385/Lab_6/Lab_6.2/lab_6.2_anna/lab_6.2_anna_sdk/ball_project/Debug/ball_project.elf' is downloaded to processor 'microblaze_0'.
16:20:03 INFO  : ----------------XSDB Script----------------
connect -url tcp:127.0.0.1:3121
targets -set -filter {jtag_cable_name =~ "RealDigital Boo 887100000012A" && level==0 && jtag_device_ctx=="jsn3-0362f093-0"}
fpga -file C:/ECE_385/Lab_6/Lab_6.2/lab_6.2_anna/lab_6.2_anna_sdk/ball_project/_ide/bitstream/mb_usb_hdmi_top.bit
targets -set -nocase -filter {name =~ "*microblaze*#0" && bscan=="USER2" }
loadhw -hw C:/ECE_385/Lab_6/Lab_6.2/lab_6.2_anna/lab_6.2_anna_sdk/mb_usb_hdmi_top/export/mb_usb_hdmi_top/hw/mb_usb_hdmi_top.xsa -regs
configparams mdm-detect-bscan-mask 2
targets -set -nocase -filter {name =~ "*microblaze*#0" && bscan=="USER2" }
rst -system
after 3000
targets -set -nocase -filter {name =~ "*microblaze*#0" && bscan=="USER2" }
dow C:/ECE_385/Lab_6/Lab_6.2/lab_6.2_anna/lab_6.2_anna_sdk/ball_project/Debug/ball_project.elf
----------------End of Script----------------

16:20:03 INFO  : Context for processor 'microblaze_0' is selected.
16:20:03 INFO  : 'con' command is executed.
16:20:03 INFO  : ----------------XSDB Script (After Launch)----------------
targets -set -nocase -filter {name =~ "*microblaze*#0" && bscan=="USER2" }
con
----------------End of Script----------------

16:20:03 INFO  : Launch script is exported to file 'C:\ECE_385\Lab_6\Lab_6.2\lab_6.2_anna\lab_6.2_anna_sdk\ball_project_system\_ide\scripts\debugger_ball_project-default.tcl'
16:26:54 INFO  : Checking for BSP changes to sync application flags for project 'ball_project'...
16:27:06 INFO  : Disconnected from the channel tcfchan#5.
16:27:07 INFO  : Connected to target on host '127.0.0.1' and port '3121'.
16:27:17 INFO  : ----------------XSDB Script----------------
connect -url tcp:127.0.0.1:3121
----------------End of Script----------------

16:27:17 ERROR : Could not find FPGA device on the board for connection 'Local'.


Troubleshooting hints:
1. Check whether board is connected to system properly.
2. In case of zynq board, check whether Digilent/Xilinx cable switch settings are correct.
3. If you are using Xilinx Platform Cable USB, ensure that status LED is green.
16:27:21 INFO  : Connected to target on host '127.0.0.1' and port '3121'.
16:27:21 INFO  : Jtag cable 'RealDigital Boo 887100000012A' is selected.
16:27:21 INFO  : 'jtag frequency' command is executed.
16:27:21 INFO  : 'targets -set -filter {jtag_cable_name =~ "RealDigital Boo 887100000012A" && level==0 && jtag_device_ctx=="jsn3-0362f093-0"}' command is executed.
16:27:22 INFO  : Device configured successfully with "C:/ECE_385/Lab_6/Lab_6.2/lab_6.2_anna/lab_6.2_anna_sdk/ball_project/_ide/bitstream/mb_usb_hdmi_top.bit"
16:27:22 INFO  : Context for processor 'microblaze_0' is selected.
16:27:22 INFO  : Hardware design and registers information is loaded from 'C:/ECE_385/Lab_6/Lab_6.2/lab_6.2_anna/lab_6.2_anna_sdk/mb_usb_hdmi_top/export/mb_usb_hdmi_top/hw/mb_usb_hdmi_top.xsa'.
16:27:22 INFO  : 'configparams mdm-detect-bscan-mask 2' command is executed.
16:27:22 INFO  : Context for processor 'microblaze_0' is selected.
16:27:22 INFO  : System reset is completed.
16:27:25 INFO  : 'after 3000' command is executed.
16:27:25 INFO  : Context for processor 'microblaze_0' is selected.
16:27:26 INFO  : The application 'C:/ECE_385/Lab_6/Lab_6.2/lab_6.2_anna/lab_6.2_anna_sdk/ball_project/Debug/ball_project.elf' is downloaded to processor 'microblaze_0'.
16:27:26 INFO  : ----------------XSDB Script----------------
connect -url tcp:127.0.0.1:3121
targets -set -filter {jtag_cable_name =~ "RealDigital Boo 887100000012A" && level==0 && jtag_device_ctx=="jsn3-0362f093-0"}
fpga -file C:/ECE_385/Lab_6/Lab_6.2/lab_6.2_anna/lab_6.2_anna_sdk/ball_project/_ide/bitstream/mb_usb_hdmi_top.bit
targets -set -nocase -filter {name =~ "*microblaze*#0" && bscan=="USER2" }
loadhw -hw C:/ECE_385/Lab_6/Lab_6.2/lab_6.2_anna/lab_6.2_anna_sdk/mb_usb_hdmi_top/export/mb_usb_hdmi_top/hw/mb_usb_hdmi_top.xsa -regs
configparams mdm-detect-bscan-mask 2
targets -set -nocase -filter {name =~ "*microblaze*#0" && bscan=="USER2" }
rst -system
after 3000
targets -set -nocase -filter {name =~ "*microblaze*#0" && bscan=="USER2" }
dow C:/ECE_385/Lab_6/Lab_6.2/lab_6.2_anna/lab_6.2_anna_sdk/ball_project/Debug/ball_project.elf
----------------End of Script----------------

16:27:26 INFO  : Context for processor 'microblaze_0' is selected.
16:27:26 INFO  : 'con' command is executed.
16:27:26 INFO  : ----------------XSDB Script (After Launch)----------------
targets -set -nocase -filter {name =~ "*microblaze*#0" && bscan=="USER2" }
con
----------------End of Script----------------

16:27:26 INFO  : Launch script is exported to file 'C:\ECE_385\Lab_6\Lab_6.2\lab_6.2_anna\lab_6.2_anna_sdk\ball_project_system\_ide\scripts\debugger_ball_project-default.tcl'
16:33:58 INFO  : Disconnected from the channel tcfchan#6.
16:33:59 INFO  : Connected to target on host '127.0.0.1' and port '3121'.
16:34:01 INFO  : Jtag cable 'RealDigital Boo 887100000012A' is selected.
16:34:02 INFO  : 'jtag frequency' command is executed.
16:34:03 INFO  : 'targets -set -filter {jtag_cable_name =~ "RealDigital Boo 887100000012A" && level==0 && jtag_device_ctx=="jsn3-0362f093-0"}' command is executed.
16:34:05 INFO  : Device configured successfully with "C:/ECE_385/Lab_6/Lab_6.2/lab_6.2_anna/lab_6.2_anna_sdk/ball_project/_ide/bitstream/mb_usb_hdmi_top.bit"
16:34:05 INFO  : Context for processor 'microblaze_0' is selected.
16:34:05 INFO  : Hardware design and registers information is loaded from 'C:/ECE_385/Lab_6/Lab_6.2/lab_6.2_anna/lab_6.2_anna_sdk/mb_usb_hdmi_top/export/mb_usb_hdmi_top/hw/mb_usb_hdmi_top.xsa'.
16:34:05 INFO  : 'configparams mdm-detect-bscan-mask 2' command is executed.
16:34:06 INFO  : Context for processor 'microblaze_0' is selected.
16:34:06 INFO  : System reset is completed.
16:34:09 INFO  : 'after 3000' command is executed.
16:34:09 INFO  : Context for processor 'microblaze_0' is selected.
16:34:10 INFO  : The application 'C:/ECE_385/Lab_6/Lab_6.2/lab_6.2_anna/lab_6.2_anna_sdk/ball_project/Debug/ball_project.elf' is downloaded to processor 'microblaze_0'.
16:34:10 INFO  : ----------------XSDB Script----------------
connect -url tcp:127.0.0.1:3121
targets -set -filter {jtag_cable_name =~ "RealDigital Boo 887100000012A" && level==0 && jtag_device_ctx=="jsn3-0362f093-0"}
fpga -file C:/ECE_385/Lab_6/Lab_6.2/lab_6.2_anna/lab_6.2_anna_sdk/ball_project/_ide/bitstream/mb_usb_hdmi_top.bit
targets -set -nocase -filter {name =~ "*microblaze*#0" && bscan=="USER2" }
loadhw -hw C:/ECE_385/Lab_6/Lab_6.2/lab_6.2_anna/lab_6.2_anna_sdk/mb_usb_hdmi_top/export/mb_usb_hdmi_top/hw/mb_usb_hdmi_top.xsa -regs
configparams mdm-detect-bscan-mask 2
targets -set -nocase -filter {name =~ "*microblaze*#0" && bscan=="USER2" }
rst -system
after 3000
targets -set -nocase -filter {name =~ "*microblaze*#0" && bscan=="USER2" }
dow C:/ECE_385/Lab_6/Lab_6.2/lab_6.2_anna/lab_6.2_anna_sdk/ball_project/Debug/ball_project.elf
----------------End of Script----------------

16:34:10 INFO  : Context for processor 'microblaze_0' is selected.
16:34:10 INFO  : 'con' command is executed.
16:34:10 INFO  : ----------------XSDB Script (After Launch)----------------
targets -set -nocase -filter {name =~ "*microblaze*#0" && bscan=="USER2" }
con
----------------End of Script----------------

16:34:10 INFO  : Launch script is exported to file 'C:\ECE_385\Lab_6\Lab_6.2\lab_6.2_anna\lab_6.2_anna_sdk\ball_project_system\_ide\scripts\debugger_ball_project-default.tcl'
17:01:46 INFO  : Result from executing command 'removePlatformRepo': 
17:02:24 INFO  : Result from executing command 'getProjects': mb_usb_hdmi_top
17:02:24 INFO  : Result from executing command 'getPlatforms': 
17:02:25 INFO  : Checking for BSP changes to sync application flags for project 'ball_project'...
17:02:40 INFO  : Disconnected from the channel tcfchan#7.
17:02:41 INFO  : Connected to target on host '127.0.0.1' and port '3121'.
17:02:41 INFO  : Jtag cable 'RealDigital Boo 887100000012A' is selected.
17:02:41 INFO  : 'jtag frequency' command is executed.
17:02:42 INFO  : 'targets -set -filter {jtag_cable_name =~ "RealDigital Boo 887100000012A" && level==0 && jtag_device_ctx=="jsn3-0362f093-0"}' command is executed.
17:02:43 INFO  : Device configured successfully with "C:/ECE_385/Lab_6/Lab_6.2/lab_6.2_anna/lab_6.2_anna_sdk/ball_project/_ide/bitstream/mb_usb_hdmi_top.bit"
17:02:43 INFO  : Context for processor 'microblaze_0' is selected.
17:02:43 INFO  : Hardware design and registers information is loaded from 'C:/ECE_385/Lab_6/Lab_6.2/lab_6.2_anna/lab_6.2_anna_sdk/mb_usb_hdmi_top/export/mb_usb_hdmi_top/hw/mb_usb_hdmi_top.xsa'.
17:02:43 INFO  : 'configparams mdm-detect-bscan-mask 2' command is executed.
17:02:43 INFO  : Context for processor 'microblaze_0' is selected.
17:02:43 INFO  : System reset is completed.
17:02:46 INFO  : 'after 3000' command is executed.
17:02:46 INFO  : Context for processor 'microblaze_0' is selected.
17:02:46 INFO  : The application 'C:/ECE_385/Lab_6/Lab_6.2/lab_6.2_anna/lab_6.2_anna_sdk/ball_project/Debug/ball_project.elf' is downloaded to processor 'microblaze_0'.
17:02:46 INFO  : ----------------XSDB Script----------------
connect -url tcp:127.0.0.1:3121
targets -set -filter {jtag_cable_name =~ "RealDigital Boo 887100000012A" && level==0 && jtag_device_ctx=="jsn3-0362f093-0"}
fpga -file C:/ECE_385/Lab_6/Lab_6.2/lab_6.2_anna/lab_6.2_anna_sdk/ball_project/_ide/bitstream/mb_usb_hdmi_top.bit
targets -set -nocase -filter {name =~ "*microblaze*#0" && bscan=="USER2" }
loadhw -hw C:/ECE_385/Lab_6/Lab_6.2/lab_6.2_anna/lab_6.2_anna_sdk/mb_usb_hdmi_top/export/mb_usb_hdmi_top/hw/mb_usb_hdmi_top.xsa -regs
configparams mdm-detect-bscan-mask 2
targets -set -nocase -filter {name =~ "*microblaze*#0" && bscan=="USER2" }
rst -system
after 3000
targets -set -nocase -filter {name =~ "*microblaze*#0" && bscan=="USER2" }
dow C:/ECE_385/Lab_6/Lab_6.2/lab_6.2_anna/lab_6.2_anna_sdk/ball_project/Debug/ball_project.elf
----------------End of Script----------------

17:02:46 INFO  : Context for processor 'microblaze_0' is selected.
17:02:46 INFO  : 'con' command is executed.
17:02:46 INFO  : ----------------XSDB Script (After Launch)----------------
targets -set -nocase -filter {name =~ "*microblaze*#0" && bscan=="USER2" }
con
----------------End of Script----------------

17:02:46 INFO  : Launch script is exported to file 'C:\ECE_385\Lab_6\Lab_6.2\lab_6.2_anna\lab_6.2_anna_sdk\ball_project_system\_ide\scripts\debugger_ball_project-default.tcl'
18:34:28 INFO  : Hardware specification for platform project 'mb_usb_hdmi_top' is updated.
18:35:04 INFO  : Result from executing command 'removePlatformRepo': 
18:35:32 INFO  : Result from executing command 'getProjects': mb_usb_hdmi_top
18:35:32 INFO  : Result from executing command 'getPlatforms': 
18:35:33 INFO  : Checking for BSP changes to sync application flags for project 'ball_project'...
18:35:54 INFO  : Disconnected from the channel tcfchan#10.
18:35:55 INFO  : The hardware specification used by project 'ball_project' is out of sync with the platform. Resource files extracted from the hardware specification will be updated.
18:35:55 INFO  : The file 'C:\ECE_385\Lab_6\Lab_6.2\lab_6.2_anna\lab_6.2_anna_sdk\ball_project\_ide\bitstream\mb_usb_hdmi_top.bit' stored in project is removed.
18:35:55 INFO  : The file 'C:\ECE_385\Lab_6\Lab_6.2\lab_6.2_anna\lab_6.2_anna_sdk\ball_project\_ide\bitstream\mb_usb_hdmi_top.mmi' stored in project is removed.
18:35:55 INFO  : The updated bitstream files are copied from platform to folder 'C:\ECE_385\Lab_6\Lab_6.2\lab_6.2_anna\lab_6.2_anna_sdk\ball_project\_ide\bitstream' in project 'ball_project'.
18:35:55 INFO  : Connected to target on host '127.0.0.1' and port '3121'.
18:35:56 INFO  : Jtag cable 'RealDigital Boo 887100000012A' is selected.
18:35:56 INFO  : 'jtag frequency' command is executed.
18:35:56 INFO  : 'targets -set -filter {jtag_cable_name =~ "RealDigital Boo 887100000012A" && level==0 && jtag_device_ctx=="jsn4-0362f093-0"}' command is executed.
18:35:57 INFO  : Device configured successfully with "C:/ECE_385/Lab_6/Lab_6.2/lab_6.2_anna/lab_6.2_anna_sdk/ball_project/_ide/bitstream/mb_usb_hdmi_top.bit"
18:35:58 INFO  : Context for processor 'microblaze_0' is selected.
18:35:58 INFO  : Hardware design and registers information is loaded from 'C:/ECE_385/Lab_6/Lab_6.2/lab_6.2_anna/lab_6.2_anna_sdk/mb_usb_hdmi_top/export/mb_usb_hdmi_top/hw/mb_usb_hdmi_top.xsa'.
18:35:58 INFO  : 'configparams mdm-detect-bscan-mask 2' command is executed.
18:35:58 INFO  : Context for processor 'microblaze_0' is selected.
18:35:58 INFO  : System reset is completed.
18:36:01 INFO  : 'after 3000' command is executed.
18:36:01 INFO  : Context for processor 'microblaze_0' is selected.
18:36:01 INFO  : The application 'C:/ECE_385/Lab_6/Lab_6.2/lab_6.2_anna/lab_6.2_anna_sdk/ball_project/Debug/ball_project.elf' is downloaded to processor 'microblaze_0'.
18:36:01 INFO  : ----------------XSDB Script----------------
connect -url tcp:127.0.0.1:3121
targets -set -filter {jtag_cable_name =~ "RealDigital Boo 887100000012A" && level==0 && jtag_device_ctx=="jsn4-0362f093-0"}
fpga -file C:/ECE_385/Lab_6/Lab_6.2/lab_6.2_anna/lab_6.2_anna_sdk/ball_project/_ide/bitstream/mb_usb_hdmi_top.bit
targets -set -nocase -filter {name =~ "*microblaze*#0" && bscan=="USER2" }
loadhw -hw C:/ECE_385/Lab_6/Lab_6.2/lab_6.2_anna/lab_6.2_anna_sdk/mb_usb_hdmi_top/export/mb_usb_hdmi_top/hw/mb_usb_hdmi_top.xsa -regs
configparams mdm-detect-bscan-mask 2
targets -set -nocase -filter {name =~ "*microblaze*#0" && bscan=="USER2" }
rst -system
after 3000
targets -set -nocase -filter {name =~ "*microblaze*#0" && bscan=="USER2" }
dow C:/ECE_385/Lab_6/Lab_6.2/lab_6.2_anna/lab_6.2_anna_sdk/ball_project/Debug/ball_project.elf
----------------End of Script----------------

18:36:01 INFO  : Context for processor 'microblaze_0' is selected.
18:36:01 INFO  : 'con' command is executed.
18:36:01 INFO  : ----------------XSDB Script (After Launch)----------------
targets -set -nocase -filter {name =~ "*microblaze*#0" && bscan=="USER2" }
con
----------------End of Script----------------

18:36:01 INFO  : Launch script is exported to file 'C:\ECE_385\Lab_6\Lab_6.2\lab_6.2_anna\lab_6.2_anna_sdk\ball_project_system\_ide\scripts\debugger_ball_project-default.tcl'
