05:30:18 DEBUG : Logs will be stored at 'C:/Users/sidra/Documents/GitHub/ECE_385/Lab_7/7.2/lab7.2_sid/lab7.2_sid.sdk/IDE.log'.
05:30:23 INFO  : Platform repository initialization has completed.
05:30:23 INFO  : Launching XSCT server: xsct.bat -n  -interactive C:\Users\sidra\Documents\GitHub\ECE_385\Lab_7\7.2\lab7.2_sid\lab7.2_sid.sdk\temp_xsdb_launch_script.tcl
05:30:23 INFO  : Registering command handlers for Vitis TCF services
05:30:28 INFO  : XSCT server has started successfully.
05:30:28 INFO  : plnx-install-location is set to ''
05:30:32 INFO  : Successfully done setting XSCT server connection channel  
05:30:32 INFO  : Successfully done query RDI_DATADIR 
05:30:32 INFO  : Successfully done setting workspace for the tool. 
05:30:59 ERROR : (XSDB Server)ERROR: [Hsi 55-1562] Source directory C:/Users/sidra/Documents/GitHub/ECE_385/Lab_7/7.2/lab7.2_sid/lab7.2_sid.sdk/mb_usb_hdmi_top/hw/drivers\hdmi_text_controller_v1_0/src does not exist or is not a directory.

05:31:01 INFO  : Result from executing command 'getProjects': mb_usb_hdmi_top
05:31:01 INFO  : Result from executing command 'getPlatforms': 
05:31:01 WARN  : An unexpected exception occurred in the module 'platform project logging'
05:31:02 INFO  : Platform 'mb_usb_hdmi_top' is added to custom repositories.
05:31:04 INFO  : Platform 'mb_usb_hdmi_top' is added to custom repositories.
05:34:49 INFO  : Result from executing command 'getProjects': mb_usb_hdmi_top
05:34:49 INFO  : Result from executing command 'getPlatforms': mb_usb_hdmi_top|C:/Users/sidra/Documents/GitHub/ECE_385/Lab_7/7.2/lab7.2_sid/lab7.2_sid.sdk/mb_usb_hdmi_top/export/mb_usb_hdmi_top/mb_usb_hdmi_top.xpfm
05:36:11 INFO  : Checking for BSP changes to sync application flags for project 'mb_color'...
05:37:22 INFO  : Checking for BSP changes to sync application flags for project 'mb_color'...
05:37:56 INFO  : Connected to target on host '127.0.0.1' and port '3121'.
05:38:14 INFO  : ----------------XSDB Script----------------
connect -url tcp:127.0.0.1:3121
----------------End of Script----------------

05:38:14 ERROR : Could not find FPGA device on the board for connection 'Local'.


Troubleshooting hints:
1. Check whether board is connected to system properly.
2. In case of zynq board, check whether Digilent/Xilinx cable switch settings are correct.
3. If you are using Xilinx Platform Cable USB, ensure that status LED is green.
05:38:29 INFO  : Connected to target on host '127.0.0.1' and port '3121'.
05:38:29 INFO  : Jtag cable 'RealDigital Boo 8874292303C2A' is selected.
05:38:29 INFO  : 'jtag frequency' command is executed.
05:38:29 INFO  : 'targets -set -filter {jtag_cable_name =~ "RealDigital Boo 8874292303C2A" && level==0 && jtag_device_ctx=="jsn1-0362f093-0"}' command is executed.
05:38:30 INFO  : Device configured successfully with "C:/Users/sidra/Documents/GitHub/ECE_385/Lab_7/7.2/lab7.2_sid/lab7.2_sid.sdk/mb_color/_ide/bitstream/mb_usb_hdmi_top.bit"
05:38:30 INFO  : Context for processor 'microblaze_0' is selected.
05:38:30 INFO  : Hardware design and registers information is loaded from 'C:/Users/sidra/Documents/GitHub/ECE_385/Lab_7/7.2/lab7.2_sid/lab7.2_sid.sdk/mb_usb_hdmi_top/export/mb_usb_hdmi_top/hw/mb_usb_hdmi_top.xsa'.
05:38:30 INFO  : 'configparams mdm-detect-bscan-mask 2' command is executed.
05:38:31 INFO  : Context for processor 'microblaze_0' is selected.
05:38:31 INFO  : System reset is completed.
05:38:34 INFO  : 'after 3000' command is executed.
05:38:34 INFO  : Context for processor 'microblaze_0' is selected.
05:38:34 INFO  : The application 'C:/Users/sidra/Documents/GitHub/ECE_385/Lab_7/7.2/lab7.2_sid/lab7.2_sid.sdk/mb_color/Debug/mb_color.elf' is downloaded to processor 'microblaze_0'.
05:38:34 INFO  : ----------------XSDB Script----------------
connect -url tcp:127.0.0.1:3121
targets -set -filter {jtag_cable_name =~ "RealDigital Boo 8874292303C2A" && level==0 && jtag_device_ctx=="jsn1-0362f093-0"}
fpga -file C:/Users/sidra/Documents/GitHub/ECE_385/Lab_7/7.2/lab7.2_sid/lab7.2_sid.sdk/mb_color/_ide/bitstream/mb_usb_hdmi_top.bit
targets -set -nocase -filter {name =~ "*microblaze*#0" && bscan=="USER2" }
loadhw -hw C:/Users/sidra/Documents/GitHub/ECE_385/Lab_7/7.2/lab7.2_sid/lab7.2_sid.sdk/mb_usb_hdmi_top/export/mb_usb_hdmi_top/hw/mb_usb_hdmi_top.xsa -regs
configparams mdm-detect-bscan-mask 2
targets -set -nocase -filter {name =~ "*microblaze*#0" && bscan=="USER2" }
rst -system
after 3000
targets -set -nocase -filter {name =~ "*microblaze*#0" && bscan=="USER2" }
dow C:/Users/sidra/Documents/GitHub/ECE_385/Lab_7/7.2/lab7.2_sid/lab7.2_sid.sdk/mb_color/Debug/mb_color.elf
----------------End of Script----------------

05:38:34 INFO  : Context for processor 'microblaze_0' is selected.
05:38:34 INFO  : 'con' command is executed.
05:38:34 INFO  : ----------------XSDB Script (After Launch)----------------
targets -set -nocase -filter {name =~ "*microblaze*#0" && bscan=="USER2" }
con
----------------End of Script----------------

05:38:34 INFO  : Launch script is exported to file 'C:\Users\sidra\Documents\GitHub\ECE_385\Lab_7\7.2\lab7.2_sid\lab7.2_sid.sdk\mb_color_system\_ide\scripts\debugger_mb_color-default.tcl'
05:51:05 INFO  : Disconnected from the channel tcfchan#2.
05:51:06 INFO  : Connected to target on host '127.0.0.1' and port '3121'.
05:51:15 INFO  : ----------------XSDB Script----------------
connect -url tcp:127.0.0.1:3121
----------------End of Script----------------

05:51:15 ERROR : Could not find FPGA device on the board for connection 'Local'.


Troubleshooting hints:
1. Check whether board is connected to system properly.
2. In case of zynq board, check whether Digilent/Xilinx cable switch settings are correct.
3. If you are using Xilinx Platform Cable USB, ensure that status LED is green.
05:51:19 INFO  : Connected to target on host '127.0.0.1' and port '3121'.
05:51:19 INFO  : Jtag cable 'RealDigital Boo 8874292303C2A' is selected.
05:51:19 INFO  : 'jtag frequency' command is executed.
05:51:19 INFO  : 'targets -set -filter {jtag_cable_name =~ "RealDigital Boo 8874292303C2A" && level==0 && jtag_device_ctx=="jsn1-0362f093-0"}' command is executed.
05:51:20 INFO  : Device configured successfully with "C:/Users/sidra/Documents/GitHub/ECE_385/Lab_7/7.2/lab7.2_sid/lab7.2_sid.sdk/mb_color/_ide/bitstream/mb_usb_hdmi_top.bit"
05:51:21 INFO  : Context for processor 'microblaze_0' is selected.
05:51:21 INFO  : Hardware design and registers information is loaded from 'C:/Users/sidra/Documents/GitHub/ECE_385/Lab_7/7.2/lab7.2_sid/lab7.2_sid.sdk/mb_usb_hdmi_top/export/mb_usb_hdmi_top/hw/mb_usb_hdmi_top.xsa'.
05:51:21 INFO  : 'configparams mdm-detect-bscan-mask 2' command is executed.
05:51:21 INFO  : Context for processor 'microblaze_0' is selected.
05:51:21 INFO  : System reset is completed.
05:51:24 INFO  : 'after 3000' command is executed.
05:51:24 INFO  : Context for processor 'microblaze_0' is selected.
05:51:24 INFO  : The application 'C:/Users/sidra/Documents/GitHub/ECE_385/Lab_7/7.2/lab7.2_sid/lab7.2_sid.sdk/mb_color/Debug/mb_color.elf' is downloaded to processor 'microblaze_0'.
05:51:24 INFO  : ----------------XSDB Script----------------
connect -url tcp:127.0.0.1:3121
targets -set -filter {jtag_cable_name =~ "RealDigital Boo 8874292303C2A" && level==0 && jtag_device_ctx=="jsn1-0362f093-0"}
fpga -file C:/Users/sidra/Documents/GitHub/ECE_385/Lab_7/7.2/lab7.2_sid/lab7.2_sid.sdk/mb_color/_ide/bitstream/mb_usb_hdmi_top.bit
targets -set -nocase -filter {name =~ "*microblaze*#0" && bscan=="USER2" }
loadhw -hw C:/Users/sidra/Documents/GitHub/ECE_385/Lab_7/7.2/lab7.2_sid/lab7.2_sid.sdk/mb_usb_hdmi_top/export/mb_usb_hdmi_top/hw/mb_usb_hdmi_top.xsa -regs
configparams mdm-detect-bscan-mask 2
targets -set -nocase -filter {name =~ "*microblaze*#0" && bscan=="USER2" }
rst -system
after 3000
targets -set -nocase -filter {name =~ "*microblaze*#0" && bscan=="USER2" }
dow C:/Users/sidra/Documents/GitHub/ECE_385/Lab_7/7.2/lab7.2_sid/lab7.2_sid.sdk/mb_color/Debug/mb_color.elf
----------------End of Script----------------

05:51:24 INFO  : Context for processor 'microblaze_0' is selected.
05:51:24 INFO  : 'con' command is executed.
05:51:24 INFO  : ----------------XSDB Script (After Launch)----------------
targets -set -nocase -filter {name =~ "*microblaze*#0" && bscan=="USER2" }
con
----------------End of Script----------------

05:51:24 INFO  : Launch script is exported to file 'C:\Users\sidra\Documents\GitHub\ECE_385\Lab_7\7.2\lab7.2_sid\lab7.2_sid.sdk\mb_color_system\_ide\scripts\debugger_mb_color-default.tcl'
07:32:45 INFO  : Disconnected from the channel tcfchan#3.
21:54:05 DEBUG : Logs will be stored at 'C:/Users/sidra/Documents/GitHub/ECE_385/Lab_7/7.2/lab7.2_sid/lab7.2_sid.sdk/IDE.log'.
21:54:06 INFO  : Launching XSCT server: xsct.bat -n  -interactive C:\Users\sidra\Documents\GitHub\ECE_385\Lab_7\7.2\lab7.2_sid\lab7.2_sid.sdk\temp_xsdb_launch_script.tcl
21:54:12 INFO  : XSCT server has started successfully.
21:54:12 INFO  : Successfully done setting XSCT server connection channel  
21:54:12 INFO  : plnx-install-location is set to ''
21:54:12 INFO  : Successfully done setting workspace for the tool. 
21:54:13 INFO  : Platform repository initialization has completed.
21:54:13 INFO  : Registering command handlers for Vitis TCF services
21:54:21 INFO  : Successfully done query RDI_DATADIR 
21:54:48 INFO  : Hardware specification for platform project 'mb_usb_hdmi_top' is updated.
21:55:15 INFO  : Result from executing command 'getProjects': mb_usb_hdmi_top
21:55:15 INFO  : Result from executing command 'getPlatforms': mb_usb_hdmi_top|C:/Users/sidra/Documents/GitHub/ECE_385/Lab_7/7.2/lab7.2_sid/lab7.2_sid.sdk/mb_usb_hdmi_top/export/mb_usb_hdmi_top/mb_usb_hdmi_top.xpfm
21:55:20 INFO  : The hardware specification used by project 'mb_color' is out of sync with the platform. Resource files extracted from the hardware specification will be updated.
21:55:20 INFO  : The file 'C:\Users\sidra\Documents\GitHub\ECE_385\Lab_7\7.2\lab7.2_sid\lab7.2_sid.sdk\mb_color\_ide\bitstream\mb_usb_hdmi_top.bit' stored in project is removed.
21:55:20 INFO  : The file 'C:\Users\sidra\Documents\GitHub\ECE_385\Lab_7\7.2\lab7.2_sid\lab7.2_sid.sdk\mb_color\_ide\bitstream\mb_usb_hdmi_top.mmi' stored in project is removed.
21:55:20 INFO  : The updated bitstream files are copied from platform to folder 'C:\Users\sidra\Documents\GitHub\ECE_385\Lab_7\7.2\lab7.2_sid\lab7.2_sid.sdk\mb_color\_ide\bitstream' in project 'mb_color'.
21:55:22 INFO  : Connected to target on host '127.0.0.1' and port '3121'.
21:55:23 INFO  : Jtag cable 'RealDigital Boo 887100000012A' is selected.
21:55:23 INFO  : 'jtag frequency' command is executed.
21:55:24 INFO  : 'targets -set -filter {jtag_cable_name =~ "RealDigital Boo 887100000012A" && level==0 && jtag_device_ctx=="jsn1-0362f093-0"}' command is executed.
21:55:25 INFO  : Device configured successfully with "C:/Users/sidra/Documents/GitHub/ECE_385/Lab_7/7.2/lab7.2_sid/lab7.2_sid.sdk/mb_color/_ide/bitstream/mb_usb_hdmi_top.bit"
21:55:25 INFO  : Context for processor 'microblaze_0' is selected.
21:55:25 INFO  : Hardware design and registers information is loaded from 'C:/Users/sidra/Documents/GitHub/ECE_385/Lab_7/7.2/lab7.2_sid/lab7.2_sid.sdk/mb_usb_hdmi_top/export/mb_usb_hdmi_top/hw/mb_usb_hdmi_top.xsa'.
21:55:25 INFO  : 'configparams mdm-detect-bscan-mask 2' command is executed.
21:55:25 INFO  : Context for processor 'microblaze_0' is selected.
21:55:25 INFO  : System reset is completed.
21:55:28 INFO  : 'after 3000' command is executed.
21:55:28 INFO  : Context for processor 'microblaze_0' is selected.
21:55:29 INFO  : The application 'C:/Users/sidra/Documents/GitHub/ECE_385/Lab_7/7.2/lab7.2_sid/lab7.2_sid.sdk/mb_color/Debug/mb_color.elf' is downloaded to processor 'microblaze_0'.
21:55:29 INFO  : ----------------XSDB Script----------------
connect -url tcp:127.0.0.1:3121
targets -set -filter {jtag_cable_name =~ "RealDigital Boo 887100000012A" && level==0 && jtag_device_ctx=="jsn1-0362f093-0"}
fpga -file C:/Users/sidra/Documents/GitHub/ECE_385/Lab_7/7.2/lab7.2_sid/lab7.2_sid.sdk/mb_color/_ide/bitstream/mb_usb_hdmi_top.bit
targets -set -nocase -filter {name =~ "*microblaze*#0" && bscan=="USER2" }
loadhw -hw C:/Users/sidra/Documents/GitHub/ECE_385/Lab_7/7.2/lab7.2_sid/lab7.2_sid.sdk/mb_usb_hdmi_top/export/mb_usb_hdmi_top/hw/mb_usb_hdmi_top.xsa -regs
configparams mdm-detect-bscan-mask 2
targets -set -nocase -filter {name =~ "*microblaze*#0" && bscan=="USER2" }
rst -system
after 3000
targets -set -nocase -filter {name =~ "*microblaze*#0" && bscan=="USER2" }
dow C:/Users/sidra/Documents/GitHub/ECE_385/Lab_7/7.2/lab7.2_sid/lab7.2_sid.sdk/mb_color/Debug/mb_color.elf
----------------End of Script----------------

21:55:29 INFO  : Context for processor 'microblaze_0' is selected.
21:55:29 INFO  : 'con' command is executed.
21:55:29 INFO  : ----------------XSDB Script (After Launch)----------------
targets -set -nocase -filter {name =~ "*microblaze*#0" && bscan=="USER2" }
con
----------------End of Script----------------

21:55:29 INFO  : Launch script is exported to file 'C:\Users\sidra\Documents\GitHub\ECE_385\Lab_7\7.2\lab7.2_sid\lab7.2_sid.sdk\mb_color_system\_ide\scripts\debugger_mb_color-default.tcl'
22:11:56 INFO  : Disconnected from the channel tcfchan#2.
22:12:51 DEBUG : Logs will be stored at 'C:/Users/sidra/Documents/GitHub/ECE_385/Lab_7/7.2/lab7.2_sid/lab7.2_sid.sdk/IDE.log'.
22:12:52 INFO  : Launching XSCT server: xsct.bat -n  -interactive C:\Users\sidra\Documents\GitHub\ECE_385\Lab_7\7.2\lab7.2_sid\lab7.2_sid.sdk\temp_xsdb_launch_script.tcl
22:12:54 INFO  : Platform repository initialization has completed.
22:12:56 INFO  : XSCT server has started successfully.
22:12:56 INFO  : Successfully done setting XSCT server connection channel  
22:12:56 INFO  : plnx-install-location is set to ''
22:12:56 INFO  : Successfully done setting workspace for the tool. 
22:12:57 INFO  : Successfully done query RDI_DATADIR 
22:12:57 INFO  : Registering command handlers for Vitis TCF services
22:13:32 INFO  : Hardware specification for platform project 'mb_usb_hdmi_top' is updated.
22:13:46 INFO  : Result from executing command 'getProjects': mb_usb_hdmi_top
22:13:46 INFO  : Result from executing command 'getPlatforms': mb_usb_hdmi_top|C:/Users/sidra/Documents/GitHub/ECE_385/Lab_7/7.2/lab7.2_sid/lab7.2_sid.sdk/mb_usb_hdmi_top/export/mb_usb_hdmi_top/mb_usb_hdmi_top.xpfm
22:13:51 INFO  : The hardware specification used by project 'mb_color' is out of sync with the platform. Resource files extracted from the hardware specification will be updated.
22:13:51 INFO  : The file 'C:\Users\sidra\Documents\GitHub\ECE_385\Lab_7\7.2\lab7.2_sid\lab7.2_sid.sdk\mb_color\_ide\bitstream\mb_usb_hdmi_top.bit' stored in project is removed.
22:13:51 INFO  : The file 'C:\Users\sidra\Documents\GitHub\ECE_385\Lab_7\7.2\lab7.2_sid\lab7.2_sid.sdk\mb_color\_ide\bitstream\mb_usb_hdmi_top.mmi' stored in project is removed.
22:13:51 INFO  : The updated bitstream files are copied from platform to folder 'C:\Users\sidra\Documents\GitHub\ECE_385\Lab_7\7.2\lab7.2_sid\lab7.2_sid.sdk\mb_color\_ide\bitstream' in project 'mb_color'.
22:13:54 INFO  : Connected to target on host '127.0.0.1' and port '3121'.
22:13:54 INFO  : Jtag cable 'RealDigital Boo 887100000012A' is selected.
22:13:54 INFO  : 'jtag frequency' command is executed.
22:13:54 INFO  : 'targets -set -filter {jtag_cable_name =~ "RealDigital Boo 887100000012A" && level==0 && jtag_device_ctx=="jsn1-0362f093-0"}' command is executed.
22:13:55 INFO  : Device configured successfully with "C:/Users/sidra/Documents/GitHub/ECE_385/Lab_7/7.2/lab7.2_sid/lab7.2_sid.sdk/mb_color/_ide/bitstream/mb_usb_hdmi_top.bit"
22:13:56 INFO  : Context for processor 'microblaze_0' is selected.
22:13:56 INFO  : Hardware design and registers information is loaded from 'C:/Users/sidra/Documents/GitHub/ECE_385/Lab_7/7.2/lab7.2_sid/lab7.2_sid.sdk/mb_usb_hdmi_top/export/mb_usb_hdmi_top/hw/mb_usb_hdmi_top.xsa'.
22:13:56 INFO  : 'configparams mdm-detect-bscan-mask 2' command is executed.
22:13:56 INFO  : Context for processor 'microblaze_0' is selected.
22:13:56 INFO  : System reset is completed.
22:13:59 INFO  : 'after 3000' command is executed.
22:13:59 INFO  : Context for processor 'microblaze_0' is selected.
22:13:59 INFO  : The application 'C:/Users/sidra/Documents/GitHub/ECE_385/Lab_7/7.2/lab7.2_sid/lab7.2_sid.sdk/mb_color/Debug/mb_color.elf' is downloaded to processor 'microblaze_0'.
22:13:59 INFO  : ----------------XSDB Script----------------
connect -url tcp:127.0.0.1:3121
targets -set -filter {jtag_cable_name =~ "RealDigital Boo 887100000012A" && level==0 && jtag_device_ctx=="jsn1-0362f093-0"}
fpga -file C:/Users/sidra/Documents/GitHub/ECE_385/Lab_7/7.2/lab7.2_sid/lab7.2_sid.sdk/mb_color/_ide/bitstream/mb_usb_hdmi_top.bit
targets -set -nocase -filter {name =~ "*microblaze*#0" && bscan=="USER2" }
loadhw -hw C:/Users/sidra/Documents/GitHub/ECE_385/Lab_7/7.2/lab7.2_sid/lab7.2_sid.sdk/mb_usb_hdmi_top/export/mb_usb_hdmi_top/hw/mb_usb_hdmi_top.xsa -regs
configparams mdm-detect-bscan-mask 2
targets -set -nocase -filter {name =~ "*microblaze*#0" && bscan=="USER2" }
rst -system
after 3000
targets -set -nocase -filter {name =~ "*microblaze*#0" && bscan=="USER2" }
dow C:/Users/sidra/Documents/GitHub/ECE_385/Lab_7/7.2/lab7.2_sid/lab7.2_sid.sdk/mb_color/Debug/mb_color.elf
----------------End of Script----------------

22:14:00 INFO  : Context for processor 'microblaze_0' is selected.
22:14:00 INFO  : 'con' command is executed.
22:14:00 INFO  : ----------------XSDB Script (After Launch)----------------
targets -set -nocase -filter {name =~ "*microblaze*#0" && bscan=="USER2" }
con
----------------End of Script----------------

22:14:00 INFO  : Launch script is exported to file 'C:\Users\sidra\Documents\GitHub\ECE_385\Lab_7\7.2\lab7.2_sid\lab7.2_sid.sdk\mb_color_system\_ide\scripts\debugger_mb_color-default.tcl'
22:16:54 INFO  : Disconnected from the channel tcfchan#2.
22:16:56 INFO  : Connected to target on host '127.0.0.1' and port '3121'.
22:17:05 INFO  : ----------------XSDB Script----------------
connect -url tcp:127.0.0.1:3121
----------------End of Script----------------

22:17:05 ERROR : Could not find FPGA device on the board for connection 'Local'.


Troubleshooting hints:
1. Check whether board is connected to system properly.
2. In case of zynq board, check whether Digilent/Xilinx cable switch settings are correct.
3. If you are using Xilinx Platform Cable USB, ensure that status LED is green.
22:17:09 INFO  : Connected to target on host '127.0.0.1' and port '3121'.
22:17:09 INFO  : Jtag cable 'RealDigital Boo 887100000012A' is selected.
22:17:09 INFO  : 'jtag frequency' command is executed.
22:17:09 INFO  : 'targets -set -filter {jtag_cable_name =~ "RealDigital Boo 887100000012A" && level==0 && jtag_device_ctx=="jsn1-0362f093-0"}' command is executed.
22:17:11 INFO  : Device configured successfully with "C:/Users/sidra/Documents/GitHub/ECE_385/Lab_7/7.2/lab7.2_sid/lab7.2_sid.sdk/mb_color/_ide/bitstream/mb_usb_hdmi_top.bit"
22:17:11 INFO  : Context for processor 'microblaze_0' is selected.
22:17:11 INFO  : Hardware design and registers information is loaded from 'C:/Users/sidra/Documents/GitHub/ECE_385/Lab_7/7.2/lab7.2_sid/lab7.2_sid.sdk/mb_usb_hdmi_top/export/mb_usb_hdmi_top/hw/mb_usb_hdmi_top.xsa'.
22:17:11 INFO  : 'configparams mdm-detect-bscan-mask 2' command is executed.
22:17:11 INFO  : Context for processor 'microblaze_0' is selected.
22:17:11 INFO  : System reset is completed.
22:17:14 INFO  : 'after 3000' command is executed.
22:17:14 INFO  : Context for processor 'microblaze_0' is selected.
22:17:14 INFO  : The application 'C:/Users/sidra/Documents/GitHub/ECE_385/Lab_7/7.2/lab7.2_sid/lab7.2_sid.sdk/mb_color/Debug/mb_color.elf' is downloaded to processor 'microblaze_0'.
22:17:14 INFO  : ----------------XSDB Script----------------
connect -url tcp:127.0.0.1:3121
targets -set -filter {jtag_cable_name =~ "RealDigital Boo 887100000012A" && level==0 && jtag_device_ctx=="jsn1-0362f093-0"}
fpga -file C:/Users/sidra/Documents/GitHub/ECE_385/Lab_7/7.2/lab7.2_sid/lab7.2_sid.sdk/mb_color/_ide/bitstream/mb_usb_hdmi_top.bit
targets -set -nocase -filter {name =~ "*microblaze*#0" && bscan=="USER2" }
loadhw -hw C:/Users/sidra/Documents/GitHub/ECE_385/Lab_7/7.2/lab7.2_sid/lab7.2_sid.sdk/mb_usb_hdmi_top/export/mb_usb_hdmi_top/hw/mb_usb_hdmi_top.xsa -regs
configparams mdm-detect-bscan-mask 2
targets -set -nocase -filter {name =~ "*microblaze*#0" && bscan=="USER2" }
rst -system
after 3000
targets -set -nocase -filter {name =~ "*microblaze*#0" && bscan=="USER2" }
dow C:/Users/sidra/Documents/GitHub/ECE_385/Lab_7/7.2/lab7.2_sid/lab7.2_sid.sdk/mb_color/Debug/mb_color.elf
----------------End of Script----------------

22:17:15 INFO  : Context for processor 'microblaze_0' is selected.
22:17:15 INFO  : 'con' command is executed.
22:17:15 INFO  : ----------------XSDB Script (After Launch)----------------
targets -set -nocase -filter {name =~ "*microblaze*#0" && bscan=="USER2" }
con
----------------End of Script----------------

22:17:15 INFO  : Launch script is exported to file 'C:\Users\sidra\Documents\GitHub\ECE_385\Lab_7\7.2\lab7.2_sid\lab7.2_sid.sdk\mb_color_system\_ide\scripts\debugger_mb_color-default.tcl'
22:19:22 INFO  : Checking for BSP changes to sync application flags for project 'mb_color'...
22:19:33 INFO  : Disconnected from the channel tcfchan#3.
22:19:34 INFO  : Connected to target on host '127.0.0.1' and port '3121'.
22:19:43 INFO  : ----------------XSDB Script----------------
connect -url tcp:127.0.0.1:3121
----------------End of Script----------------

22:19:43 ERROR : Could not find FPGA device on the board for connection 'Local'.


Troubleshooting hints:
1. Check whether board is connected to system properly.
2. In case of zynq board, check whether Digilent/Xilinx cable switch settings are correct.
3. If you are using Xilinx Platform Cable USB, ensure that status LED is green.
22:19:45 INFO  : Connected to target on host '127.0.0.1' and port '3121'.
22:19:46 INFO  : Jtag cable 'RealDigital Boo 887100000012A' is selected.
22:19:46 INFO  : 'jtag frequency' command is executed.
22:19:46 INFO  : 'targets -set -filter {jtag_cable_name =~ "RealDigital Boo 887100000012A" && level==0 && jtag_device_ctx=="jsn1-0362f093-0"}' command is executed.
22:19:47 INFO  : Device configured successfully with "C:/Users/sidra/Documents/GitHub/ECE_385/Lab_7/7.2/lab7.2_sid/lab7.2_sid.sdk/mb_color/_ide/bitstream/mb_usb_hdmi_top.bit"
22:19:47 INFO  : Context for processor 'microblaze_0' is selected.
22:19:47 INFO  : Hardware design and registers information is loaded from 'C:/Users/sidra/Documents/GitHub/ECE_385/Lab_7/7.2/lab7.2_sid/lab7.2_sid.sdk/mb_usb_hdmi_top/export/mb_usb_hdmi_top/hw/mb_usb_hdmi_top.xsa'.
22:19:47 INFO  : 'configparams mdm-detect-bscan-mask 2' command is executed.
22:19:47 INFO  : Context for processor 'microblaze_0' is selected.
22:19:47 INFO  : System reset is completed.
22:19:50 INFO  : 'after 3000' command is executed.
22:19:50 INFO  : Context for processor 'microblaze_0' is selected.
22:19:51 INFO  : The application 'C:/Users/sidra/Documents/GitHub/ECE_385/Lab_7/7.2/lab7.2_sid/lab7.2_sid.sdk/mb_color/Debug/mb_color.elf' is downloaded to processor 'microblaze_0'.
22:19:51 INFO  : ----------------XSDB Script----------------
connect -url tcp:127.0.0.1:3121
targets -set -filter {jtag_cable_name =~ "RealDigital Boo 887100000012A" && level==0 && jtag_device_ctx=="jsn1-0362f093-0"}
fpga -file C:/Users/sidra/Documents/GitHub/ECE_385/Lab_7/7.2/lab7.2_sid/lab7.2_sid.sdk/mb_color/_ide/bitstream/mb_usb_hdmi_top.bit
targets -set -nocase -filter {name =~ "*microblaze*#0" && bscan=="USER2" }
loadhw -hw C:/Users/sidra/Documents/GitHub/ECE_385/Lab_7/7.2/lab7.2_sid/lab7.2_sid.sdk/mb_usb_hdmi_top/export/mb_usb_hdmi_top/hw/mb_usb_hdmi_top.xsa -regs
configparams mdm-detect-bscan-mask 2
targets -set -nocase -filter {name =~ "*microblaze*#0" && bscan=="USER2" }
rst -system
after 3000
targets -set -nocase -filter {name =~ "*microblaze*#0" && bscan=="USER2" }
dow C:/Users/sidra/Documents/GitHub/ECE_385/Lab_7/7.2/lab7.2_sid/lab7.2_sid.sdk/mb_color/Debug/mb_color.elf
----------------End of Script----------------

22:19:51 INFO  : Context for processor 'microblaze_0' is selected.
22:19:51 INFO  : 'con' command is executed.
22:19:51 INFO  : ----------------XSDB Script (After Launch)----------------
targets -set -nocase -filter {name =~ "*microblaze*#0" && bscan=="USER2" }
con
----------------End of Script----------------

22:19:51 INFO  : Launch script is exported to file 'C:\Users\sidra\Documents\GitHub\ECE_385\Lab_7\7.2\lab7.2_sid\lab7.2_sid.sdk\mb_color_system\_ide\scripts\debugger_mb_color-default.tcl'
22:21:33 INFO  : Disconnected from the channel tcfchan#4.
22:21:34 INFO  : Connected to target on host '127.0.0.1' and port '3121'.
22:21:43 INFO  : ----------------XSDB Script----------------
connect -url tcp:127.0.0.1:3121
----------------End of Script----------------

22:21:43 ERROR : Could not find FPGA device on the board for connection 'Local'.


Troubleshooting hints:
1. Check whether board is connected to system properly.
2. In case of zynq board, check whether Digilent/Xilinx cable switch settings are correct.
3. If you are using Xilinx Platform Cable USB, ensure that status LED is green.
22:21:43 INFO  : Connected to target on host '127.0.0.1' and port '3121'.
22:21:43 INFO  : Jtag cable 'RealDigital Boo 887100000012A' is selected.
22:21:43 INFO  : 'jtag frequency' command is executed.
22:21:43 INFO  : 'targets -set -filter {jtag_cable_name =~ "RealDigital Boo 887100000012A" && level==0 && jtag_device_ctx=="jsn1-0362f093-0"}' command is executed.
22:21:44 INFO  : Device configured successfully with "C:/Users/sidra/Documents/GitHub/ECE_385/Lab_7/7.2/lab7.2_sid/lab7.2_sid.sdk/mb_color/_ide/bitstream/mb_usb_hdmi_top.bit"
22:21:44 INFO  : Context for processor 'microblaze_0' is selected.
22:21:44 INFO  : Hardware design and registers information is loaded from 'C:/Users/sidra/Documents/GitHub/ECE_385/Lab_7/7.2/lab7.2_sid/lab7.2_sid.sdk/mb_usb_hdmi_top/export/mb_usb_hdmi_top/hw/mb_usb_hdmi_top.xsa'.
22:21:44 INFO  : 'configparams mdm-detect-bscan-mask 2' command is executed.
22:21:44 INFO  : Context for processor 'microblaze_0' is selected.
22:21:44 INFO  : System reset is completed.
22:21:47 INFO  : 'after 3000' command is executed.
22:21:47 INFO  : Context for processor 'microblaze_0' is selected.
22:21:48 INFO  : The application 'C:/Users/sidra/Documents/GitHub/ECE_385/Lab_7/7.2/lab7.2_sid/lab7.2_sid.sdk/mb_color/Debug/mb_color.elf' is downloaded to processor 'microblaze_0'.
22:21:48 INFO  : ----------------XSDB Script----------------
connect -url tcp:127.0.0.1:3121
targets -set -filter {jtag_cable_name =~ "RealDigital Boo 887100000012A" && level==0 && jtag_device_ctx=="jsn1-0362f093-0"}
fpga -file C:/Users/sidra/Documents/GitHub/ECE_385/Lab_7/7.2/lab7.2_sid/lab7.2_sid.sdk/mb_color/_ide/bitstream/mb_usb_hdmi_top.bit
targets -set -nocase -filter {name =~ "*microblaze*#0" && bscan=="USER2" }
loadhw -hw C:/Users/sidra/Documents/GitHub/ECE_385/Lab_7/7.2/lab7.2_sid/lab7.2_sid.sdk/mb_usb_hdmi_top/export/mb_usb_hdmi_top/hw/mb_usb_hdmi_top.xsa -regs
configparams mdm-detect-bscan-mask 2
targets -set -nocase -filter {name =~ "*microblaze*#0" && bscan=="USER2" }
rst -system
after 3000
targets -set -nocase -filter {name =~ "*microblaze*#0" && bscan=="USER2" }
dow C:/Users/sidra/Documents/GitHub/ECE_385/Lab_7/7.2/lab7.2_sid/lab7.2_sid.sdk/mb_color/Debug/mb_color.elf
----------------End of Script----------------

22:21:48 INFO  : Context for processor 'microblaze_0' is selected.
22:21:48 INFO  : 'con' command is executed.
22:21:48 INFO  : ----------------XSDB Script (After Launch)----------------
targets -set -nocase -filter {name =~ "*microblaze*#0" && bscan=="USER2" }
con
----------------End of Script----------------

22:21:48 INFO  : Launch script is exported to file 'C:\Users\sidra\Documents\GitHub\ECE_385\Lab_7\7.2\lab7.2_sid\lab7.2_sid.sdk\mb_color_system\_ide\scripts\debugger_mb_color-default.tcl'
22:22:07 INFO  : Checking for BSP changes to sync application flags for project 'mb_color'...
22:22:23 INFO  : Disconnected from the channel tcfchan#5.
22:22:24 INFO  : Connected to target on host '127.0.0.1' and port '3121'.
22:22:25 INFO  : Jtag cable 'RealDigital Boo 887100000012A' is selected.
22:22:25 INFO  : 'jtag frequency' command is executed.
22:22:29 ERROR : no targets found with "jtag_cable_name =~ "RealDigital Boo 887100000012A" && level==0 && jtag_device_ctx=="jsn1-0362f093-0"". available targets:
  1  xc7s50
22:22:29 ERROR : Exception occured while running Program Device.
java.lang.RuntimeException: no targets found with "jtag_cable_name =~ "RealDigital Boo 887100000012A" && level==0 && jtag_device_ctx=="jsn1-0362f093-0"". available targets:
  1  xc7s50
22:22:29 INFO  : ----------------XSDB Script----------------
connect -url tcp:127.0.0.1:3121
----------------End of Script----------------

22:22:29 ERROR : no targets found with "jtag_cable_name =~ "RealDigital Boo 887100000012A" && level==0 && jtag_device_ctx=="jsn1-0362f093-0"". available targets:
  1  xc7s50
22:22:49 INFO  : Connected to target on host '127.0.0.1' and port '3121'.
22:22:49 INFO  : Jtag cable 'RealDigital Boo 887100000012A' is selected.
22:22:49 INFO  : 'jtag frequency' command is executed.
22:22:52 ERROR : no targets found with "jtag_cable_name =~ "RealDigital Boo 887100000012A" && level==0 && jtag_device_ctx=="jsn1-0362f093-0"". available targets:
  1  xc7s50
22:22:52 ERROR : Exception occured while running Program Device.
java.lang.RuntimeException: no targets found with "jtag_cable_name =~ "RealDigital Boo 887100000012A" && level==0 && jtag_device_ctx=="jsn1-0362f093-0"". available targets:
  1  xc7s50
22:22:52 INFO  : ----------------XSDB Script----------------
connect -url tcp:127.0.0.1:3121
----------------End of Script----------------

22:22:52 ERROR : no targets found with "jtag_cable_name =~ "RealDigital Boo 887100000012A" && level==0 && jtag_device_ctx=="jsn1-0362f093-0"". available targets:
  1  xc7s50
22:23:08 INFO  : Connected to target on host '127.0.0.1' and port '3121'.
22:23:08 INFO  : Jtag cable 'RealDigital Boo 887100000012A' is selected.
22:23:08 INFO  : 'jtag frequency' command is executed.
22:23:11 ERROR : no targets found with "jtag_cable_name =~ "RealDigital Boo 887100000012A" && level==0 && jtag_device_ctx=="jsn1-0362f093-0"". available targets:
  1  xc7s50
22:23:11 ERROR : Exception occured while running Program Device.
java.lang.RuntimeException: no targets found with "jtag_cable_name =~ "RealDigital Boo 887100000012A" && level==0 && jtag_device_ctx=="jsn1-0362f093-0"". available targets:
  1  xc7s50
22:23:11 INFO  : ----------------XSDB Script----------------
connect -url tcp:127.0.0.1:3121
----------------End of Script----------------

22:23:11 ERROR : no targets found with "jtag_cable_name =~ "RealDigital Boo 887100000012A" && level==0 && jtag_device_ctx=="jsn1-0362f093-0"". available targets:
  1  xc7s50
22:23:26 INFO  : Connected to target on host '127.0.0.1' and port '3121'.
22:23:34 INFO  : Connected to target on host '127.0.0.1' and port '3121'.
22:23:34 INFO  : Jtag cable 'RealDigital Boo 887100000012A' is selected.
22:23:34 INFO  : 'jtag frequency' command is executed.
22:23:34 INFO  : 'targets -set -filter {jtag_cable_name =~ "RealDigital Boo 887100000012A" && level==0 && jtag_device_ctx=="jsn2-0362f093-0"}' command is executed.
22:23:35 INFO  : Device configured successfully with "C:/Users/sidra/Documents/GitHub/ECE_385/Lab_7/7.2/lab7.2_sid/lab7.2_sid.sdk/mb_color/_ide/bitstream/mb_usb_hdmi_top.bit"
22:23:36 INFO  : Context for processor 'microblaze_0' is selected.
22:23:36 INFO  : Hardware design and registers information is loaded from 'C:/Users/sidra/Documents/GitHub/ECE_385/Lab_7/7.2/lab7.2_sid/lab7.2_sid.sdk/mb_usb_hdmi_top/export/mb_usb_hdmi_top/hw/mb_usb_hdmi_top.xsa'.
22:23:36 INFO  : 'configparams mdm-detect-bscan-mask 2' command is executed.
22:23:36 INFO  : Context for processor 'microblaze_0' is selected.
22:23:36 INFO  : System reset is completed.
22:23:39 INFO  : 'after 3000' command is executed.
22:23:39 INFO  : Context for processor 'microblaze_0' is selected.
22:23:39 INFO  : The application 'C:/Users/sidra/Documents/GitHub/ECE_385/Lab_7/7.2/lab7.2_sid/lab7.2_sid.sdk/mb_color/Debug/mb_color.elf' is downloaded to processor 'microblaze_0'.
22:23:39 INFO  : ----------------XSDB Script----------------
connect -url tcp:127.0.0.1:3121
targets -set -filter {jtag_cable_name =~ "RealDigital Boo 887100000012A" && level==0 && jtag_device_ctx=="jsn2-0362f093-0"}
fpga -file C:/Users/sidra/Documents/GitHub/ECE_385/Lab_7/7.2/lab7.2_sid/lab7.2_sid.sdk/mb_color/_ide/bitstream/mb_usb_hdmi_top.bit
targets -set -nocase -filter {name =~ "*microblaze*#0" && bscan=="USER2"  && jtag_cable_name =~ "RealDigital Boo 887100000012A" && jtag_device_ctx=="jsn2-0362f093-0"}
loadhw -hw C:/Users/sidra/Documents/GitHub/ECE_385/Lab_7/7.2/lab7.2_sid/lab7.2_sid.sdk/mb_usb_hdmi_top/export/mb_usb_hdmi_top/hw/mb_usb_hdmi_top.xsa -regs
configparams mdm-detect-bscan-mask 2
targets -set -nocase -filter {name =~ "*microblaze*#0" && bscan=="USER2"  && jtag_cable_name =~ "RealDigital Boo 887100000012A" && jtag_device_ctx=="jsn2-0362f093-0"}
rst -system
after 3000
targets -set -nocase -filter {name =~ "*microblaze*#0" && bscan=="USER2"  && jtag_cable_name =~ "RealDigital Boo 887100000012A" && jtag_device_ctx=="jsn2-0362f093-0"}
dow C:/Users/sidra/Documents/GitHub/ECE_385/Lab_7/7.2/lab7.2_sid/lab7.2_sid.sdk/mb_color/Debug/mb_color.elf
----------------End of Script----------------

22:23:39 INFO  : Context for processor 'microblaze_0' is selected.
22:23:39 INFO  : 'con' command is executed.
22:23:39 INFO  : ----------------XSDB Script (After Launch)----------------
targets -set -nocase -filter {name =~ "*microblaze*#0" && bscan=="USER2"  && jtag_cable_name =~ "RealDigital Boo 887100000012A" && jtag_device_ctx=="jsn2-0362f093-0"}
con
----------------End of Script----------------

22:23:39 INFO  : Launch script is exported to file 'C:\Users\sidra\Documents\GitHub\ECE_385\Lab_7\7.2\lab7.2_sid\lab7.2_sid.sdk\mb_color_system\_ide\scripts\debugger_mb_color-default.tcl'
22:24:50 INFO  : Checking for BSP changes to sync application flags for project 'mb_color'...
22:24:57 INFO  : Disconnected from the channel tcfchan#6.
22:24:58 INFO  : Connected to target on host '127.0.0.1' and port '3121'.
22:24:58 INFO  : Jtag cable 'RealDigital Boo 887100000012A' is selected.
22:24:58 ERROR : port closed
22:24:58 INFO  : ----------------XSDB Script----------------
connect -url tcp:127.0.0.1:3121
----------------End of Script----------------

22:24:58 ERROR : port closed
22:25:18 INFO  : Connected to target on host '127.0.0.1' and port '3121'.
22:25:24 INFO  : Connected to target on host '127.0.0.1' and port '3121'.
22:25:24 INFO  : Jtag cable 'RealDigital Boo 887100000012A' is selected.
22:25:24 INFO  : 'jtag frequency' command is executed.
22:25:25 INFO  : 'targets -set -filter {jtag_cable_name =~ "RealDigital Boo 887100000012A" && level==0 && jtag_device_ctx=="jsn2-0362f093-0"}' command is executed.
22:25:26 INFO  : Device configured successfully with "C:/Users/sidra/Documents/GitHub/ECE_385/Lab_7/7.2/lab7.2_sid/lab7.2_sid.sdk/mb_color/_ide/bitstream/mb_usb_hdmi_top.bit"
22:25:26 INFO  : Context for processor 'microblaze_0' is selected.
22:25:26 INFO  : Hardware design and registers information is loaded from 'C:/Users/sidra/Documents/GitHub/ECE_385/Lab_7/7.2/lab7.2_sid/lab7.2_sid.sdk/mb_usb_hdmi_top/export/mb_usb_hdmi_top/hw/mb_usb_hdmi_top.xsa'.
22:25:26 INFO  : 'configparams mdm-detect-bscan-mask 2' command is executed.
22:25:26 INFO  : Context for processor 'microblaze_0' is selected.
22:25:26 INFO  : System reset is completed.
22:25:29 INFO  : 'after 3000' command is executed.
22:25:29 INFO  : Context for processor 'microblaze_0' is selected.
22:25:30 INFO  : The application 'C:/Users/sidra/Documents/GitHub/ECE_385/Lab_7/7.2/lab7.2_sid/lab7.2_sid.sdk/mb_color/Debug/mb_color.elf' is downloaded to processor 'microblaze_0'.
22:25:30 INFO  : ----------------XSDB Script----------------
connect -url tcp:127.0.0.1:3121
targets -set -filter {jtag_cable_name =~ "RealDigital Boo 887100000012A" && level==0 && jtag_device_ctx=="jsn2-0362f093-0"}
fpga -file C:/Users/sidra/Documents/GitHub/ECE_385/Lab_7/7.2/lab7.2_sid/lab7.2_sid.sdk/mb_color/_ide/bitstream/mb_usb_hdmi_top.bit
targets -set -nocase -filter {name =~ "*microblaze*#0" && bscan=="USER2"  && jtag_cable_name =~ "RealDigital Boo 887100000012A" && jtag_device_ctx=="jsn2-0362f093-0"}
loadhw -hw C:/Users/sidra/Documents/GitHub/ECE_385/Lab_7/7.2/lab7.2_sid/lab7.2_sid.sdk/mb_usb_hdmi_top/export/mb_usb_hdmi_top/hw/mb_usb_hdmi_top.xsa -regs
configparams mdm-detect-bscan-mask 2
targets -set -nocase -filter {name =~ "*microblaze*#0" && bscan=="USER2"  && jtag_cable_name =~ "RealDigital Boo 887100000012A" && jtag_device_ctx=="jsn2-0362f093-0"}
rst -system
after 3000
targets -set -nocase -filter {name =~ "*microblaze*#0" && bscan=="USER2"  && jtag_cable_name =~ "RealDigital Boo 887100000012A" && jtag_device_ctx=="jsn2-0362f093-0"}
dow C:/Users/sidra/Documents/GitHub/ECE_385/Lab_7/7.2/lab7.2_sid/lab7.2_sid.sdk/mb_color/Debug/mb_color.elf
----------------End of Script----------------

22:25:30 INFO  : Context for processor 'microblaze_0' is selected.
22:25:30 INFO  : 'con' command is executed.
22:25:30 INFO  : ----------------XSDB Script (After Launch)----------------
targets -set -nocase -filter {name =~ "*microblaze*#0" && bscan=="USER2"  && jtag_cable_name =~ "RealDigital Boo 887100000012A" && jtag_device_ctx=="jsn2-0362f093-0"}
con
----------------End of Script----------------

22:25:30 INFO  : Launch script is exported to file 'C:\Users\sidra\Documents\GitHub\ECE_385\Lab_7\7.2\lab7.2_sid\lab7.2_sid.sdk\mb_color_system\_ide\scripts\debugger_mb_color-default.tcl'
22:31:55 INFO  : Checking for BSP changes to sync application flags for project 'mb_color'...
22:32:33 INFO  : Disconnected from the channel tcfchan#7.
22:32:34 INFO  : Connected to target on host '127.0.0.1' and port '3121'.
22:32:34 INFO  : Jtag cable 'RealDigital Boo 887100000012A' is selected.
22:32:34 ERROR : port closed
22:32:34 INFO  : ----------------XSDB Script----------------
connect -url tcp:127.0.0.1:3121
----------------End of Script----------------

22:32:34 ERROR : port closed
22:32:36 INFO  : Connected to target on host '127.0.0.1' and port '3121'.
22:32:37 INFO  : Jtag cable 'RealDigital Boo 887100000012A' is selected.
22:32:37 INFO  : 'jtag frequency' command is executed.
22:32:37 INFO  : 'targets -set -filter {jtag_cable_name =~ "RealDigital Boo 887100000012A" && level==0 && jtag_device_ctx=="jsn2-0362f093-0"}' command is executed.
22:32:38 INFO  : Device configured successfully with "C:/Users/sidra/Documents/GitHub/ECE_385/Lab_7/7.2/lab7.2_sid/lab7.2_sid.sdk/mb_color/_ide/bitstream/mb_usb_hdmi_top.bit"
22:32:38 INFO  : Context for processor 'microblaze_0' is selected.
22:32:38 INFO  : Hardware design and registers information is loaded from 'C:/Users/sidra/Documents/GitHub/ECE_385/Lab_7/7.2/lab7.2_sid/lab7.2_sid.sdk/mb_usb_hdmi_top/export/mb_usb_hdmi_top/hw/mb_usb_hdmi_top.xsa'.
22:32:38 INFO  : 'configparams mdm-detect-bscan-mask 2' command is executed.
22:32:38 INFO  : Context for processor 'microblaze_0' is selected.
22:32:38 INFO  : System reset is completed.
22:32:41 INFO  : 'after 3000' command is executed.
22:32:41 INFO  : Context for processor 'microblaze_0' is selected.
22:32:42 INFO  : The application 'C:/Users/sidra/Documents/GitHub/ECE_385/Lab_7/7.2/lab7.2_sid/lab7.2_sid.sdk/mb_color/Debug/mb_color.elf' is downloaded to processor 'microblaze_0'.
22:32:42 INFO  : ----------------XSDB Script----------------
connect -url tcp:127.0.0.1:3121
targets -set -filter {jtag_cable_name =~ "RealDigital Boo 887100000012A" && level==0 && jtag_device_ctx=="jsn2-0362f093-0"}
fpga -file C:/Users/sidra/Documents/GitHub/ECE_385/Lab_7/7.2/lab7.2_sid/lab7.2_sid.sdk/mb_color/_ide/bitstream/mb_usb_hdmi_top.bit
targets -set -nocase -filter {name =~ "*microblaze*#0" && bscan=="USER2"  && jtag_cable_name =~ "RealDigital Boo 887100000012A" && jtag_device_ctx=="jsn2-0362f093-0"}
loadhw -hw C:/Users/sidra/Documents/GitHub/ECE_385/Lab_7/7.2/lab7.2_sid/lab7.2_sid.sdk/mb_usb_hdmi_top/export/mb_usb_hdmi_top/hw/mb_usb_hdmi_top.xsa -regs
configparams mdm-detect-bscan-mask 2
targets -set -nocase -filter {name =~ "*microblaze*#0" && bscan=="USER2"  && jtag_cable_name =~ "RealDigital Boo 887100000012A" && jtag_device_ctx=="jsn2-0362f093-0"}
rst -system
after 3000
targets -set -nocase -filter {name =~ "*microblaze*#0" && bscan=="USER2"  && jtag_cable_name =~ "RealDigital Boo 887100000012A" && jtag_device_ctx=="jsn2-0362f093-0"}
dow C:/Users/sidra/Documents/GitHub/ECE_385/Lab_7/7.2/lab7.2_sid/lab7.2_sid.sdk/mb_color/Debug/mb_color.elf
----------------End of Script----------------

22:32:42 INFO  : Context for processor 'microblaze_0' is selected.
22:32:42 INFO  : 'con' command is executed.
22:32:42 INFO  : ----------------XSDB Script (After Launch)----------------
targets -set -nocase -filter {name =~ "*microblaze*#0" && bscan=="USER2"  && jtag_cable_name =~ "RealDigital Boo 887100000012A" && jtag_device_ctx=="jsn2-0362f093-0"}
con
----------------End of Script----------------

22:32:42 INFO  : Launch script is exported to file 'C:\Users\sidra\Documents\GitHub\ECE_385\Lab_7\7.2\lab7.2_sid\lab7.2_sid.sdk\mb_color_system\_ide\scripts\debugger_mb_color-default.tcl'
22:34:43 INFO  : Checking for BSP changes to sync application flags for project 'mb_color'...
22:34:50 INFO  : Checking for BSP changes to sync application flags for project 'mb_color'...
22:34:55 INFO  : Disconnected from the channel tcfchan#8.
22:34:56 INFO  : Connected to target on host '127.0.0.1' and port '3121'.
22:34:56 INFO  : Jtag cable 'RealDigital Boo 887100000012A' is selected.
22:34:56 ERROR : port closed
22:34:56 INFO  : ----------------XSDB Script----------------
connect -url tcp:127.0.0.1:3121
----------------End of Script----------------

22:34:56 ERROR : port closed
22:34:58 INFO  : Connected to target on host '127.0.0.1' and port '3121'.
22:34:58 INFO  : Jtag cable 'RealDigital Boo 887100000012A' is selected.
22:34:58 INFO  : 'jtag frequency' command is executed.
22:34:59 INFO  : 'targets -set -filter {jtag_cable_name =~ "RealDigital Boo 887100000012A" && level==0 && jtag_device_ctx=="jsn2-0362f093-0"}' command is executed.
22:35:00 INFO  : Device configured successfully with "C:/Users/sidra/Documents/GitHub/ECE_385/Lab_7/7.2/lab7.2_sid/lab7.2_sid.sdk/mb_color/_ide/bitstream/mb_usb_hdmi_top.bit"
22:35:00 INFO  : Context for processor 'microblaze_0' is selected.
22:35:00 INFO  : Hardware design and registers information is loaded from 'C:/Users/sidra/Documents/GitHub/ECE_385/Lab_7/7.2/lab7.2_sid/lab7.2_sid.sdk/mb_usb_hdmi_top/export/mb_usb_hdmi_top/hw/mb_usb_hdmi_top.xsa'.
22:35:00 INFO  : 'configparams mdm-detect-bscan-mask 2' command is executed.
22:35:00 INFO  : Context for processor 'microblaze_0' is selected.
22:35:00 INFO  : System reset is completed.
22:35:03 INFO  : 'after 3000' command is executed.
22:35:03 INFO  : Context for processor 'microblaze_0' is selected.
22:35:04 INFO  : The application 'C:/Users/sidra/Documents/GitHub/ECE_385/Lab_7/7.2/lab7.2_sid/lab7.2_sid.sdk/mb_color/Debug/mb_color.elf' is downloaded to processor 'microblaze_0'.
22:35:04 INFO  : ----------------XSDB Script----------------
connect -url tcp:127.0.0.1:3121
targets -set -filter {jtag_cable_name =~ "RealDigital Boo 887100000012A" && level==0 && jtag_device_ctx=="jsn2-0362f093-0"}
fpga -file C:/Users/sidra/Documents/GitHub/ECE_385/Lab_7/7.2/lab7.2_sid/lab7.2_sid.sdk/mb_color/_ide/bitstream/mb_usb_hdmi_top.bit
targets -set -nocase -filter {name =~ "*microblaze*#0" && bscan=="USER2"  && jtag_cable_name =~ "RealDigital Boo 887100000012A" && jtag_device_ctx=="jsn2-0362f093-0"}
loadhw -hw C:/Users/sidra/Documents/GitHub/ECE_385/Lab_7/7.2/lab7.2_sid/lab7.2_sid.sdk/mb_usb_hdmi_top/export/mb_usb_hdmi_top/hw/mb_usb_hdmi_top.xsa -regs
configparams mdm-detect-bscan-mask 2
targets -set -nocase -filter {name =~ "*microblaze*#0" && bscan=="USER2"  && jtag_cable_name =~ "RealDigital Boo 887100000012A" && jtag_device_ctx=="jsn2-0362f093-0"}
rst -system
after 3000
targets -set -nocase -filter {name =~ "*microblaze*#0" && bscan=="USER2"  && jtag_cable_name =~ "RealDigital Boo 887100000012A" && jtag_device_ctx=="jsn2-0362f093-0"}
dow C:/Users/sidra/Documents/GitHub/ECE_385/Lab_7/7.2/lab7.2_sid/lab7.2_sid.sdk/mb_color/Debug/mb_color.elf
----------------End of Script----------------

22:35:04 INFO  : Context for processor 'microblaze_0' is selected.
22:35:04 INFO  : 'con' command is executed.
22:35:04 INFO  : ----------------XSDB Script (After Launch)----------------
targets -set -nocase -filter {name =~ "*microblaze*#0" && bscan=="USER2"  && jtag_cable_name =~ "RealDigital Boo 887100000012A" && jtag_device_ctx=="jsn2-0362f093-0"}
con
----------------End of Script----------------

22:35:04 INFO  : Launch script is exported to file 'C:\Users\sidra\Documents\GitHub\ECE_385\Lab_7\7.2\lab7.2_sid\lab7.2_sid.sdk\mb_color_system\_ide\scripts\debugger_mb_color-default.tcl'
22:36:05 INFO  : Checking for BSP changes to sync application flags for project 'mb_color'...
22:36:12 INFO  : Disconnected from the channel tcfchan#9.
22:36:13 INFO  : Connected to target on host '127.0.0.1' and port '3121'.
22:36:13 INFO  : Jtag cable 'RealDigital Boo 887100000012A' is selected.
22:36:13 ERROR : port closed
22:36:13 INFO  : ----------------XSDB Script----------------
connect -url tcp:127.0.0.1:3121
----------------End of Script----------------

22:36:13 ERROR : port closed
22:36:15 INFO  : Connected to target on host '127.0.0.1' and port '3121'.
22:36:15 INFO  : Jtag cable 'RealDigital Boo 887100000012A' is selected.
22:36:15 ERROR : port closed
22:36:15 INFO  : ----------------XSDB Script----------------
connect -url tcp:127.0.0.1:3121
----------------End of Script----------------

22:36:15 ERROR : port closed
22:36:18 INFO  : Connected to target on host '127.0.0.1' and port '3121'.
22:36:18 INFO  : Jtag cable 'RealDigital Boo 887100000012A' is selected.
22:36:18 INFO  : 'jtag frequency' command is executed.
22:36:18 INFO  : 'targets -set -filter {jtag_cable_name =~ "RealDigital Boo 887100000012A" && level==0 && jtag_device_ctx=="jsn2-0362f093-0"}' command is executed.
22:36:19 INFO  : Device configured successfully with "C:/Users/sidra/Documents/GitHub/ECE_385/Lab_7/7.2/lab7.2_sid/lab7.2_sid.sdk/mb_color/_ide/bitstream/mb_usb_hdmi_top.bit"
22:36:19 INFO  : Context for processor 'microblaze_0' is selected.
22:36:19 INFO  : Hardware design and registers information is loaded from 'C:/Users/sidra/Documents/GitHub/ECE_385/Lab_7/7.2/lab7.2_sid/lab7.2_sid.sdk/mb_usb_hdmi_top/export/mb_usb_hdmi_top/hw/mb_usb_hdmi_top.xsa'.
22:36:19 INFO  : 'configparams mdm-detect-bscan-mask 2' command is executed.
22:36:19 INFO  : Context for processor 'microblaze_0' is selected.
22:36:19 INFO  : System reset is completed.
22:36:22 INFO  : 'after 3000' command is executed.
22:36:22 INFO  : Context for processor 'microblaze_0' is selected.
22:36:23 INFO  : The application 'C:/Users/sidra/Documents/GitHub/ECE_385/Lab_7/7.2/lab7.2_sid/lab7.2_sid.sdk/mb_color/Debug/mb_color.elf' is downloaded to processor 'microblaze_0'.
22:36:23 INFO  : ----------------XSDB Script----------------
connect -url tcp:127.0.0.1:3121
targets -set -filter {jtag_cable_name =~ "RealDigital Boo 887100000012A" && level==0 && jtag_device_ctx=="jsn2-0362f093-0"}
fpga -file C:/Users/sidra/Documents/GitHub/ECE_385/Lab_7/7.2/lab7.2_sid/lab7.2_sid.sdk/mb_color/_ide/bitstream/mb_usb_hdmi_top.bit
targets -set -nocase -filter {name =~ "*microblaze*#0" && bscan=="USER2"  && jtag_cable_name =~ "RealDigital Boo 887100000012A" && jtag_device_ctx=="jsn2-0362f093-0"}
loadhw -hw C:/Users/sidra/Documents/GitHub/ECE_385/Lab_7/7.2/lab7.2_sid/lab7.2_sid.sdk/mb_usb_hdmi_top/export/mb_usb_hdmi_top/hw/mb_usb_hdmi_top.xsa -regs
configparams mdm-detect-bscan-mask 2
targets -set -nocase -filter {name =~ "*microblaze*#0" && bscan=="USER2"  && jtag_cable_name =~ "RealDigital Boo 887100000012A" && jtag_device_ctx=="jsn2-0362f093-0"}
rst -system
after 3000
targets -set -nocase -filter {name =~ "*microblaze*#0" && bscan=="USER2"  && jtag_cable_name =~ "RealDigital Boo 887100000012A" && jtag_device_ctx=="jsn2-0362f093-0"}
dow C:/Users/sidra/Documents/GitHub/ECE_385/Lab_7/7.2/lab7.2_sid/lab7.2_sid.sdk/mb_color/Debug/mb_color.elf
----------------End of Script----------------

22:36:23 INFO  : Context for processor 'microblaze_0' is selected.
22:36:23 INFO  : 'con' command is executed.
22:36:23 INFO  : ----------------XSDB Script (After Launch)----------------
targets -set -nocase -filter {name =~ "*microblaze*#0" && bscan=="USER2"  && jtag_cable_name =~ "RealDigital Boo 887100000012A" && jtag_device_ctx=="jsn2-0362f093-0"}
con
----------------End of Script----------------

22:36:23 INFO  : Launch script is exported to file 'C:\Users\sidra\Documents\GitHub\ECE_385\Lab_7\7.2\lab7.2_sid\lab7.2_sid.sdk\mb_color_system\_ide\scripts\debugger_mb_color-default.tcl'
22:39:38 INFO  : Checking for BSP changes to sync application flags for project 'mb_color'...
22:39:49 INFO  : Disconnected from the channel tcfchan#10.
22:39:51 INFO  : Connected to target on host '127.0.0.1' and port '3121'.
22:39:51 INFO  : Jtag cable 'RealDigital Boo 887100000012A' is selected.
22:39:51 ERROR : port closed
22:39:51 INFO  : ----------------XSDB Script----------------
connect -url tcp:127.0.0.1:3121
----------------End of Script----------------

22:39:51 ERROR : port closed
22:39:53 INFO  : Connected to target on host '127.0.0.1' and port '3121'.
22:39:53 INFO  : Jtag cable 'RealDigital Boo 887100000012A' is selected.
22:39:53 INFO  : 'jtag frequency' command is executed.
22:39:53 INFO  : 'targets -set -filter {jtag_cable_name =~ "RealDigital Boo 887100000012A" && level==0 && jtag_device_ctx=="jsn2-0362f093-0"}' command is executed.
22:39:54 INFO  : Device configured successfully with "C:/Users/sidra/Documents/GitHub/ECE_385/Lab_7/7.2/lab7.2_sid/lab7.2_sid.sdk/mb_color/_ide/bitstream/mb_usb_hdmi_top.bit"
22:39:55 INFO  : Context for processor 'microblaze_0' is selected.
22:39:55 INFO  : Hardware design and registers information is loaded from 'C:/Users/sidra/Documents/GitHub/ECE_385/Lab_7/7.2/lab7.2_sid/lab7.2_sid.sdk/mb_usb_hdmi_top/export/mb_usb_hdmi_top/hw/mb_usb_hdmi_top.xsa'.
22:39:55 INFO  : 'configparams mdm-detect-bscan-mask 2' command is executed.
22:39:55 INFO  : Context for processor 'microblaze_0' is selected.
22:39:55 INFO  : System reset is completed.
22:39:58 INFO  : 'after 3000' command is executed.
22:39:58 INFO  : Context for processor 'microblaze_0' is selected.
22:39:58 INFO  : The application 'C:/Users/sidra/Documents/GitHub/ECE_385/Lab_7/7.2/lab7.2_sid/lab7.2_sid.sdk/mb_color/Debug/mb_color.elf' is downloaded to processor 'microblaze_0'.
22:39:58 INFO  : ----------------XSDB Script----------------
connect -url tcp:127.0.0.1:3121
targets -set -filter {jtag_cable_name =~ "RealDigital Boo 887100000012A" && level==0 && jtag_device_ctx=="jsn2-0362f093-0"}
fpga -file C:/Users/sidra/Documents/GitHub/ECE_385/Lab_7/7.2/lab7.2_sid/lab7.2_sid.sdk/mb_color/_ide/bitstream/mb_usb_hdmi_top.bit
targets -set -nocase -filter {name =~ "*microblaze*#0" && bscan=="USER2"  && jtag_cable_name =~ "RealDigital Boo 887100000012A" && jtag_device_ctx=="jsn2-0362f093-0"}
loadhw -hw C:/Users/sidra/Documents/GitHub/ECE_385/Lab_7/7.2/lab7.2_sid/lab7.2_sid.sdk/mb_usb_hdmi_top/export/mb_usb_hdmi_top/hw/mb_usb_hdmi_top.xsa -regs
configparams mdm-detect-bscan-mask 2
targets -set -nocase -filter {name =~ "*microblaze*#0" && bscan=="USER2"  && jtag_cable_name =~ "RealDigital Boo 887100000012A" && jtag_device_ctx=="jsn2-0362f093-0"}
rst -system
after 3000
targets -set -nocase -filter {name =~ "*microblaze*#0" && bscan=="USER2"  && jtag_cable_name =~ "RealDigital Boo 887100000012A" && jtag_device_ctx=="jsn2-0362f093-0"}
dow C:/Users/sidra/Documents/GitHub/ECE_385/Lab_7/7.2/lab7.2_sid/lab7.2_sid.sdk/mb_color/Debug/mb_color.elf
----------------End of Script----------------

22:39:58 INFO  : Context for processor 'microblaze_0' is selected.
22:39:58 INFO  : 'con' command is executed.
22:39:58 INFO  : ----------------XSDB Script (After Launch)----------------
targets -set -nocase -filter {name =~ "*microblaze*#0" && bscan=="USER2"  && jtag_cable_name =~ "RealDigital Boo 887100000012A" && jtag_device_ctx=="jsn2-0362f093-0"}
con
----------------End of Script----------------

22:39:58 INFO  : Launch script is exported to file 'C:\Users\sidra\Documents\GitHub\ECE_385\Lab_7\7.2\lab7.2_sid\lab7.2_sid.sdk\mb_color_system\_ide\scripts\debugger_mb_color-default.tcl'
23:19:50 INFO  : Hardware specification for platform project 'mb_usb_hdmi_top' is updated.
23:20:30 INFO  : Result from executing command 'getProjects': mb_usb_hdmi_top
23:20:30 INFO  : Result from executing command 'getPlatforms': mb_usb_hdmi_top|C:/Users/sidra/Documents/GitHub/ECE_385/Lab_7/7.2/lab7.2_sid/lab7.2_sid.sdk/mb_usb_hdmi_top/export/mb_usb_hdmi_top/mb_usb_hdmi_top.xpfm
23:20:30 INFO  : Checking for BSP changes to sync application flags for project 'mb_color'...
23:20:38 INFO  : Disconnected from the channel tcfchan#11.
23:20:39 INFO  : The hardware specification used by project 'mb_color' is out of sync with the platform. Resource files extracted from the hardware specification will be updated.
23:20:39 INFO  : The file 'C:\Users\sidra\Documents\GitHub\ECE_385\Lab_7\7.2\lab7.2_sid\lab7.2_sid.sdk\mb_color\_ide\bitstream\mb_usb_hdmi_top.bit' stored in project is removed.
23:20:39 INFO  : The file 'C:\Users\sidra\Documents\GitHub\ECE_385\Lab_7\7.2\lab7.2_sid\lab7.2_sid.sdk\mb_color\_ide\bitstream\mb_usb_hdmi_top.mmi' stored in project is removed.
23:20:39 INFO  : The updated bitstream files are copied from platform to folder 'C:\Users\sidra\Documents\GitHub\ECE_385\Lab_7\7.2\lab7.2_sid\lab7.2_sid.sdk\mb_color\_ide\bitstream' in project 'mb_color'.
23:20:39 INFO  : Connected to target on host '127.0.0.1' and port '3121'.
23:20:40 INFO  : Jtag cable 'RealDigital Boo 887100000012A' is selected.
23:20:40 INFO  : 'jtag frequency' command is executed.
23:20:43 ERROR : no targets found with "jtag_cable_name =~ "RealDigital Boo 887100000012A" && level==0 && jtag_device_ctx=="jsn2-0362f093-0"". available targets:
  1  xc7s50
23:20:43 ERROR : Exception occured while running Program Device.
java.lang.RuntimeException: no targets found with "jtag_cable_name =~ "RealDigital Boo 887100000012A" && level==0 && jtag_device_ctx=="jsn2-0362f093-0"". available targets:
  1  xc7s50
23:20:43 INFO  : ----------------XSDB Script----------------
connect -url tcp:127.0.0.1:3121
----------------End of Script----------------

23:20:43 ERROR : no targets found with "jtag_cable_name =~ "RealDigital Boo 887100000012A" && level==0 && jtag_device_ctx=="jsn2-0362f093-0"". available targets:
  1  xc7s50
23:20:48 INFO  : Connected to target on host '127.0.0.1' and port '3121'.
23:20:48 INFO  : Jtag cable 'RealDigital Boo 887100000012A' is selected.
23:20:48 INFO  : 'jtag frequency' command is executed.
23:20:51 ERROR : no targets found with "jtag_cable_name =~ "RealDigital Boo 887100000012A" && level==0 && jtag_device_ctx=="jsn2-0362f093-0"". available targets:
  1  xc7s50
23:20:51 ERROR : Exception occured while running Program Device.
java.lang.RuntimeException: no targets found with "jtag_cable_name =~ "RealDigital Boo 887100000012A" && level==0 && jtag_device_ctx=="jsn2-0362f093-0"". available targets:
  1  xc7s50
23:20:51 INFO  : ----------------XSDB Script----------------
connect -url tcp:127.0.0.1:3121
----------------End of Script----------------

23:20:51 ERROR : no targets found with "jtag_cable_name =~ "RealDigital Boo 887100000012A" && level==0 && jtag_device_ctx=="jsn2-0362f093-0"". available targets:
  1  xc7s50
23:20:59 INFO  : Connected to target on host '127.0.0.1' and port '3121'.
23:21:02 INFO  : Connected to target on host '127.0.0.1' and port '3121'.
23:21:02 INFO  : Jtag cable 'RealDigital Boo 887100000012A' is selected.
23:21:02 INFO  : 'jtag frequency' command is executed.
23:21:03 INFO  : 'targets -set -filter {jtag_cable_name =~ "RealDigital Boo 887100000012A" && level==0 && jtag_device_ctx=="jsn3-0362f093-0"}' command is executed.
23:21:04 INFO  : Device configured successfully with "C:/Users/sidra/Documents/GitHub/ECE_385/Lab_7/7.2/lab7.2_sid/lab7.2_sid.sdk/mb_color/_ide/bitstream/mb_usb_hdmi_top.bit"
23:21:04 INFO  : Context for processor 'microblaze_0' is selected.
23:21:04 INFO  : Hardware design and registers information is loaded from 'C:/Users/sidra/Documents/GitHub/ECE_385/Lab_7/7.2/lab7.2_sid/lab7.2_sid.sdk/mb_usb_hdmi_top/export/mb_usb_hdmi_top/hw/mb_usb_hdmi_top.xsa'.
23:21:04 INFO  : 'configparams mdm-detect-bscan-mask 2' command is executed.
23:21:04 INFO  : Context for processor 'microblaze_0' is selected.
23:21:04 INFO  : System reset is completed.
23:21:07 INFO  : 'after 3000' command is executed.
23:21:07 INFO  : Context for processor 'microblaze_0' is selected.
23:21:08 INFO  : The application 'C:/Users/sidra/Documents/GitHub/ECE_385/Lab_7/7.2/lab7.2_sid/lab7.2_sid.sdk/mb_color/Debug/mb_color.elf' is downloaded to processor 'microblaze_0'.
23:21:08 INFO  : ----------------XSDB Script----------------
connect -url tcp:127.0.0.1:3121
targets -set -filter {jtag_cable_name =~ "RealDigital Boo 887100000012A" && level==0 && jtag_device_ctx=="jsn3-0362f093-0"}
fpga -file C:/Users/sidra/Documents/GitHub/ECE_385/Lab_7/7.2/lab7.2_sid/lab7.2_sid.sdk/mb_color/_ide/bitstream/mb_usb_hdmi_top.bit
targets -set -nocase -filter {name =~ "*microblaze*#0" && bscan=="USER2"  && jtag_cable_name =~ "RealDigital Boo 887100000012A" && jtag_device_ctx=="jsn3-0362f093-0"}
loadhw -hw C:/Users/sidra/Documents/GitHub/ECE_385/Lab_7/7.2/lab7.2_sid/lab7.2_sid.sdk/mb_usb_hdmi_top/export/mb_usb_hdmi_top/hw/mb_usb_hdmi_top.xsa -regs
configparams mdm-detect-bscan-mask 2
targets -set -nocase -filter {name =~ "*microblaze*#0" && bscan=="USER2"  && jtag_cable_name =~ "RealDigital Boo 887100000012A" && jtag_device_ctx=="jsn3-0362f093-0"}
rst -system
after 3000
targets -set -nocase -filter {name =~ "*microblaze*#0" && bscan=="USER2"  && jtag_cable_name =~ "RealDigital Boo 887100000012A" && jtag_device_ctx=="jsn3-0362f093-0"}
dow C:/Users/sidra/Documents/GitHub/ECE_385/Lab_7/7.2/lab7.2_sid/lab7.2_sid.sdk/mb_color/Debug/mb_color.elf
----------------End of Script----------------

23:21:08 INFO  : Context for processor 'microblaze_0' is selected.
23:21:08 INFO  : 'con' command is executed.
23:21:08 INFO  : ----------------XSDB Script (After Launch)----------------
targets -set -nocase -filter {name =~ "*microblaze*#0" && bscan=="USER2"  && jtag_cable_name =~ "RealDigital Boo 887100000012A" && jtag_device_ctx=="jsn3-0362f093-0"}
con
----------------End of Script----------------

23:21:08 INFO  : Launch script is exported to file 'C:\Users\sidra\Documents\GitHub\ECE_385\Lab_7\7.2\lab7.2_sid\lab7.2_sid.sdk\mb_color_system\_ide\scripts\debugger_mb_color-default.tcl'
23:21:57 INFO  : Checking for BSP changes to sync application flags for project 'mb_color'...
23:22:13 INFO  : Disconnected from the channel tcfchan#13.
23:22:14 INFO  : Connected to target on host '127.0.0.1' and port '3121'.
23:22:14 INFO  : Jtag cable 'RealDigital Boo 887100000012A' is selected.
23:22:14 ERROR : port closed
23:22:14 INFO  : ----------------XSDB Script----------------
connect -url tcp:127.0.0.1:3121
----------------End of Script----------------

23:22:14 ERROR : port closed
23:22:17 INFO  : Connected to target on host '127.0.0.1' and port '3121'.
23:22:17 INFO  : Jtag cable 'RealDigital Boo 887100000012A' is selected.
23:22:17 INFO  : 'jtag frequency' command is executed.
23:22:17 INFO  : 'targets -set -filter {jtag_cable_name =~ "RealDigital Boo 887100000012A" && level==0 && jtag_device_ctx=="jsn3-0362f093-0"}' command is executed.
23:22:19 INFO  : Device configured successfully with "C:/Users/sidra/Documents/GitHub/ECE_385/Lab_7/7.2/lab7.2_sid/lab7.2_sid.sdk/mb_color/_ide/bitstream/mb_usb_hdmi_top.bit"
23:22:19 INFO  : Context for processor 'microblaze_0' is selected.
23:22:19 INFO  : Hardware design and registers information is loaded from 'C:/Users/sidra/Documents/GitHub/ECE_385/Lab_7/7.2/lab7.2_sid/lab7.2_sid.sdk/mb_usb_hdmi_top/export/mb_usb_hdmi_top/hw/mb_usb_hdmi_top.xsa'.
23:22:19 INFO  : 'configparams mdm-detect-bscan-mask 2' command is executed.
23:22:19 INFO  : Context for processor 'microblaze_0' is selected.
23:22:19 INFO  : System reset is completed.
23:22:22 INFO  : 'after 3000' command is executed.
23:22:22 INFO  : Context for processor 'microblaze_0' is selected.
23:22:22 INFO  : The application 'C:/Users/sidra/Documents/GitHub/ECE_385/Lab_7/7.2/lab7.2_sid/lab7.2_sid.sdk/mb_color/Debug/mb_color.elf' is downloaded to processor 'microblaze_0'.
23:22:22 INFO  : ----------------XSDB Script----------------
connect -url tcp:127.0.0.1:3121
targets -set -filter {jtag_cable_name =~ "RealDigital Boo 887100000012A" && level==0 && jtag_device_ctx=="jsn3-0362f093-0"}
fpga -file C:/Users/sidra/Documents/GitHub/ECE_385/Lab_7/7.2/lab7.2_sid/lab7.2_sid.sdk/mb_color/_ide/bitstream/mb_usb_hdmi_top.bit
targets -set -nocase -filter {name =~ "*microblaze*#0" && bscan=="USER2"  && jtag_cable_name =~ "RealDigital Boo 887100000012A" && jtag_device_ctx=="jsn3-0362f093-0"}
loadhw -hw C:/Users/sidra/Documents/GitHub/ECE_385/Lab_7/7.2/lab7.2_sid/lab7.2_sid.sdk/mb_usb_hdmi_top/export/mb_usb_hdmi_top/hw/mb_usb_hdmi_top.xsa -regs
configparams mdm-detect-bscan-mask 2
targets -set -nocase -filter {name =~ "*microblaze*#0" && bscan=="USER2"  && jtag_cable_name =~ "RealDigital Boo 887100000012A" && jtag_device_ctx=="jsn3-0362f093-0"}
rst -system
after 3000
targets -set -nocase -filter {name =~ "*microblaze*#0" && bscan=="USER2"  && jtag_cable_name =~ "RealDigital Boo 887100000012A" && jtag_device_ctx=="jsn3-0362f093-0"}
dow C:/Users/sidra/Documents/GitHub/ECE_385/Lab_7/7.2/lab7.2_sid/lab7.2_sid.sdk/mb_color/Debug/mb_color.elf
----------------End of Script----------------

23:22:22 INFO  : Context for processor 'microblaze_0' is selected.
23:22:23 INFO  : 'con' command is executed.
23:22:23 INFO  : ----------------XSDB Script (After Launch)----------------
targets -set -nocase -filter {name =~ "*microblaze*#0" && bscan=="USER2"  && jtag_cable_name =~ "RealDigital Boo 887100000012A" && jtag_device_ctx=="jsn3-0362f093-0"}
con
----------------End of Script----------------

23:22:23 INFO  : Launch script is exported to file 'C:\Users\sidra\Documents\GitHub\ECE_385\Lab_7\7.2\lab7.2_sid\lab7.2_sid.sdk\mb_color_system\_ide\scripts\debugger_mb_color-default.tcl'
23:59:26 INFO  : Disconnected from the channel tcfchan#14.
