06:54:10 DEBUG : Logs will be stored at 'C:/Users/sidra/Documents/GitHub/ECE_385/Lab_6/Lab_6.2/lab_6.2_sid/lab_6.2_sid.sdk/IDE.log'.
06:54:12 INFO  : Platform repository initialization has completed.
06:54:12 INFO  : Launching XSCT server: xsct.bat -n  -interactive C:\Users\sidra\Documents\GitHub\ECE_385\Lab_6\Lab_6.2\lab_6.2_sid\lab_6.2_sid.sdk\temp_xsdb_launch_script.tcl
06:54:12 INFO  : Registering command handlers for Vitis TCF services
06:54:17 INFO  : XSCT server has started successfully.
06:54:19 INFO  : Successfully done setting XSCT server connection channel  
06:54:19 INFO  : plnx-install-location is set to ''
06:54:19 INFO  : Successfully done query RDI_DATADIR 
06:54:19 INFO  : Successfully done setting workspace for the tool. 
07:00:01 INFO  : Result from executing command 'getProjects': mb_usb_hdmi_top
07:00:01 INFO  : Result from executing command 'getPlatforms': 
07:00:01 WARN  : An unexpected exception occurred in the module 'platform project logging'
07:00:01 INFO  : Platform 'mb_usb_hdmi_top' is added to custom repositories.
07:00:03 INFO  : Platform 'mb_usb_hdmi_top' is added to custom repositories.
20:59:19 DEBUG : Logs will be stored at 'C:/Users/sidra/Documents/GitHub/ECE_385/Lab_6/Lab_6.2/lab_6.2_sid/lab_6.2_sid.sdk/IDE.log'.
20:59:20 INFO  : Launching XSCT server: xsct.bat -n  -interactive C:\Users\sidra\Documents\GitHub\ECE_385\Lab_6\Lab_6.2\lab_6.2_sid\lab_6.2_sid.sdk\temp_xsdb_launch_script.tcl
20:59:23 INFO  : Platform repository initialization has completed.
20:59:24 INFO  : Registering command handlers for Vitis TCF services
20:59:24 INFO  : XSCT server has started successfully.
20:59:29 INFO  : Successfully done setting XSCT server connection channel  
20:59:29 INFO  : plnx-install-location is set to ''
20:59:29 INFO  : Successfully done query RDI_DATADIR 
20:59:29 INFO  : Successfully done setting workspace for the tool. 
01:12:36 DEBUG : Logs will be stored at 'C:/Users/sidra/Documents/GitHub/ECE_385/Lab_6/Lab_6.2/lab_6.2_sid/lab_6.2_sid.sdk/IDE.log'.
01:12:37 INFO  : Launching XSCT server: xsct.bat -n  -interactive C:\Users\sidra\Documents\GitHub\ECE_385\Lab_6\Lab_6.2\lab_6.2_sid\lab_6.2_sid.sdk\temp_xsdb_launch_script.tcl
01:12:40 INFO  : Platform repository initialization has completed.
01:12:40 INFO  : Registering command handlers for Vitis TCF services
01:12:42 INFO  : XSCT server has started successfully.
01:12:42 INFO  : plnx-install-location is set to ''
01:12:42 INFO  : Successfully done setting XSCT server connection channel  
01:12:45 INFO  : Successfully done setting workspace for the tool. 
01:12:45 INFO  : Successfully done query RDI_DATADIR 
01:14:05 INFO  : Hardware specification for platform project 'mb_usb_hdmi_top' is updated.
01:15:30 INFO  : Result from executing command 'getProjects': mb_usb_hdmi_top
01:15:30 INFO  : Result from executing command 'getPlatforms': mb_usb_hdmi_top|C:/Users/sidra/Documents/GitHub/ECE_385/Lab_6/Lab_6.2/lab_6.2_sid/lab_6.2_sid.sdk/mb_usb_hdmi_top/export/mb_usb_hdmi_top/mb_usb_hdmi_top.xpfm
01:15:30 INFO  : Checking for BSP changes to sync application flags for project 'mb_ball'...
01:16:06 INFO  : The hardware specification used by project 'mb_ball' is out of sync with the platform. Resource files extracted from the hardware specification will be updated.
01:16:07 INFO  : The file 'C:\Users\sidra\Documents\GitHub\ECE_385\Lab_6\Lab_6.2\lab_6.2_sid\lab_6.2_sid.sdk\mb_ball\_ide\bitstream\mb_usb_hdmi_top.bit' stored in project is removed.
01:16:07 INFO  : The file 'C:\Users\sidra\Documents\GitHub\ECE_385\Lab_6\Lab_6.2\lab_6.2_sid\lab_6.2_sid.sdk\mb_ball\_ide\bitstream\mb_usb_hdmi_top.mmi' stored in project is removed.
01:16:07 INFO  : The updated bitstream files are copied from platform to folder 'C:\Users\sidra\Documents\GitHub\ECE_385\Lab_6\Lab_6.2\lab_6.2_sid\lab_6.2_sid.sdk\mb_ball\_ide\bitstream' in project 'mb_ball'.
01:16:09 INFO  : Connected to target on host '127.0.0.1' and port '3121'.
01:16:27 INFO  : ----------------XSDB Script----------------
connect -url tcp:127.0.0.1:3121
----------------End of Script----------------

01:16:27 ERROR : Could not find FPGA device on the board for connection 'Local'.


Troubleshooting hints:
1. Check whether board is connected to system properly.
2. In case of zynq board, check whether Digilent/Xilinx cable switch settings are correct.
3. If you are using Xilinx Platform Cable USB, ensure that status LED is green.
01:17:43 INFO  : Connected to target on host '127.0.0.1' and port '3121'.
01:17:43 INFO  : Jtag cable 'RealDigital Boo 8874292303C2A' is selected.
01:17:43 INFO  : 'jtag frequency' command is executed.
01:17:44 INFO  : 'targets -set -filter {jtag_cable_name =~ "RealDigital Boo 8874292303C2A" && level==0 && jtag_device_ctx=="jsn1-0362f093-0"}' command is executed.
01:17:45 INFO  : Device configured successfully with "C:/Users/sidra/Documents/GitHub/ECE_385/Lab_6/Lab_6.2/lab_6.2_sid/lab_6.2_sid.sdk/mb_ball/_ide/bitstream/mb_usb_hdmi_top.bit"
01:17:45 INFO  : Context for processor 'microblaze_0' is selected.
01:17:45 INFO  : Hardware design and registers information is loaded from 'C:/Users/sidra/Documents/GitHub/ECE_385/Lab_6/Lab_6.2/lab_6.2_sid/lab_6.2_sid.sdk/mb_usb_hdmi_top/export/mb_usb_hdmi_top/hw/mb_usb_hdmi_top.xsa'.
01:17:45 INFO  : 'configparams mdm-detect-bscan-mask 2' command is executed.
01:17:45 INFO  : Context for processor 'microblaze_0' is selected.
01:17:45 INFO  : System reset is completed.
01:17:48 INFO  : 'after 3000' command is executed.
01:17:48 INFO  : Context for processor 'microblaze_0' is selected.
01:17:48 INFO  : The application 'C:/Users/sidra/Documents/GitHub/ECE_385/Lab_6/Lab_6.2/lab_6.2_sid/lab_6.2_sid.sdk/mb_ball/Debug/mb_ball.elf' is downloaded to processor 'microblaze_0'.
01:17:48 INFO  : ----------------XSDB Script----------------
connect -url tcp:127.0.0.1:3121
targets -set -filter {jtag_cable_name =~ "RealDigital Boo 8874292303C2A" && level==0 && jtag_device_ctx=="jsn1-0362f093-0"}
fpga -file C:/Users/sidra/Documents/GitHub/ECE_385/Lab_6/Lab_6.2/lab_6.2_sid/lab_6.2_sid.sdk/mb_ball/_ide/bitstream/mb_usb_hdmi_top.bit
targets -set -nocase -filter {name =~ "*microblaze*#0" && bscan=="USER2" }
loadhw -hw C:/Users/sidra/Documents/GitHub/ECE_385/Lab_6/Lab_6.2/lab_6.2_sid/lab_6.2_sid.sdk/mb_usb_hdmi_top/export/mb_usb_hdmi_top/hw/mb_usb_hdmi_top.xsa -regs
configparams mdm-detect-bscan-mask 2
targets -set -nocase -filter {name =~ "*microblaze*#0" && bscan=="USER2" }
rst -system
after 3000
targets -set -nocase -filter {name =~ "*microblaze*#0" && bscan=="USER2" }
dow C:/Users/sidra/Documents/GitHub/ECE_385/Lab_6/Lab_6.2/lab_6.2_sid/lab_6.2_sid.sdk/mb_ball/Debug/mb_ball.elf
----------------End of Script----------------

01:17:49 INFO  : Context for processor 'microblaze_0' is selected.
01:17:49 INFO  : 'con' command is executed.
01:17:49 INFO  : ----------------XSDB Script (After Launch)----------------
targets -set -nocase -filter {name =~ "*microblaze*#0" && bscan=="USER2" }
con
----------------End of Script----------------

01:17:49 INFO  : Launch script is exported to file 'C:\Users\sidra\Documents\GitHub\ECE_385\Lab_6\Lab_6.2\lab_6.2_sid\lab_6.2_sid.sdk\mb_ball_system\_ide\scripts\debugger_mb_ball-default.tcl'
01:26:07 INFO  : Disconnected from the channel tcfchan#2.
01:26:08 INFO  : Connected to target on host '127.0.0.1' and port '3121'.
01:26:26 INFO  : ----------------XSDB Script----------------
connect -url tcp:127.0.0.1:3121
----------------End of Script----------------

01:26:26 ERROR : Could not find FPGA device on the board for connection 'Local'.


Troubleshooting hints:
1. Check whether board is connected to system properly.
2. In case of zynq board, check whether Digilent/Xilinx cable switch settings are correct.
3. If you are using Xilinx Platform Cable USB, ensure that status LED is green.
01:26:57 INFO  : Connected to target on host '127.0.0.1' and port '3121'.
01:26:57 INFO  : Jtag cable 'RealDigital Boo 8874292303C2A' is selected.
01:26:57 INFO  : 'jtag frequency' command is executed.
01:27:00 ERROR : no targets found with "jtag_cable_name =~ "RealDigital Boo 8874292303C2A" && level==0 && jtag_device_ctx=="jsn1-0362f093-0"". available targets:
  1  xc7s50
     2  MicroBlaze Debug Module at USER2
        3  MicroBlaze #0 (Running)
01:27:01 ERROR : Exception occured while running Program Device.
java.lang.RuntimeException: no targets found with "jtag_cable_name =~ "RealDigital Boo 8874292303C2A" && level==0 && jtag_device_ctx=="jsn1-0362f093-0"". available targets:
  1  xc7s50
     2  MicroBlaze Debug Module at USER2
        3  MicroBlaze #0 (Running)
01:27:01 INFO  : ----------------XSDB Script----------------
connect -url tcp:127.0.0.1:3121
----------------End of Script----------------

01:27:01 ERROR : no targets found with "jtag_cable_name =~ "RealDigital Boo 8874292303C2A" && level==0 && jtag_device_ctx=="jsn1-0362f093-0"". available targets:
  1  xc7s50
     2  MicroBlaze Debug Module at USER2
        3  MicroBlaze #0 (Running)
01:27:05 INFO  : Connected to target on host '127.0.0.1' and port '3121'.
01:27:06 INFO  : Jtag cable 'RealDigital Boo 8874292303C2A' is selected.
01:27:06 INFO  : 'jtag frequency' command is executed.
01:27:09 ERROR : no targets found with "jtag_cable_name =~ "RealDigital Boo 8874292303C2A" && level==0 && jtag_device_ctx=="jsn1-0362f093-0"". available targets:
  1  xc7s50
     2  MicroBlaze Debug Module at USER2
        3  MicroBlaze #0 (Running)
01:27:09 ERROR : Exception occured while running Program Device.
java.lang.RuntimeException: no targets found with "jtag_cable_name =~ "RealDigital Boo 8874292303C2A" && level==0 && jtag_device_ctx=="jsn1-0362f093-0"". available targets:
  1  xc7s50
     2  MicroBlaze Debug Module at USER2
        3  MicroBlaze #0 (Running)
01:27:09 INFO  : ----------------XSDB Script----------------
connect -url tcp:127.0.0.1:3121
----------------End of Script----------------

01:27:09 ERROR : no targets found with "jtag_cable_name =~ "RealDigital Boo 8874292303C2A" && level==0 && jtag_device_ctx=="jsn1-0362f093-0"". available targets:
  1  xc7s50
     2  MicroBlaze Debug Module at USER2
        3  MicroBlaze #0 (Running)
01:27:19 INFO  : Connected to target on host '127.0.0.1' and port '3121'.
01:27:19 INFO  : Jtag cable 'RealDigital Boo 8874292303C2A' is selected.
01:27:19 INFO  : 'jtag frequency' command is executed.
01:27:22 ERROR : no targets found with "jtag_cable_name =~ "RealDigital Boo 8874292303C2A" && level==0 && jtag_device_ctx=="jsn1-0362f093-0"". available targets:
  1  xc7s50
     2  MicroBlaze Debug Module at USER2
        3  MicroBlaze #0 (Running)
01:27:23 ERROR : Exception occured while running Program Device.
java.lang.RuntimeException: no targets found with "jtag_cable_name =~ "RealDigital Boo 8874292303C2A" && level==0 && jtag_device_ctx=="jsn1-0362f093-0"". available targets:
  1  xc7s50
     2  MicroBlaze Debug Module at USER2
        3  MicroBlaze #0 (Running)
01:27:23 INFO  : ----------------XSDB Script----------------
connect -url tcp:127.0.0.1:3121
----------------End of Script----------------

01:27:23 ERROR : no targets found with "jtag_cable_name =~ "RealDigital Boo 8874292303C2A" && level==0 && jtag_device_ctx=="jsn1-0362f093-0"". available targets:
  1  xc7s50
     2  MicroBlaze Debug Module at USER2
        3  MicroBlaze #0 (Running)
