
*** Running vivado
    with args -log hex_driver.vdi -applog -m64 -product Vivado -messageDb vivado.pb -mode batch -source hex_driver.tcl -notrace



****** Vivado v2022.2 (64-bit)
  **** SW Build 3671981 on Fri Oct 14 05:00:03 MDT 2022
  **** IP Build 3669848 on Fri Oct 14 08:30:02 MDT 2022
    ** Copyright 1986-2022 Xilinx, Inc. All Rights Reserved.

source hex_driver.tcl -notrace
create_project: Time (s): cpu = 00:00:07 ; elapsed = 00:00:08 . Memory (MB): peak = 373.551 ; gain = 52.441
INFO: [IP_Flow 19-234] Refreshing IP repositories
WARNING: [IP_Flow 19-2248] Failed to load user IP repository 'c:/Poker/graphics_controller_ip'; Can't find the specified path.
If this directory should no longer be in your list of user repositories, go to the IP Settings dialog and remove it.
INFO: [IP_Flow 19-1700] Loaded user IP repository 'c:/Poker/RD_hdmi_ip2020/hdmi_tx_1.0'.
INFO: [IP_Flow 19-2313] Loaded Vivado IP repository 'C:/Xilinx/Vivado/2022.2/data/ip'.
Command: link_design -top hex_driver -part xc7s50csga324-1
Design is defaulting to srcset: sources_1
Design is defaulting to constrset: constrs_1
INFO: [Device 21-403] Loading part xc7s50csga324-1
Netlist sorting complete. Time (s): cpu = 00:00:00 ; elapsed = 00:00:00.001 . Memory (MB): peak = 777.945 ; gain = 0.000
INFO: [Netlist 29-17] Analyzing 5 Unisim elements for replacement
INFO: [Netlist 29-28] Unisim Transformation completed in 0 CPU seconds
INFO: [Project 1-479] Netlist was created with Vivado 2022.2
INFO: [Project 1-570] Preparing netlist for logic optimization
Parsing XDC File [C:/Poker/graphics/pin_assignment/mb_usb_hdmi_top.xdc]
WARNING: [Vivado 12-584] No ports matched 'Clk'. [C:/Poker/graphics/pin_assignment/mb_usb_hdmi_top.xdc:1]
CRITICAL WARNING: [Vivado 12-4739] create_clock:No valid object(s) found for '-objects [get_ports Clk]'. [C:/Poker/graphics/pin_assignment/mb_usb_hdmi_top.xdc:1]
Resolution: Check if the specified object(s) exists in the current design. If it does, ensure that the correct design hierarchy was specified for the object. If you are working with clocks, make sure create_clock was used to create the clock object before it is referenced.
WARNING: [Vivado 12-584] No ports matched 'reset_rtl_0'. [C:/Poker/graphics/pin_assignment/mb_usb_hdmi_top.xdc:4]
CRITICAL WARNING: [Common 17-55] 'set_property' expects at least one object. [C:/Poker/graphics/pin_assignment/mb_usb_hdmi_top.xdc:4]
Resolution: If [get_<value>] was used to populate the object, check to make sure this command returns at least one valid object.
WARNING: [Vivado 12-584] No ports matched 'reset_rtl_0'. [C:/Poker/graphics/pin_assignment/mb_usb_hdmi_top.xdc:6]
CRITICAL WARNING: [Common 17-55] 'set_property' expects at least one object. [C:/Poker/graphics/pin_assignment/mb_usb_hdmi_top.xdc:6]
Resolution: If [get_<value>] was used to populate the object, check to make sure this command returns at least one valid object.
WARNING: [Vivado 12-584] No ports matched 'btn[0]'. [C:/Poker/graphics/pin_assignment/mb_usb_hdmi_top.xdc:9]
CRITICAL WARNING: [Common 17-55] 'set_property' expects at least one object. [C:/Poker/graphics/pin_assignment/mb_usb_hdmi_top.xdc:9]
Resolution: If [get_<value>] was used to populate the object, check to make sure this command returns at least one valid object.
WARNING: [Vivado 12-584] No ports matched 'btn[1]'. [C:/Poker/graphics/pin_assignment/mb_usb_hdmi_top.xdc:10]
CRITICAL WARNING: [Common 17-55] 'set_property' expects at least one object. [C:/Poker/graphics/pin_assignment/mb_usb_hdmi_top.xdc:10]
Resolution: If [get_<value>] was used to populate the object, check to make sure this command returns at least one valid object.
WARNING: [Vivado 12-584] No ports matched 'btn[2]'. [C:/Poker/graphics/pin_assignment/mb_usb_hdmi_top.xdc:11]
CRITICAL WARNING: [Common 17-55] 'set_property' expects at least one object. [C:/Poker/graphics/pin_assignment/mb_usb_hdmi_top.xdc:11]
Resolution: If [get_<value>] was used to populate the object, check to make sure this command returns at least one valid object.
WARNING: [Vivado 12-584] No ports matched 'btn[3]'. [C:/Poker/graphics/pin_assignment/mb_usb_hdmi_top.xdc:12]
CRITICAL WARNING: [Common 17-55] 'set_property' expects at least one object. [C:/Poker/graphics/pin_assignment/mb_usb_hdmi_top.xdc:12]
Resolution: If [get_<value>] was used to populate the object, check to make sure this command returns at least one valid object.
WARNING: [Vivado 12-584] No ports matched 'sw[0]'. [C:/Poker/graphics/pin_assignment/mb_usb_hdmi_top.xdc:16]
CRITICAL WARNING: [Common 17-55] 'set_property' expects at least one object. [C:/Poker/graphics/pin_assignment/mb_usb_hdmi_top.xdc:16]
Resolution: If [get_<value>] was used to populate the object, check to make sure this command returns at least one valid object.
WARNING: [Vivado 12-584] No ports matched 'sw[1]'. [C:/Poker/graphics/pin_assignment/mb_usb_hdmi_top.xdc:17]
CRITICAL WARNING: [Common 17-55] 'set_property' expects at least one object. [C:/Poker/graphics/pin_assignment/mb_usb_hdmi_top.xdc:17]
Resolution: If [get_<value>] was used to populate the object, check to make sure this command returns at least one valid object.
WARNING: [Vivado 12-584] No ports matched 'sw[2]'. [C:/Poker/graphics/pin_assignment/mb_usb_hdmi_top.xdc:18]
CRITICAL WARNING: [Common 17-55] 'set_property' expects at least one object. [C:/Poker/graphics/pin_assignment/mb_usb_hdmi_top.xdc:18]
Resolution: If [get_<value>] was used to populate the object, check to make sure this command returns at least one valid object.
WARNING: [Vivado 12-584] No ports matched 'sw[3]'. [C:/Poker/graphics/pin_assignment/mb_usb_hdmi_top.xdc:19]
CRITICAL WARNING: [Common 17-55] 'set_property' expects at least one object. [C:/Poker/graphics/pin_assignment/mb_usb_hdmi_top.xdc:19]
Resolution: If [get_<value>] was used to populate the object, check to make sure this command returns at least one valid object.
WARNING: [Vivado 12-584] No ports matched 'sw[4]'. [C:/Poker/graphics/pin_assignment/mb_usb_hdmi_top.xdc:20]
CRITICAL WARNING: [Common 17-55] 'set_property' expects at least one object. [C:/Poker/graphics/pin_assignment/mb_usb_hdmi_top.xdc:20]
Resolution: If [get_<value>] was used to populate the object, check to make sure this command returns at least one valid object.
WARNING: [Vivado 12-584] No ports matched 'sw[5]'. [C:/Poker/graphics/pin_assignment/mb_usb_hdmi_top.xdc:21]
CRITICAL WARNING: [Common 17-55] 'set_property' expects at least one object. [C:/Poker/graphics/pin_assignment/mb_usb_hdmi_top.xdc:21]
Resolution: If [get_<value>] was used to populate the object, check to make sure this command returns at least one valid object.
WARNING: [Vivado 12-584] No ports matched 'sw[6]'. [C:/Poker/graphics/pin_assignment/mb_usb_hdmi_top.xdc:22]
CRITICAL WARNING: [Common 17-55] 'set_property' expects at least one object. [C:/Poker/graphics/pin_assignment/mb_usb_hdmi_top.xdc:22]
Resolution: If [get_<value>] was used to populate the object, check to make sure this command returns at least one valid object.
WARNING: [Vivado 12-584] No ports matched 'sw[7]'. [C:/Poker/graphics/pin_assignment/mb_usb_hdmi_top.xdc:23]
CRITICAL WARNING: [Common 17-55] 'set_property' expects at least one object. [C:/Poker/graphics/pin_assignment/mb_usb_hdmi_top.xdc:23]
Resolution: If [get_<value>] was used to populate the object, check to make sure this command returns at least one valid object.
WARNING: [Vivado 12-584] No ports matched 'sw[8]'. [C:/Poker/graphics/pin_assignment/mb_usb_hdmi_top.xdc:24]
CRITICAL WARNING: [Common 17-55] 'set_property' expects at least one object. [C:/Poker/graphics/pin_assignment/mb_usb_hdmi_top.xdc:24]
Resolution: If [get_<value>] was used to populate the object, check to make sure this command returns at least one valid object.
WARNING: [Vivado 12-584] No ports matched 'sw[9]'. [C:/Poker/graphics/pin_assignment/mb_usb_hdmi_top.xdc:25]
CRITICAL WARNING: [Common 17-55] 'set_property' expects at least one object. [C:/Poker/graphics/pin_assignment/mb_usb_hdmi_top.xdc:25]
Resolution: If [get_<value>] was used to populate the object, check to make sure this command returns at least one valid object.
WARNING: [Vivado 12-584] No ports matched 'sw[10]'. [C:/Poker/graphics/pin_assignment/mb_usb_hdmi_top.xdc:26]
CRITICAL WARNING: [Common 17-55] 'set_property' expects at least one object. [C:/Poker/graphics/pin_assignment/mb_usb_hdmi_top.xdc:26]
Resolution: If [get_<value>] was used to populate the object, check to make sure this command returns at least one valid object.
WARNING: [Vivado 12-584] No ports matched 'sw[11]'. [C:/Poker/graphics/pin_assignment/mb_usb_hdmi_top.xdc:27]
CRITICAL WARNING: [Common 17-55] 'set_property' expects at least one object. [C:/Poker/graphics/pin_assignment/mb_usb_hdmi_top.xdc:27]
Resolution: If [get_<value>] was used to populate the object, check to make sure this command returns at least one valid object.
WARNING: [Vivado 12-584] No ports matched 'sw[12]'. [C:/Poker/graphics/pin_assignment/mb_usb_hdmi_top.xdc:28]
CRITICAL WARNING: [Common 17-55] 'set_property' expects at least one object. [C:/Poker/graphics/pin_assignment/mb_usb_hdmi_top.xdc:28]
Resolution: If [get_<value>] was used to populate the object, check to make sure this command returns at least one valid object.
WARNING: [Vivado 12-584] No ports matched 'sw[13]'. [C:/Poker/graphics/pin_assignment/mb_usb_hdmi_top.xdc:29]
CRITICAL WARNING: [Common 17-55] 'set_property' expects at least one object. [C:/Poker/graphics/pin_assignment/mb_usb_hdmi_top.xdc:29]
Resolution: If [get_<value>] was used to populate the object, check to make sure this command returns at least one valid object.
WARNING: [Vivado 12-584] No ports matched 'sw[14]'. [C:/Poker/graphics/pin_assignment/mb_usb_hdmi_top.xdc:30]
CRITICAL WARNING: [Common 17-55] 'set_property' expects at least one object. [C:/Poker/graphics/pin_assignment/mb_usb_hdmi_top.xdc:30]
Resolution: If [get_<value>] was used to populate the object, check to make sure this command returns at least one valid object.
WARNING: [Vivado 12-584] No ports matched 'hex_gridA[3]'. [C:/Poker/graphics/pin_assignment/mb_usb_hdmi_top.xdc:35]
CRITICAL WARNING: [Common 17-55] 'set_property' expects at least one object. [C:/Poker/graphics/pin_assignment/mb_usb_hdmi_top.xdc:35]
Resolution: If [get_<value>] was used to populate the object, check to make sure this command returns at least one valid object.
WARNING: [Vivado 12-584] No ports matched 'hex_gridA[2]'. [C:/Poker/graphics/pin_assignment/mb_usb_hdmi_top.xdc:36]
CRITICAL WARNING: [Common 17-55] 'set_property' expects at least one object. [C:/Poker/graphics/pin_assignment/mb_usb_hdmi_top.xdc:36]
Resolution: If [get_<value>] was used to populate the object, check to make sure this command returns at least one valid object.
WARNING: [Vivado 12-584] No ports matched 'hex_gridA[1]'. [C:/Poker/graphics/pin_assignment/mb_usb_hdmi_top.xdc:37]
CRITICAL WARNING: [Common 17-55] 'set_property' expects at least one object. [C:/Poker/graphics/pin_assignment/mb_usb_hdmi_top.xdc:37]
Resolution: If [get_<value>] was used to populate the object, check to make sure this command returns at least one valid object.
WARNING: [Vivado 12-584] No ports matched 'hex_gridA[0]'. [C:/Poker/graphics/pin_assignment/mb_usb_hdmi_top.xdc:38]
CRITICAL WARNING: [Common 17-55] 'set_property' expects at least one object. [C:/Poker/graphics/pin_assignment/mb_usb_hdmi_top.xdc:38]
Resolution: If [get_<value>] was used to populate the object, check to make sure this command returns at least one valid object.
WARNING: [Vivado 12-584] No ports matched 'hex_gridB[3]'. [C:/Poker/graphics/pin_assignment/mb_usb_hdmi_top.xdc:39]
CRITICAL WARNING: [Common 17-55] 'set_property' expects at least one object. [C:/Poker/graphics/pin_assignment/mb_usb_hdmi_top.xdc:39]
Resolution: If [get_<value>] was used to populate the object, check to make sure this command returns at least one valid object.
WARNING: [Vivado 12-584] No ports matched 'hex_gridB[2]'. [C:/Poker/graphics/pin_assignment/mb_usb_hdmi_top.xdc:40]
CRITICAL WARNING: [Common 17-55] 'set_property' expects at least one object. [C:/Poker/graphics/pin_assignment/mb_usb_hdmi_top.xdc:40]
Resolution: If [get_<value>] was used to populate the object, check to make sure this command returns at least one valid object.
WARNING: [Vivado 12-584] No ports matched 'hex_gridB[1]'. [C:/Poker/graphics/pin_assignment/mb_usb_hdmi_top.xdc:41]
CRITICAL WARNING: [Common 17-55] 'set_property' expects at least one object. [C:/Poker/graphics/pin_assignment/mb_usb_hdmi_top.xdc:41]
Resolution: If [get_<value>] was used to populate the object, check to make sure this command returns at least one valid object.
WARNING: [Vivado 12-584] No ports matched 'hex_gridB[0]'. [C:/Poker/graphics/pin_assignment/mb_usb_hdmi_top.xdc:42]
CRITICAL WARNING: [Common 17-55] 'set_property' expects at least one object. [C:/Poker/graphics/pin_assignment/mb_usb_hdmi_top.xdc:42]
Resolution: If [get_<value>] was used to populate the object, check to make sure this command returns at least one valid object.
WARNING: [Vivado 12-584] No ports matched 'hex_segA[7]'. [C:/Poker/graphics/pin_assignment/mb_usb_hdmi_top.xdc:43]
CRITICAL WARNING: [Common 17-55] 'set_property' expects at least one object. [C:/Poker/graphics/pin_assignment/mb_usb_hdmi_top.xdc:43]
Resolution: If [get_<value>] was used to populate the object, check to make sure this command returns at least one valid object.
WARNING: [Vivado 12-584] No ports matched 'hex_segA[6]'. [C:/Poker/graphics/pin_assignment/mb_usb_hdmi_top.xdc:44]
CRITICAL WARNING: [Common 17-55] 'set_property' expects at least one object. [C:/Poker/graphics/pin_assignment/mb_usb_hdmi_top.xdc:44]
Resolution: If [get_<value>] was used to populate the object, check to make sure this command returns at least one valid object.
WARNING: [Vivado 12-584] No ports matched 'hex_segA[5]'. [C:/Poker/graphics/pin_assignment/mb_usb_hdmi_top.xdc:45]
CRITICAL WARNING: [Common 17-55] 'set_property' expects at least one object. [C:/Poker/graphics/pin_assignment/mb_usb_hdmi_top.xdc:45]
Resolution: If [get_<value>] was used to populate the object, check to make sure this command returns at least one valid object.
WARNING: [Vivado 12-584] No ports matched 'hex_segA[4]'. [C:/Poker/graphics/pin_assignment/mb_usb_hdmi_top.xdc:46]
CRITICAL WARNING: [Common 17-55] 'set_property' expects at least one object. [C:/Poker/graphics/pin_assignment/mb_usb_hdmi_top.xdc:46]
Resolution: If [get_<value>] was used to populate the object, check to make sure this command returns at least one valid object.
WARNING: [Vivado 12-584] No ports matched 'hex_segA[3]'. [C:/Poker/graphics/pin_assignment/mb_usb_hdmi_top.xdc:47]
CRITICAL WARNING: [Common 17-55] 'set_property' expects at least one object. [C:/Poker/graphics/pin_assignment/mb_usb_hdmi_top.xdc:47]
Resolution: If [get_<value>] was used to populate the object, check to make sure this command returns at least one valid object.
WARNING: [Vivado 12-584] No ports matched 'hex_segA[2]'. [C:/Poker/graphics/pin_assignment/mb_usb_hdmi_top.xdc:48]
CRITICAL WARNING: [Common 17-55] 'set_property' expects at least one object. [C:/Poker/graphics/pin_assignment/mb_usb_hdmi_top.xdc:48]
Resolution: If [get_<value>] was used to populate the object, check to make sure this command returns at least one valid object.
WARNING: [Vivado 12-584] No ports matched 'hex_segA[1]'. [C:/Poker/graphics/pin_assignment/mb_usb_hdmi_top.xdc:49]
CRITICAL WARNING: [Common 17-55] 'set_property' expects at least one object. [C:/Poker/graphics/pin_assignment/mb_usb_hdmi_top.xdc:49]
Resolution: If [get_<value>] was used to populate the object, check to make sure this command returns at least one valid object.
WARNING: [Vivado 12-584] No ports matched 'hex_segA[0]'. [C:/Poker/graphics/pin_assignment/mb_usb_hdmi_top.xdc:50]
CRITICAL WARNING: [Common 17-55] 'set_property' expects at least one object. [C:/Poker/graphics/pin_assignment/mb_usb_hdmi_top.xdc:50]
Resolution: If [get_<value>] was used to populate the object, check to make sure this command returns at least one valid object.
WARNING: [Vivado 12-584] No ports matched 'hex_segB[7]'. [C:/Poker/graphics/pin_assignment/mb_usb_hdmi_top.xdc:51]
CRITICAL WARNING: [Common 17-55] 'set_property' expects at least one object. [C:/Poker/graphics/pin_assignment/mb_usb_hdmi_top.xdc:51]
Resolution: If [get_<value>] was used to populate the object, check to make sure this command returns at least one valid object.
WARNING: [Vivado 12-584] No ports matched 'hex_segB[6]'. [C:/Poker/graphics/pin_assignment/mb_usb_hdmi_top.xdc:52]
CRITICAL WARNING: [Common 17-55] 'set_property' expects at least one object. [C:/Poker/graphics/pin_assignment/mb_usb_hdmi_top.xdc:52]
Resolution: If [get_<value>] was used to populate the object, check to make sure this command returns at least one valid object.
WARNING: [Vivado 12-584] No ports matched 'hex_segB[5]'. [C:/Poker/graphics/pin_assignment/mb_usb_hdmi_top.xdc:53]
CRITICAL WARNING: [Common 17-55] 'set_property' expects at least one object. [C:/Poker/graphics/pin_assignment/mb_usb_hdmi_top.xdc:53]
Resolution: If [get_<value>] was used to populate the object, check to make sure this command returns at least one valid object.
WARNING: [Vivado 12-584] No ports matched 'hex_segB[4]'. [C:/Poker/graphics/pin_assignment/mb_usb_hdmi_top.xdc:54]
CRITICAL WARNING: [Common 17-55] 'set_property' expects at least one object. [C:/Poker/graphics/pin_assignment/mb_usb_hdmi_top.xdc:54]
Resolution: If [get_<value>] was used to populate the object, check to make sure this command returns at least one valid object.
WARNING: [Vivado 12-584] No ports matched 'hex_segB[3]'. [C:/Poker/graphics/pin_assignment/mb_usb_hdmi_top.xdc:55]
CRITICAL WARNING: [Common 17-55] 'set_property' expects at least one object. [C:/Poker/graphics/pin_assignment/mb_usb_hdmi_top.xdc:55]
Resolution: If [get_<value>] was used to populate the object, check to make sure this command returns at least one valid object.
WARNING: [Vivado 12-584] No ports matched 'hex_segB[2]'. [C:/Poker/graphics/pin_assignment/mb_usb_hdmi_top.xdc:56]
CRITICAL WARNING: [Common 17-55] 'set_property' expects at least one object. [C:/Poker/graphics/pin_assignment/mb_usb_hdmi_top.xdc:56]
Resolution: If [get_<value>] was used to populate the object, check to make sure this command returns at least one valid object.
WARNING: [Vivado 12-584] No ports matched 'hex_segB[1]'. [C:/Poker/graphics/pin_assignment/mb_usb_hdmi_top.xdc:57]
CRITICAL WARNING: [Common 17-55] 'set_property' expects at least one object. [C:/Poker/graphics/pin_assignment/mb_usb_hdmi_top.xdc:57]
Resolution: If [get_<value>] was used to populate the object, check to make sure this command returns at least one valid object.
WARNING: [Vivado 12-584] No ports matched 'hex_segB[0]'. [C:/Poker/graphics/pin_assignment/mb_usb_hdmi_top.xdc:58]
CRITICAL WARNING: [Common 17-55] 'set_property' expects at least one object. [C:/Poker/graphics/pin_assignment/mb_usb_hdmi_top.xdc:58]
Resolution: If [get_<value>] was used to populate the object, check to make sure this command returns at least one valid object.
WARNING: [Vivado 12-584] No ports matched 'hex_gridA[0]'. [C:/Poker/graphics/pin_assignment/mb_usb_hdmi_top.xdc:59]
CRITICAL WARNING: [Common 17-55] 'set_property' expects at least one object. [C:/Poker/graphics/pin_assignment/mb_usb_hdmi_top.xdc:59]
Resolution: If [get_<value>] was used to populate the object, check to make sure this command returns at least one valid object.
WARNING: [Vivado 12-584] No ports matched 'hex_gridA[1]'. [C:/Poker/graphics/pin_assignment/mb_usb_hdmi_top.xdc:60]
CRITICAL WARNING: [Common 17-55] 'set_property' expects at least one object. [C:/Poker/graphics/pin_assignment/mb_usb_hdmi_top.xdc:60]
Resolution: If [get_<value>] was used to populate the object, check to make sure this command returns at least one valid object.
WARNING: [Vivado 12-584] No ports matched 'hex_gridA[2]'. [C:/Poker/graphics/pin_assignment/mb_usb_hdmi_top.xdc:61]
CRITICAL WARNING: [Common 17-55] 'set_property' expects at least one object. [C:/Poker/graphics/pin_assignment/mb_usb_hdmi_top.xdc:61]
Resolution: If [get_<value>] was used to populate the object, check to make sure this command returns at least one valid object.
WARNING: [Vivado 12-584] No ports matched 'hex_gridA[3]'. [C:/Poker/graphics/pin_assignment/mb_usb_hdmi_top.xdc:62]
CRITICAL WARNING: [Common 17-55] 'set_property' expects at least one object. [C:/Poker/graphics/pin_assignment/mb_usb_hdmi_top.xdc:62]
Resolution: If [get_<value>] was used to populate the object, check to make sure this command returns at least one valid object.
WARNING: [Vivado 12-584] No ports matched 'hex_segA[0]'. [C:/Poker/graphics/pin_assignment/mb_usb_hdmi_top.xdc:63]
CRITICAL WARNING: [Common 17-55] 'set_property' expects at least one object. [C:/Poker/graphics/pin_assignment/mb_usb_hdmi_top.xdc:63]
Resolution: If [get_<value>] was used to populate the object, check to make sure this command returns at least one valid object.
WARNING: [Vivado 12-584] No ports matched 'hex_segA[1]'. [C:/Poker/graphics/pin_assignment/mb_usb_hdmi_top.xdc:64]
CRITICAL WARNING: [Common 17-55] 'set_property' expects at least one object. [C:/Poker/graphics/pin_assignment/mb_usb_hdmi_top.xdc:64]
Resolution: If [get_<value>] was used to populate the object, check to make sure this command returns at least one valid object.
WARNING: [Vivado 12-584] No ports matched 'hex_segA[2]'. [C:/Poker/graphics/pin_assignment/mb_usb_hdmi_top.xdc:65]
CRITICAL WARNING: [Common 17-55] 'set_property' expects at least one object. [C:/Poker/graphics/pin_assignment/mb_usb_hdmi_top.xdc:65]
Resolution: If [get_<value>] was used to populate the object, check to make sure this command returns at least one valid object.
WARNING: [Vivado 12-584] No ports matched 'hex_segA[3]'. [C:/Poker/graphics/pin_assignment/mb_usb_hdmi_top.xdc:66]
CRITICAL WARNING: [Common 17-55] 'set_property' expects at least one object. [C:/Poker/graphics/pin_assignment/mb_usb_hdmi_top.xdc:66]
Resolution: If [get_<value>] was used to populate the object, check to make sure this command returns at least one valid object.
WARNING: [Vivado 12-584] No ports matched 'hex_segA[4]'. [C:/Poker/graphics/pin_assignment/mb_usb_hdmi_top.xdc:67]
CRITICAL WARNING: [Common 17-55] 'set_property' expects at least one object. [C:/Poker/graphics/pin_assignment/mb_usb_hdmi_top.xdc:67]
Resolution: If [get_<value>] was used to populate the object, check to make sure this command returns at least one valid object.
WARNING: [Vivado 12-584] No ports matched 'hex_segA[5]'. [C:/Poker/graphics/pin_assignment/mb_usb_hdmi_top.xdc:68]
CRITICAL WARNING: [Common 17-55] 'set_property' expects at least one object. [C:/Poker/graphics/pin_assignment/mb_usb_hdmi_top.xdc:68]
Resolution: If [get_<value>] was used to populate the object, check to make sure this command returns at least one valid object.
WARNING: [Vivado 12-584] No ports matched 'hex_segA[6]'. [C:/Poker/graphics/pin_assignment/mb_usb_hdmi_top.xdc:69]
CRITICAL WARNING: [Common 17-55] 'set_property' expects at least one object. [C:/Poker/graphics/pin_assignment/mb_usb_hdmi_top.xdc:69]
Resolution: If [get_<value>] was used to populate the object, check to make sure this command returns at least one valid object.
WARNING: [Vivado 12-584] No ports matched 'hex_segA[7]'. [C:/Poker/graphics/pin_assignment/mb_usb_hdmi_top.xdc:70]
CRITICAL WARNING: [Common 17-55] 'set_property' expects at least one object. [C:/Poker/graphics/pin_assignment/mb_usb_hdmi_top.xdc:70]
Resolution: If [get_<value>] was used to populate the object, check to make sure this command returns at least one valid object.
WARNING: [Vivado 12-584] No ports matched 'hex_segB[0]'. [C:/Poker/graphics/pin_assignment/mb_usb_hdmi_top.xdc:71]
CRITICAL WARNING: [Common 17-55] 'set_property' expects at least one object. [C:/Poker/graphics/pin_assignment/mb_usb_hdmi_top.xdc:71]
Resolution: If [get_<value>] was used to populate the object, check to make sure this command returns at least one valid object.
WARNING: [Vivado 12-584] No ports matched 'hex_segB[1]'. [C:/Poker/graphics/pin_assignment/mb_usb_hdmi_top.xdc:72]
CRITICAL WARNING: [Common 17-55] 'set_property' expects at least one object. [C:/Poker/graphics/pin_assignment/mb_usb_hdmi_top.xdc:72]
Resolution: If [get_<value>] was used to populate the object, check to make sure this command returns at least one valid object.
WARNING: [Vivado 12-584] No ports matched 'hex_segB[2]'. [C:/Poker/graphics/pin_assignment/mb_usb_hdmi_top.xdc:73]
CRITICAL WARNING: [Common 17-55] 'set_property' expects at least one object. [C:/Poker/graphics/pin_assignment/mb_usb_hdmi_top.xdc:73]
Resolution: If [get_<value>] was used to populate the object, check to make sure this command returns at least one valid object.
WARNING: [Vivado 12-584] No ports matched 'hex_segB[3]'. [C:/Poker/graphics/pin_assignment/mb_usb_hdmi_top.xdc:74]
CRITICAL WARNING: [Common 17-55] 'set_property' expects at least one object. [C:/Poker/graphics/pin_assignment/mb_usb_hdmi_top.xdc:74]
Resolution: If [get_<value>] was used to populate the object, check to make sure this command returns at least one valid object.
WARNING: [Vivado 12-584] No ports matched 'hex_segB[4]'. [C:/Poker/graphics/pin_assignment/mb_usb_hdmi_top.xdc:75]
CRITICAL WARNING: [Common 17-55] 'set_property' expects at least one object. [C:/Poker/graphics/pin_assignment/mb_usb_hdmi_top.xdc:75]
Resolution: If [get_<value>] was used to populate the object, check to make sure this command returns at least one valid object.
WARNING: [Vivado 12-584] No ports matched 'hex_segB[5]'. [C:/Poker/graphics/pin_assignment/mb_usb_hdmi_top.xdc:76]
CRITICAL WARNING: [Common 17-55] 'set_property' expects at least one object. [C:/Poker/graphics/pin_assignment/mb_usb_hdmi_top.xdc:76]
Resolution: If [get_<value>] was used to populate the object, check to make sure this command returns at least one valid object.
WARNING: [Vivado 12-584] No ports matched 'hex_segB[6]'. [C:/Poker/graphics/pin_assignment/mb_usb_hdmi_top.xdc:77]
CRITICAL WARNING: [Common 17-55] 'set_property' expects at least one object. [C:/Poker/graphics/pin_assignment/mb_usb_hdmi_top.xdc:77]
Resolution: If [get_<value>] was used to populate the object, check to make sure this command returns at least one valid object.
WARNING: [Vivado 12-584] No ports matched 'hex_segB[7]'. [C:/Poker/graphics/pin_assignment/mb_usb_hdmi_top.xdc:78]
CRITICAL WARNING: [Common 17-55] 'set_property' expects at least one object. [C:/Poker/graphics/pin_assignment/mb_usb_hdmi_top.xdc:78]
Resolution: If [get_<value>] was used to populate the object, check to make sure this command returns at least one valid object.
WARNING: [Vivado 12-584] No ports matched 'hex_gridB[0]'. [C:/Poker/graphics/pin_assignment/mb_usb_hdmi_top.xdc:79]
CRITICAL WARNING: [Common 17-55] 'set_property' expects at least one object. [C:/Poker/graphics/pin_assignment/mb_usb_hdmi_top.xdc:79]
Resolution: If [get_<value>] was used to populate the object, check to make sure this command returns at least one valid object.
WARNING: [Vivado 12-584] No ports matched 'hex_gridB[1]'. [C:/Poker/graphics/pin_assignment/mb_usb_hdmi_top.xdc:80]
CRITICAL WARNING: [Common 17-55] 'set_property' expects at least one object. [C:/Poker/graphics/pin_assignment/mb_usb_hdmi_top.xdc:80]
Resolution: If [get_<value>] was used to populate the object, check to make sure this command returns at least one valid object.
WARNING: [Vivado 12-584] No ports matched 'hex_gridB[2]'. [C:/Poker/graphics/pin_assignment/mb_usb_hdmi_top.xdc:81]
CRITICAL WARNING: [Common 17-55] 'set_property' expects at least one object. [C:/Poker/graphics/pin_assignment/mb_usb_hdmi_top.xdc:81]
Resolution: If [get_<value>] was used to populate the object, check to make sure this command returns at least one valid object.
WARNING: [Vivado 12-584] No ports matched 'hex_gridB[3]'. [C:/Poker/graphics/pin_assignment/mb_usb_hdmi_top.xdc:82]
CRITICAL WARNING: [Common 17-55] 'set_property' expects at least one object. [C:/Poker/graphics/pin_assignment/mb_usb_hdmi_top.xdc:82]
Resolution: If [get_<value>] was used to populate the object, check to make sure this command returns at least one valid object.
WARNING: [Vivado 12-584] No ports matched 'hdmi_tmds_clk_n'. [C:/Poker/graphics/pin_assignment/mb_usb_hdmi_top.xdc:87]
CRITICAL WARNING: [Common 17-55] 'set_property' expects at least one object. [C:/Poker/graphics/pin_assignment/mb_usb_hdmi_top.xdc:87]
Resolution: If [get_<value>] was used to populate the object, check to make sure this command returns at least one valid object.
WARNING: [Vivado 12-584] No ports matched 'hdmi_tmds_clk_p'. [C:/Poker/graphics/pin_assignment/mb_usb_hdmi_top.xdc:88]
CRITICAL WARNING: [Common 17-55] 'set_property' expects at least one object. [C:/Poker/graphics/pin_assignment/mb_usb_hdmi_top.xdc:88]
Resolution: If [get_<value>] was used to populate the object, check to make sure this command returns at least one valid object.
WARNING: [Vivado 12-584] No ports matched 'hdmi_tmds_data_n[0]'. [C:/Poker/graphics/pin_assignment/mb_usb_hdmi_top.xdc:90]
CRITICAL WARNING: [Common 17-55] 'set_property' expects at least one object. [C:/Poker/graphics/pin_assignment/mb_usb_hdmi_top.xdc:90]
Resolution: If [get_<value>] was used to populate the object, check to make sure this command returns at least one valid object.
WARNING: [Vivado 12-584] No ports matched 'hdmi_tmds_data_n[1]'. [C:/Poker/graphics/pin_assignment/mb_usb_hdmi_top.xdc:91]
CRITICAL WARNING: [Common 17-55] 'set_property' expects at least one object. [C:/Poker/graphics/pin_assignment/mb_usb_hdmi_top.xdc:91]
Resolution: If [get_<value>] was used to populate the object, check to make sure this command returns at least one valid object.
WARNING: [Vivado 12-584] No ports matched 'hdmi_tmds_data_n[2]'. [C:/Poker/graphics/pin_assignment/mb_usb_hdmi_top.xdc:92]
CRITICAL WARNING: [Common 17-55] 'set_property' expects at least one object. [C:/Poker/graphics/pin_assignment/mb_usb_hdmi_top.xdc:92]
Resolution: If [get_<value>] was used to populate the object, check to make sure this command returns at least one valid object.
WARNING: [Vivado 12-584] No ports matched 'hdmi_tmds_data_p[0]'. [C:/Poker/graphics/pin_assignment/mb_usb_hdmi_top.xdc:94]
CRITICAL WARNING: [Common 17-55] 'set_property' expects at least one object. [C:/Poker/graphics/pin_assignment/mb_usb_hdmi_top.xdc:94]
Resolution: If [get_<value>] was used to populate the object, check to make sure this command returns at least one valid object.
WARNING: [Vivado 12-584] No ports matched 'hdmi_tmds_data_p[1]'. [C:/Poker/graphics/pin_assignment/mb_usb_hdmi_top.xdc:95]
CRITICAL WARNING: [Common 17-55] 'set_property' expects at least one object. [C:/Poker/graphics/pin_assignment/mb_usb_hdmi_top.xdc:95]
Resolution: If [get_<value>] was used to populate the object, check to make sure this command returns at least one valid object.
WARNING: [Vivado 12-584] No ports matched 'hdmi_tmds_data_p[2]'. [C:/Poker/graphics/pin_assignment/mb_usb_hdmi_top.xdc:96]
CRITICAL WARNING: [Common 17-55] 'set_property' expects at least one object. [C:/Poker/graphics/pin_assignment/mb_usb_hdmi_top.xdc:96]
Resolution: If [get_<value>] was used to populate the object, check to make sure this command returns at least one valid object.
Finished Parsing XDC File [C:/Poker/graphics/pin_assignment/mb_usb_hdmi_top.xdc]
INFO: [Opt 31-138] Pushed 0 inverter(s) to 0 load pin(s).
Netlist sorting complete. Time (s): cpu = 00:00:00 ; elapsed = 00:00:00 . Memory (MB): peak = 895.848 ; gain = 0.000
INFO: [Project 1-111] Unisim Transformation Summary:
No Unisim elements were transformed.

10 Infos, 79 Warnings, 78 Critical Warnings and 0 Errors encountered.
link_design completed successfully
link_design: Time (s): cpu = 00:00:08 ; elapsed = 00:00:10 . Memory (MB): peak = 899.855 ; gain = 500.516
Command: opt_design
Attempting to get a license for feature 'Implementation' and/or device 'xc7s50'
INFO: [Common 17-349] Got license for feature 'Implementation' and/or device 'xc7s50'
Running DRC as a precondition to command opt_design

Starting DRC Task
INFO: [DRC 23-27] Running DRC with 2 threads
INFO: [Project 1-461] DRC finished with 0 Errors
INFO: [Project 1-462] Please refer to the DRC report (report_drc) for more information.

Time (s): cpu = 00:00:02 ; elapsed = 00:00:01 . Memory (MB): peak = 921.895 ; gain = 22.039

Starting Cache Timing Information Task
INFO: [Timing 38-35] Done setting XDC timing constraints.
Ending Cache Timing Information Task | Checksum: 1b3f712f6

Time (s): cpu = 00:00:11 ; elapsed = 00:00:13 . Memory (MB): peak = 1359.992 ; gain = 438.098

Starting Logic Optimization Task

Phase 1 Retarget
INFO: [Opt 31-138] Pushed 0 inverter(s) to 0 load pin(s).
INFO: [Opt 31-49] Retargeted 0 cell(s).
Phase 1 Retarget | Checksum: 1b3f712f6

Time (s): cpu = 00:00:00 ; elapsed = 00:00:00.101 . Memory (MB): peak = 1695.492 ; gain = 0.000
INFO: [Opt 31-389] Phase Retarget created 0 cells and removed 0 cells

Phase 2 Constant propagation
INFO: [Opt 31-138] Pushed 0 inverter(s) to 0 load pin(s).
Phase 2 Constant propagation | Checksum: 1b3f712f6

Time (s): cpu = 00:00:00 ; elapsed = 00:00:00.105 . Memory (MB): peak = 1695.492 ; gain = 0.000
INFO: [Opt 31-389] Phase Constant propagation created 0 cells and removed 0 cells

Phase 3 Sweep
Phase 3 Sweep | Checksum: 11672a4dd

Time (s): cpu = 00:00:00 ; elapsed = 00:00:00.118 . Memory (MB): peak = 1695.492 ; gain = 0.000
INFO: [Opt 31-389] Phase Sweep created 0 cells and removed 0 cells

Phase 4 BUFG optimization
Phase 4 BUFG optimization | Checksum: 11672a4dd

Time (s): cpu = 00:00:00 ; elapsed = 00:00:00.177 . Memory (MB): peak = 1695.492 ; gain = 0.000
INFO: [Opt 31-662] Phase BUFG optimization created 0 cells of which 0 are BUFGs and removed 0 cells.

Phase 5 Shift Register Optimization
INFO: [Opt 31-1064] SRL Remap converted 0 SRLs to 0 registers and converted 0 registers of register chains to 0 SRLs
Phase 5 Shift Register Optimization | Checksum: 11672a4dd

Time (s): cpu = 00:00:00 ; elapsed = 00:00:00.179 . Memory (MB): peak = 1695.492 ; gain = 0.000
INFO: [Opt 31-389] Phase Shift Register Optimization created 0 cells and removed 0 cells

Phase 6 Post Processing Netlist
Phase 6 Post Processing Netlist | Checksum: 11672a4dd

Time (s): cpu = 00:00:00 ; elapsed = 00:00:00.182 . Memory (MB): peak = 1695.492 ; gain = 0.000
INFO: [Opt 31-389] Phase Post Processing Netlist created 0 cells and removed 0 cells
Opt_design Change Summary
=========================


-------------------------------------------------------------------------------------------------------------------------
|  Phase                        |  #Cells created  |  #Cells Removed  |  #Constrained objects preventing optimizations  |
-------------------------------------------------------------------------------------------------------------------------
|  Retarget                     |               0  |               0  |                                              0  |
|  Constant propagation         |               0  |               0  |                                              0  |
|  Sweep                        |               0  |               0  |                                              0  |
|  BUFG optimization            |               0  |               0  |                                              0  |
|  Shift Register Optimization  |               0  |               0  |                                              0  |
|  Post Processing Netlist      |               0  |               0  |                                              0  |
-------------------------------------------------------------------------------------------------------------------------



Starting Connectivity Check Task

Time (s): cpu = 00:00:00 ; elapsed = 00:00:00.001 . Memory (MB): peak = 1695.492 ; gain = 0.000
Ending Logic Optimization Task | Checksum: cb5158ac

Time (s): cpu = 00:00:00 ; elapsed = 00:00:00.188 . Memory (MB): peak = 1695.492 ; gain = 0.000

Starting Power Optimization Task
INFO: [Pwropt 34-132] Skipping clock gating for clocks with a period < 2.00 ns.
Ending Power Optimization Task | Checksum: cb5158ac

Time (s): cpu = 00:00:00 ; elapsed = 00:00:00.024 . Memory (MB): peak = 1695.492 ; gain = 0.000

Starting Final Cleanup Task
Ending Final Cleanup Task | Checksum: cb5158ac

Time (s): cpu = 00:00:00 ; elapsed = 00:00:00 . Memory (MB): peak = 1695.492 ; gain = 0.000

Starting Netlist Obfuscation Task
Netlist sorting complete. Time (s): cpu = 00:00:00 ; elapsed = 00:00:00 . Memory (MB): peak = 1695.492 ; gain = 0.000
Ending Netlist Obfuscation Task | Checksum: cb5158ac

Time (s): cpu = 00:00:00 ; elapsed = 00:00:00 . Memory (MB): peak = 1695.492 ; gain = 0.000
INFO: [Common 17-83] Releasing license: Implementation
27 Infos, 79 Warnings, 78 Critical Warnings and 0 Errors encountered.
opt_design completed successfully
opt_design: Time (s): cpu = 00:00:18 ; elapsed = 00:00:19 . Memory (MB): peak = 1695.492 ; gain = 795.637
INFO: [Timing 38-480] Writing timing data to binary archive.
Writing XDEF routing.
Writing XDEF routing logical nets.
Writing XDEF routing special nets.
Write XDEF Complete: Time (s): cpu = 00:00:00 ; elapsed = 00:00:00.053 . Memory (MB): peak = 1695.492 ; gain = 0.000
INFO: [Common 17-1381] The checkpoint 'C:/Poker/anna_poker/anna_poker.runs/impl_1/hex_driver_opt.dcp' has been generated.
INFO: [runtcl-4] Executing : report_drc -file hex_driver_drc_opted.rpt -pb hex_driver_drc_opted.pb -rpx hex_driver_drc_opted.rpx
Command: report_drc -file hex_driver_drc_opted.rpt -pb hex_driver_drc_opted.pb -rpx hex_driver_drc_opted.rpx
INFO: [IP_Flow 19-1839] IP Catalog is up to date.
INFO: [DRC 23-27] Running DRC with 2 threads
INFO: [Vivado_Tcl 2-168] The results of DRC are in file C:/Poker/anna_poker/anna_poker.runs/impl_1/hex_driver_drc_opted.rpt.
report_drc completed successfully
Command: place_design
Attempting to get a license for feature 'Implementation' and/or device 'xc7s50'
INFO: [Common 17-349] Got license for feature 'Implementation' and/or device 'xc7s50'
INFO: [DRC 23-27] Running DRC with 2 threads
INFO: [Vivado_Tcl 4-198] DRC finished with 0 Errors
INFO: [Vivado_Tcl 4-199] Please refer to the DRC report (report_drc) for more information.
Running DRC as a precondition to command place_design
INFO: [DRC 23-27] Running DRC with 2 threads
INFO: [Vivado_Tcl 4-198] DRC finished with 0 Errors
INFO: [Vivado_Tcl 4-199] Please refer to the DRC report (report_drc) for more information.

Starting Placer Task
INFO: [Place 30-611] Multithreading enabled for place_design using a maximum of 2 CPUs

Phase 1 Placer Initialization

Phase 1.1 Placer Initialization Netlist Sorting
Netlist sorting complete. Time (s): cpu = 00:00:00 ; elapsed = 00:00:00.001 . Memory (MB): peak = 1695.492 ; gain = 0.000
Phase 1.1 Placer Initialization Netlist Sorting | Checksum: 5710bd94

Time (s): cpu = 00:00:00 ; elapsed = 00:00:00.031 . Memory (MB): peak = 1695.492 ; gain = 0.000
Netlist sorting complete. Time (s): cpu = 00:00:00 ; elapsed = 00:00:00.001 . Memory (MB): peak = 1695.492 ; gain = 0.000

Phase 1.2 IO Placement/ Clock Placement/ Build Placer Device
INFO: [Timing 38-35] Done setting XDC timing constraints.
Phase 1.2 IO Placement/ Clock Placement/ Build Placer Device | Checksum: dcbe14f7

Time (s): cpu = 00:00:01 ; elapsed = 00:00:00.510 . Memory (MB): peak = 1695.492 ; gain = 0.000

Phase 1.3 Build Placer Netlist Model
Phase 1.3 Build Placer Netlist Model | Checksum: 13f8016f8

Time (s): cpu = 00:00:01 ; elapsed = 00:00:00.648 . Memory (MB): peak = 1695.492 ; gain = 0.000

Phase 1.4 Constrain Clocks/Macros
Phase 1.4 Constrain Clocks/Macros | Checksum: 13f8016f8

Time (s): cpu = 00:00:01 ; elapsed = 00:00:00.664 . Memory (MB): peak = 1695.492 ; gain = 0.000
Phase 1 Placer Initialization | Checksum: 13f8016f8

Time (s): cpu = 00:00:01 ; elapsed = 00:00:00.679 . Memory (MB): peak = 1695.492 ; gain = 0.000

Phase 2 Global Placement

Phase 2.1 Floorplanning
Phase 2.1 Floorplanning | Checksum: 13f8016f8

Time (s): cpu = 00:00:01 ; elapsed = 00:00:00.716 . Memory (MB): peak = 1695.492 ; gain = 0.000

Phase 2.2 Update Timing before SLR Path Opt
Phase 2.2 Update Timing before SLR Path Opt | Checksum: 13f8016f8

Time (s): cpu = 00:00:01 ; elapsed = 00:00:00.717 . Memory (MB): peak = 1695.492 ; gain = 0.000

Phase 2.3 Post-Processing in Floorplanning
Phase 2.3 Post-Processing in Floorplanning | Checksum: 13f8016f8

Time (s): cpu = 00:00:01 ; elapsed = 00:00:00.717 . Memory (MB): peak = 1695.492 ; gain = 0.000

Phase 2.4 Global Placement Core
WARNING: [Place 46-29] Timing had been disabled during Placer and, therefore, physical synthesis in Placer will be skipped.
Phase 2.4 Global Placement Core | Checksum: 18c9b535a

Time (s): cpu = 00:00:03 ; elapsed = 00:00:03 . Memory (MB): peak = 1695.492 ; gain = 0.000
Phase 2 Global Placement | Checksum: 18c9b535a

Time (s): cpu = 00:00:03 ; elapsed = 00:00:03 . Memory (MB): peak = 1695.492 ; gain = 0.000

Phase 3 Detail Placement

Phase 3.1 Commit Multi Column Macros
Phase 3.1 Commit Multi Column Macros | Checksum: 18c9b535a

Time (s): cpu = 00:00:03 ; elapsed = 00:00:03 . Memory (MB): peak = 1695.492 ; gain = 0.000

Phase 3.2 Commit Most Macros & LUTRAMs
Phase 3.2 Commit Most Macros & LUTRAMs | Checksum: 152eb747a

Time (s): cpu = 00:00:03 ; elapsed = 00:00:03 . Memory (MB): peak = 1695.492 ; gain = 0.000

Phase 3.3 Area Swap Optimization
Phase 3.3 Area Swap Optimization | Checksum: 197a22bdd

Time (s): cpu = 00:00:03 ; elapsed = 00:00:03 . Memory (MB): peak = 1695.492 ; gain = 0.000

Phase 3.4 Pipeline Register Optimization
Phase 3.4 Pipeline Register Optimization | Checksum: 197a22bdd

Time (s): cpu = 00:00:03 ; elapsed = 00:00:03 . Memory (MB): peak = 1695.492 ; gain = 0.000

Phase 3.5 Small Shape Detail Placement
Phase 3.5 Small Shape Detail Placement | Checksum: 177c915e2

Time (s): cpu = 00:00:03 ; elapsed = 00:00:03 . Memory (MB): peak = 1695.492 ; gain = 0.000

Phase 3.6 Re-assign LUT pins
Phase 3.6 Re-assign LUT pins | Checksum: 177c915e2

Time (s): cpu = 00:00:03 ; elapsed = 00:00:03 . Memory (MB): peak = 1695.492 ; gain = 0.000

Phase 3.7 Pipeline Register Optimization
Phase 3.7 Pipeline Register Optimization | Checksum: 177c915e2

Time (s): cpu = 00:00:03 ; elapsed = 00:00:03 . Memory (MB): peak = 1695.492 ; gain = 0.000
Phase 3 Detail Placement | Checksum: 177c915e2

Time (s): cpu = 00:00:03 ; elapsed = 00:00:03 . Memory (MB): peak = 1695.492 ; gain = 0.000

Phase 4 Post Placement Optimization and Clean-Up

Phase 4.1 Post Commit Optimization
Phase 4.1 Post Commit Optimization | Checksum: 177c915e2

Time (s): cpu = 00:00:03 ; elapsed = 00:00:03 . Memory (MB): peak = 1695.492 ; gain = 0.000

Phase 4.2 Post Placement Cleanup
Phase 4.2 Post Placement Cleanup | Checksum: 177c915e2

Time (s): cpu = 00:00:03 ; elapsed = 00:00:03 . Memory (MB): peak = 1695.492 ; gain = 0.000

Phase 4.3 Placer Reporting

Phase 4.3.1 Print Estimated Congestion
INFO: [Place 30-612] Post-Placement Estimated Congestion 
 ____________________________________________________
|           | Global Congestion | Short Congestion  |
| Direction | Region Size       | Region Size       |
|___________|___________________|___________________|
|      North|                1x1|                1x1|
|___________|___________________|___________________|
|      South|                1x1|                1x1|
|___________|___________________|___________________|
|       East|                1x1|                1x1|
|___________|___________________|___________________|
|       West|                1x1|                1x1|
|___________|___________________|___________________|

Phase 4.3.1 Print Estimated Congestion | Checksum: 177c915e2

Time (s): cpu = 00:00:03 ; elapsed = 00:00:03 . Memory (MB): peak = 1695.492 ; gain = 0.000
Phase 4.3 Placer Reporting | Checksum: 177c915e2

Time (s): cpu = 00:00:03 ; elapsed = 00:00:03 . Memory (MB): peak = 1695.492 ; gain = 0.000

Phase 4.4 Final Placement Cleanup
Netlist sorting complete. Time (s): cpu = 00:00:00 ; elapsed = 00:00:00 . Memory (MB): peak = 1695.492 ; gain = 0.000

Time (s): cpu = 00:00:03 ; elapsed = 00:00:03 . Memory (MB): peak = 1695.492 ; gain = 0.000
Phase 4 Post Placement Optimization and Clean-Up | Checksum: 177c915e2

Time (s): cpu = 00:00:03 ; elapsed = 00:00:03 . Memory (MB): peak = 1695.492 ; gain = 0.000
Ending Placer Task | Checksum: 12d7c4505

Time (s): cpu = 00:00:03 ; elapsed = 00:00:03 . Memory (MB): peak = 1695.492 ; gain = 0.000
INFO: [Common 17-83] Releasing license: Implementation
44 Infos, 80 Warnings, 78 Critical Warnings and 0 Errors encountered.
place_design completed successfully
INFO: [Timing 38-480] Writing timing data to binary archive.
Writing XDEF routing.
Writing XDEF routing logical nets.
Writing XDEF routing special nets.
Write XDEF Complete: Time (s): cpu = 00:00:00 ; elapsed = 00:00:00.054 . Memory (MB): peak = 1695.492 ; gain = 0.000
INFO: [Common 17-1381] The checkpoint 'C:/Poker/anna_poker/anna_poker.runs/impl_1/hex_driver_placed.dcp' has been generated.
INFO: [runtcl-4] Executing : report_io -file hex_driver_io_placed.rpt
report_io: Time (s): cpu = 00:00:00 ; elapsed = 00:00:00.081 . Memory (MB): peak = 1695.492 ; gain = 0.000
INFO: [runtcl-4] Executing : report_utilization -file hex_driver_utilization_placed.rpt -pb hex_driver_utilization_placed.pb
INFO: [runtcl-4] Executing : report_control_sets -verbose -file hex_driver_control_sets_placed.rpt
report_control_sets: Time (s): cpu = 00:00:00 ; elapsed = 00:00:00.003 . Memory (MB): peak = 1695.492 ; gain = 0.000
Command: phys_opt_design
Attempting to get a license for feature 'Implementation' and/or device 'xc7s50'
INFO: [Common 17-349] Got license for feature 'Implementation' and/or device 'xc7s50'

Starting Initial Update Timing Task

Time (s): cpu = 00:00:00 ; elapsed = 00:00:00.016 . Memory (MB): peak = 1695.492 ; gain = 0.000
INFO: [Vivado_Tcl 4-235] No timing constraint found. The netlist was not modified.
INFO: [Common 17-83] Releasing license: Implementation
52 Infos, 80 Warnings, 78 Critical Warnings and 0 Errors encountered.
phys_opt_design completed successfully
INFO: [Timing 38-480] Writing timing data to binary archive.
Writing XDEF routing.
Writing XDEF routing logical nets.
Writing XDEF routing special nets.
Write XDEF Complete: Time (s): cpu = 00:00:00 ; elapsed = 00:00:00.051 . Memory (MB): peak = 1704.805 ; gain = 9.312
INFO: [Common 17-1381] The checkpoint 'C:/Poker/anna_poker/anna_poker.runs/impl_1/hex_driver_physopt.dcp' has been generated.
Command: route_design
Attempting to get a license for feature 'Implementation' and/or device 'xc7s50'
INFO: [Common 17-349] Got license for feature 'Implementation' and/or device 'xc7s50'
Running DRC as a precondition to command route_design
INFO: [DRC 23-27] Running DRC with 2 threads
INFO: [Vivado_Tcl 4-198] DRC finished with 0 Errors
INFO: [Vivado_Tcl 4-199] Please refer to the DRC report (report_drc) for more information.


Starting Routing Task
INFO: [Route 35-254] Multithreading enabled for route_design using a maximum of 2 CPUs

Phase 1 Build RT Design
Checksum: PlaceDB: fc035413 ConstDB: 0 ShapeSum: 3178f0f2 RouteDB: 0
Post Restoration Checksum: NetGraph: d510bfaf NumContArr: 6f699a95 Constraints: 0 Timing: 0
Phase 1 Build RT Design | Checksum: 1447a5a44

Time (s): cpu = 00:00:33 ; elapsed = 00:00:31 . Memory (MB): peak = 1782.301 ; gain = 67.398

Phase 2 Router Initialization
INFO: [Route 35-64] No timing constraints were detected. The router will operate in resource-optimization mode.

Phase 2.1 Fix Topology Constraints
Phase 2.1 Fix Topology Constraints | Checksum: 1447a5a44

Time (s): cpu = 00:00:33 ; elapsed = 00:00:31 . Memory (MB): peak = 1788.355 ; gain = 73.453

Phase 2.2 Pre Route Cleanup
Phase 2.2 Pre Route Cleanup | Checksum: 1447a5a44

Time (s): cpu = 00:00:33 ; elapsed = 00:00:31 . Memory (MB): peak = 1788.355 ; gain = 73.453
 Number of Nodes with overlaps = 0

Router Utilization Summary
  Global Vertical Routing Utilization    = 0 %
  Global Horizontal Routing Utilization  = 0 %
  Routable Net Status*
  *Does not include unroutable nets such as driverless and loadless.
  Run report_route_status for detailed report.
  Number of Failed Nets               = 77
    (Failed Nets is the sum of unrouted and partially routed nets)
  Number of Unrouted Nets             = 77
  Number of Partially Routed Nets     = 0
  Number of Node Overlaps             = 0

Phase 2 Router Initialization | Checksum: 1198f5340

Time (s): cpu = 00:00:33 ; elapsed = 00:00:31 . Memory (MB): peak = 1795.660 ; gain = 80.758

Phase 3 Initial Routing

Phase 3.1 Global Routing
Phase 3.1 Global Routing | Checksum: 1198f5340

Time (s): cpu = 00:00:33 ; elapsed = 00:00:31 . Memory (MB): peak = 1795.660 ; gain = 80.758
Phase 3 Initial Routing | Checksum: 6d45a2a9

Time (s): cpu = 00:00:33 ; elapsed = 00:00:31 . Memory (MB): peak = 1795.660 ; gain = 80.758

Phase 4 Rip-up And Reroute

Phase 4.1 Global Iteration 0
 Number of Nodes with overlaps = 2
 Number of Nodes with overlaps = 0
Phase 4.1 Global Iteration 0 | Checksum: 153e3a235

Time (s): cpu = 00:00:33 ; elapsed = 00:00:31 . Memory (MB): peak = 1795.660 ; gain = 80.758
Phase 4 Rip-up And Reroute | Checksum: 153e3a235

Time (s): cpu = 00:00:33 ; elapsed = 00:00:31 . Memory (MB): peak = 1795.660 ; gain = 80.758

Phase 5 Delay and Skew Optimization
Phase 5 Delay and Skew Optimization | Checksum: 153e3a235

Time (s): cpu = 00:00:33 ; elapsed = 00:00:31 . Memory (MB): peak = 1795.660 ; gain = 80.758

Phase 6 Post Hold Fix

Phase 6.1 Hold Fix Iter
Phase 6.1 Hold Fix Iter | Checksum: 153e3a235

Time (s): cpu = 00:00:33 ; elapsed = 00:00:31 . Memory (MB): peak = 1795.660 ; gain = 80.758
Phase 6 Post Hold Fix | Checksum: 153e3a235

Time (s): cpu = 00:00:33 ; elapsed = 00:00:31 . Memory (MB): peak = 1795.660 ; gain = 80.758

Phase 7 Route finalize

Router Utilization Summary
  Global Vertical Routing Utilization    = 0.0247947 %
  Global Horizontal Routing Utilization  = 0.0217335 %
  Routable Net Status*
  *Does not include unroutable nets such as driverless and loadless.
  Run report_route_status for detailed report.
  Number of Failed Nets               = 0
    (Failed Nets is the sum of unrouted and partially routed nets)
  Number of Unrouted Nets             = 0
  Number of Partially Routed Nets     = 0
  Number of Node Overlaps             = 0

Congestion Report
North Dir 1x1 Area, Max Cong = 22.5225%, No Congested Regions.
South Dir 1x1 Area, Max Cong = 9.00901%, No Congested Regions.
East Dir 1x1 Area, Max Cong = 17.6471%, No Congested Regions.
West Dir 1x1 Area, Max Cong = 13.2353%, No Congested Regions.

------------------------------
Reporting congestion hotspots
------------------------------
Direction: North
----------------
Congested clusters found at Level 0
Effective congestion level: 0 Aspect Ratio: 1 Sparse Ratio: 0
Direction: South
----------------
Congested clusters found at Level 0
Effective congestion level: 0 Aspect Ratio: 1 Sparse Ratio: 0
Direction: East
----------------
Congested clusters found at Level 0
Effective congestion level: 0 Aspect Ratio: 1 Sparse Ratio: 0
Direction: West
----------------
Congested clusters found at Level 0
Effective congestion level: 0 Aspect Ratio: 1 Sparse Ratio: 0

Phase 7 Route finalize | Checksum: 153e3a235

Time (s): cpu = 00:00:33 ; elapsed = 00:00:31 . Memory (MB): peak = 1795.660 ; gain = 80.758

Phase 8 Verifying routed nets

 Verification completed successfully
Phase 8 Verifying routed nets | Checksum: 153e3a235

Time (s): cpu = 00:00:33 ; elapsed = 00:00:31 . Memory (MB): peak = 1796.316 ; gain = 81.414

Phase 9 Depositing Routes
Phase 9 Depositing Routes | Checksum: df2de03c

Time (s): cpu = 00:00:33 ; elapsed = 00:00:31 . Memory (MB): peak = 1796.316 ; gain = 81.414
INFO: [Route 35-16] Router Completed Successfully

Time (s): cpu = 00:00:33 ; elapsed = 00:00:31 . Memory (MB): peak = 1796.316 ; gain = 81.414

Routing Is Done.
INFO: [Common 17-83] Releasing license: Implementation
62 Infos, 80 Warnings, 78 Critical Warnings and 0 Errors encountered.
route_design completed successfully
route_design: Time (s): cpu = 00:00:35 ; elapsed = 00:00:33 . Memory (MB): peak = 1796.316 ; gain = 91.512
INFO: [Timing 38-480] Writing timing data to binary archive.
Writing XDEF routing.
Writing XDEF routing logical nets.
Writing XDEF routing special nets.
Write XDEF Complete: Time (s): cpu = 00:00:01 ; elapsed = 00:00:00.068 . Memory (MB): peak = 1808.164 ; gain = 11.848
