Copyright 1986-2022 Xilinx, Inc. All Rights Reserved.
---------------------------------------------------------------------------------------
| Tool Version : Vivado v.2022.2 (win64) Build 3671981 Fri Oct 14 05:00:03 MDT 2022
| Date         : Thu May  8 15:47:28 2025
| Host         : DESKTOP-227SA2M running 64-bit major release  (build 9200)
| Command      : report_control_sets -verbose -file top_screen_control_sets_placed.rpt
| Design       : top_screen
| Device       : xc7s50
---------------------------------------------------------------------------------------

Control Set Information

Table of Contents
-----------------
1. Summary
2. Histogram
3. Flip-Flop Distribution
4. Detailed Control Set Information

1. Summary
----------

+----------------------------------------------------------+-------+
|                          Status                          | Count |
+----------------------------------------------------------+-------+
| Total control sets                                       |    12 |
|    Minimum number of control sets                        |    12 |
|    Addition due to synthesis replication                 |     0 |
|    Addition due to physical synthesis replication        |     0 |
| Unused register locations in slices containing registers |    60 |
+----------------------------------------------------------+-------+
* Control sets can be merged at opt_design using control_set_merge or merge_equivalent_drivers
** Run report_qor_suggestions for automated merging and remapping suggestions


2. Histogram
------------

+--------------------+-------+
|       Fanout       | Count |
+--------------------+-------+
| Total control sets |    12 |
| >= 0 to < 4        |     6 |
| >= 4 to < 6        |     2 |
| >= 6 to < 8        |     1 |
| >= 8 to < 10       |     0 |
| >= 10 to < 12      |     3 |
| >= 12 to < 14      |     0 |
| >= 14 to < 16      |     0 |
| >= 16              |     0 |
+--------------------+-------+
* Control sets can be remapped at either synth_design or opt_design


3. Flip-Flop Distribution
-------------------------

+--------------+-----------------------+------------------------+-----------------+--------------+
| Clock Enable | Synchronous Set/Reset | Asynchronous Set/Reset | Total Registers | Total Slices |
+--------------+-----------------------+------------------------+-----------------+--------------+
| No           | No                    | No                     |              46 |           25 |
| No           | No                    | Yes                    |               0 |            0 |
| No           | Yes                   | No                     |              14 |            7 |
| Yes          | No                    | No                     |               0 |            0 |
| Yes          | No                    | Yes                    |               0 |            0 |
| Yes          | Yes                   | No                     |               0 |            0 |
+--------------+-----------------------+------------------------+-----------------+--------------+


4. Detailed Control Set Information
-----------------------------------

+-----------------------------------------------+---------------+-----------------------------------+------------------+----------------+--------------+
|                  Clock Signal                 | Enable Signal |          Set/Reset Signal         | Slice Load Count | Bel Load Count | Bels / Slice |
+-----------------------------------------------+---------------+-----------------------------------+------------------+----------------+--------------+
| ~game_screen/card_texts/Green_reg[1]_i_1      |               | start_screen/AS[1]                |                1 |              1 |         1.00 |
| ~game_screen/card_texts/Green_reg[1]_i_1      |               | start_screen/AS[0]                |                1 |              1 |         1.00 |
|  start_screen/red_font057_out                 |               | start_screen/red_font0            |                1 |              2 |         2.00 |
| ~game_screen/card_texts/Green_reg[1]_i_1      |               | game_screen/card_texts/wait_state |                1 |              2 |         2.00 |
|  start_screen/Blue_reg[3]_i_1_n_0             |               | start_screen/Blue_reg[3]_i_2_n_0  |                1 |              3 |         3.00 |
|  start_screen/font_x_reg[2]_i_2_n_0           |               |                                   |                2 |              3 |         1.50 |
|                                               |               | wait_state_IBUF                   |                2 |              5 |         2.50 |
|  game_screen/card_texts/font_y_reg[4]_i_2_n_0 |               |                                   |                3 |              5 |         1.67 |
|  start_screen/Red_reg[3]_i_2_n_0              |               |                                   |                2 |              6 |         3.00 |
|  game_screen/card_texts/font_x__0             |               |                                   |                8 |             10 |         1.25 |
|  start_screen/font_address_reg[10]_i_2_n_0    |               |                                   |                3 |             11 |         3.67 |
|  wait_screen/E[0]                             |               |                                   |                7 |             11 |         1.57 |
+-----------------------------------------------+---------------+-----------------------------------+------------------+----------------+--------------+


